[36mâ ‹[39m Generating browser application bundles (phase: setup)...[2K[1G[36mâ ™[39m Generating browser application bundles (phase: setup)...[2K[1G[36mâ ¹[39m Generating browser application bundles (phase: building)...[2K[1G[36mâ ¸[39m Generating browser application bundles (phase: building)...[2K[1G[36mâ ¼[39m Generating browser application bundles (phase: building)...[2K[1G[36mâ ´[39m Generating browser application bundles (phase: building)...[2K[1G[36mâ ¦[39m Generating browser application bundles (phase: sealing)...[2K[1G[32mâœ”[39m Browser application bundle generation complete.
[37m[39m
[37m[0m[1mInitial Chunk Files[22m  [2m | [22m[1mNames[22m        [2m | [22m [1mRaw Size[22m[0m[39m
[37m[0m[92mvendor.js[39m[37m            [2m | [22mvendor       [2m | [22m  [96m1.88 MB[39m[37m[2m | [22m[0m[39m
[37m[0m[92mpolyfills.js[39m[37m         [2m | [22mpolyfills    [2m | [22m[96m299.97 kB[39m[37m[2m | [22m[0m[39m
[37m[0m[92mstyles.css, styles.js[39m[37m[2m | [22mstyles       [2m | [22m[96m173.34 kB[39m[37m[2m | [22m[0m[39m
[37m[0m[92mmain.js[39m[37m              [2m | [22mmain         [2m | [22m [96m12.92 kB[39m[37m[2m | [22m[0m[39m
[37m[0m[92mruntime.js[39m[37m           [2m | [22mruntime      [2m | [22m  [96m6.52 kB[39m[37m[2m | [22m[0m[39m
[37m[0m[0m[39m
[37m[0m[1m [22m                    [2m | [22m[1mInitial Total[22m[2m | [22m  [1m2.36 MB[22m[0m[39m
[37m[0m[0m[39m
[37m[0mBuild at: [1m[37m2022-02-20T23:03:02.868Z[39m[37m[22m - Hash: [1m[37mf113536ab6309722[39m[37m[22m - Time: [1m[37m2009[39m[37m[22mms[0m[39m
[37m[39m
[37m** Angular Live Development Server is listening on localhost:4200, open your browser on http://localhost:4200/ **[39m
[37m[39m
[37m[39m
[37m[92mâœ”[39m[37m Compiled successfully.[39m
[36mâ ‹[39m Generating browser application bundles...[2K[1G[36mâ ™[39m Generating browser application bundles (phase: building)...[2K[1G[36mâ ¹[39m Generating browser application bundles (phase: building)...[2K[1G[36mâ ¸[39m Generating browser application bundles (phase: building)...[2K[1G[36mâ ¼[39m Generating browser application bundles (phase: building)...[2K[1G[36mâ ´[39m Generating browser application bundles (phase: building)...[2K[1G[36mâ ¦[39m Generating browser application bundles (phase: sealing)...[2K[1G[36mâ §[39m Generating browser application bundles (phase: emitting)...[2K[1G[32mâœ”[39m Browser application bundle generation complete.
[37m[39m
[37m[0m[1mInitial Chunk Files[22m[2m | [22m[1mNames[22m  [2m | [22m[1mRaw Size[22m[0m[39m
[37m[0m[92mvendor.js[39m[37m          [2m | [22mvendor [2m | [22m [96m1.96 MB[39m[37m[2m | [22m[0m[39m
[37m[0m[92mmain.js[39m[37m            [2m | [22mmain   [2m | [22m[96m13.18 kB[39m[37m[2m | [22m[0m[39m
[37m[0m[92mruntime.js[39m[37m         [2m | [22mruntime[2m | [22m [96m6.52 kB[39m[37m[2m | [22m[0m[39m
[37m[0m[0m[39m
[37m[0m2 unchanged chunks[0m[39m
[37m[0m[0m[39m
[37m[0mBuild at: [1m[37m2022-02-20T23:06:01.849Z[39m[37m[22m - Hash: [1m[37m8a65b156e5e113e8[39m[37m[22m - Time: [1m[37m1609[39m[37m[22mms[0m[39m
[37m[39m
[37m[92mâœ”[39m[37m Compiled successfully.[39m
[36mâ ‹[39m Generating browser application bundles...[2K[1G[36mâ ™[39m Generating browser application bundles (phase: building)...[2K[1G[36mâ ¹[39m Generating browser application bundles (phase: building)...[2K[1G[36mâ ¸[39m Generating browser application bundles (phase: sealing)...[2K[1G[32mâœ”[39m Browser application bundle generation complete.
[37m[39m
[37m[0m5 unchanged chunks[0m[39m
[37m[0m[0m[39m
[37m[0mBuild at: [1m[37m2022-02-20T23:06:02.229Z[39m[37m[22m - Hash: [1m[37m8a65b156e5e113e8[39m[37m[22m - Time: [1m[37m343[39m[37m[22mms[0m[39m
[37m[39m
[37m[92mâœ”[39m[37m Compiled successfully.[39m
[36mâ ‹[39m Generating browser application bundles...[2K[1G[36mâ ™[39m Generating browser application bundles (phase: building)...[2K[1G[36mâ ¹[39m Generating browser application bundles (phase: sealing)...[2K[1G[36mâ ¸[39m Generating browser application bundles (phase: emitting)...[2K[1G[32mâœ”[39m Browser application bundle generation complete.
[37m[39m
[37m[0m[1mInitial Chunk Files[22m[2m | [22m[1mNames[22m  [2m | [22m[1mRaw Size[22m[0m[39m
[37m[0m[92mmain.js[39m[37m            [2m | [22mmain   [2m | [22m[96m13.46 kB[39m[37m[2m | [22m[0m[39m
[37m[0m[92mruntime.js[39m[37m         [2m | [22mruntime[2m | [22m [96m6.52 kB[39m[37m[2m | [22m[0m[39m
[37m[0m[0m[39m
[37m[0m3 unchanged chunks[0m[39m
[37m[0m[0m[39m
[37m[0mBuild at: [1m[37m2022-02-20T23:06:27.713Z[39m[37m[22m - Hash: [1m[37m165266e842e243da[39m[37m[22m - Time: [1m[37m528[39m[37m[22mms[0m[39m
[37m[39m
[37m[92mâœ”[39m[37m Compiled successfully.[39m
[36mâ ‹[39m Generating browser application bundles...[2K[1G[36mâ ™[39m Generating browser application bundles (phase: building)...[2K[1G[32mâœ”[39m Browser application bundle generation complete.
[37m[39m
[37m[0m5 unchanged chunks[0m[39m
[37m[0m[0m[39m
[37m[0mBuild at: [1m[37m2022-02-20T23:06:27.896Z[39m[37m[22m - Hash: [1m[37m165266e842e243da[39m[37m[22m - Time: [1m[37m143[39m[37m[22mms[0m[39m
[37m[39m
[37m[92mâœ”[39m[37m Compiled successfully.[39m
[36mâ ‹[39m Generating browser application bundles...[2K[1G[36mâ ™[39m Generating browser application bundles (phase: building)...[2K[1G[32mâœ”[39m Browser application bundle generation complete.
[37m[39m
[37m[0m[1mInitial Chunk Files[22m[2m | [22m[1mNames[22m  [2m | [22m[1mRaw Size[22m[0m[39m
[37m[0m[92mmain.js[39m[37m            [2m | [22mmain   [2m | [22m[96m13.53 kB[39m[37m[2m | [22m[0m[39m
[37m[0m[92mruntime.js[39m[37m         [2m | [22mruntime[2m | [22m [96m6.52 kB[39m[37m[2m | [22m[0m[39m
[37m[0m[0m[39m
[37m[0m3 unchanged chunks[0m[39m
[37m[0m[0m[39m
[37m[0mBuild at: [1m[37m2022-02-20T23:07:55.639Z[39m[37m[22m - Hash: [1m[37mbfed345176cde97f[39m[37m[22m - Time: [1m[37m162[39m[37m[22mms[0m[39m
[37m[39m
[37m[92mâœ”[39m[37m Compiled successfully.[39m
[36mâ ‹[39m Generating browser application bundles...[2K[1G[36mâ ™[39m Generating browser application bundles (phase: sealing)...[2K[1G[32mâœ”[39m Browser application bundle generation complete.
[37m[39m
[37m[0m5 unchanged chunks[0m[39m
[37m[0m[0m[39m
[37m[0mBuild at: [1m[37m2022-02-20T23:07:55.770Z[39m[37m[22m - Hash: [1m[37mbfed345176cde97f[39m[37m[22m - Time: [1m[37m101[39m[37m[22mms[0m[39m
[37m[39m
[37m[92mâœ”[39m[37m Compiled successfully.[39m
[36mâ ‹[39m Generating browser application bundles...[2K[1G[36mâ ™[39m Generating browser application bundles (phase: building)...[2K[1G[32mâœ”[39m Browser application bundle generation complete.
[37m[39m
[37m[0m[1mInitial Chunk Files[22m[2m | [22m[1mNames[22m  [2m | [22m[1mRaw Size[22m[0m[39m
[37m[0m[92mmain.js[39m[37m            [2m | [22mmain   [2m | [22m[96m13.54 kB[39m[37m[2m | [22m[0m[39m
[37m[0m[92mruntime.js[39m[37m         [2m | [22mruntime[2m | [22m [96m6.52 kB[39m[37m[2m | [22m[0m[39m
[37m[0m[0m[39m
[37m[0m3 unchanged chunks[0m[39m
[37m[0m[0m[39m
[37m[0mBuild at: [1m[37m2022-02-20T23:08:52.127Z[39m[37m[22m - Hash: [1m[37ma0bddd5805fdcd17[39m[37m[22m - Time: [1m[37m131[39m[37m[22mms[0m[39m
[37m[39m
[37m[92mâœ”[39m[37m Compiled successfully.[39m
[36mâ ‹[39m Generating browser application bundles...[2K[1G[36mâ ™[39m Generating browser application bundles (phase: building)...[2K[1G[32mâœ”[39m Browser application bundle generation complete.
[37m[39m
[37m[0m5 unchanged chunks[0m[39m
[37m[0m[0m[39m
[37m[0mBuild at: [1m[37m2022-02-20T23:08:52.273Z[39m[37m[22m - Hash: [1m[37ma0bddd5805fdcd17[39m[37m[22m - Time: [1m[37m115[39m[37m[22mms[0m[39m
[37m[39m
[37m[92mâœ”[39m[37m Compiled successfully.[39m
[36mâ ‹[39m Generating browser application bundles...[2K[1G[36mâ ™[39m Generating browser application bundles (phase: building)...[2K[1G[36mâ ¹[39m Generating browser application bundles (phase: building)...[2K[1G[36mâ ¸[39m Generating browser application bundles (phase: sealing)...[2K[1G[32mâœ”[39m Browser application bundle generation complete.
[37m[39m
[37m[0m[1mInitial Chunk Files[22m[2m | [22m[1mNames[22m  [2m | [22m[1mRaw Size[22m[0m[39m
[37m[0m[92mmain.js[39m[37m            [2m | [22mmain   [2m | [22m[96m13.55 kB[39m[37m[2m | [22m[0m[39m
[37m[0m[92mruntime.js[39m[37m         [2m | [22mruntime[2m | [22m [96m6.52 kB[39m[37m[2m | [22m[0m[39m
[37m[0m[0m[39m
[37m[0m3 unchanged chunks[0m[39m
[37m[0m[0m[39m
[37m[0mBuild at: [1m[37m2022-02-20T23:09:36.817Z[39m[37m[22m - Hash: [1m[37mcd01f5f1d755e594[39m[37m[22m - Time: [1m[37m389[39m[37m[22mms[0m[39m
[37m[39m
[37m[92mâœ”[39m[37m Compiled successfully.[39m
[36mâ ‹[39m Generating browser application bundles...[2K[1G[36mâ ™[39m Generating browser application bundles (phase: building)...[2K[1G[32mâœ”[39m Browser application bundle generation complete.
[37m[39m
[37m[0m5 unchanged chunks[0m[39m
[37m[0m[0m[39m
[37m[0mBuild at: [1m[37m2022-02-20T23:09:36.956Z[39m[37m[22m - Hash: [1m[37mcd01f5f1d755e594[39m[37m[22m - Time: [1m[37m113[39m[37m[22mms[0m[39m
[37m[39m
[37m[92mâœ”[39m[37m Compiled successfully.[39m
[36mâ ‹[39m Generating browser application bundles...[2K[1G[36mâ ™[39m Generating browser application bundles (phase: building)...[2K[1G[32mâœ”[39m Browser application bundle generation complete.
[37m[39m
[37m[0m[1mInitial Chunk Files[22m[2m | [22m[1mNames[22m  [2m | [22m[1mRaw Size[22m[0m[39m
[37m[0m[92mmain.js[39m[37m            [2m | [22mmain   [2m | [22m[96m13.55 kB[39m[37m[2m | [22m[0m[39m
[37m[0m[92mruntime.js[39m[37m         [2m | [22mruntime[2m | [22m [96m6.52 kB[39m[37m[2m | [22m[0m[39m
[37m[0m[0m[39m
[37m[0m3 unchanged chunks[0m[39m
[37m[0m[0m[39m
[37m[0mBuild at: [1m[37m2022-02-20T23:10:02.780Z[39m[37m[22m - Hash: [1m[37meccc9aca865326ba[39m[37m[22m - Time: [1m[37m192[39m[37m[22mms[0m[39m
[1m[31m[39m[22m
[1m[31m[0m[91mError: [39m[31m[0m[96mlibs/node-tests/src/lib/services/service.service.ts[0m:[93m11[0m:[93m55[0m - [91merror[0m[90m TS2314: [0mGeneric type 'Observable<T>' requires 1 type argument(s).[39m[22m
[1m[31m[39m[22m
[1m[31m[7m11[0m   bingo(domain = 'http://localhost', path = '/bingo'):Observable {[39m[22m
[1m[31m[7m  [0m [91m                                                      ~~~~~~~~~~[0m[39m[22m
[1m[31m[39m[22m
[1m[31m[39m[22m
[1m[31m[39m[22m
[37m[39m
[37m[91mâœ–[39m[37m Failed to compile.[39m
[36mâ ‹[39m Generating browser application bundles...[2K[1G[36mâ ™[39m Generating browser application bundles (phase: sealing)...[2K[1G[32mâœ”[39m Browser application bundle generation complete.
[37m[39m
[37m[0m5 unchanged chunks[0m[39m
[37m[0m[0m[39m
[37m[0mBuild at: [1m[37m2022-02-20T23:10:02.924Z[39m[37m[22m - Hash: [1m[37meccc9aca865326ba[39m[37m[22m - Time: [1m[37m105[39m[37m[22mms[0m[39m
[1m[31m[39m[22m
[1m[31m[0m[91mError: [39m[31m[0m[96mlibs/node-tests/src/lib/services/service.service.ts[0m:[93m11[0m:[93m55[0m - [91merror[0m[90m TS2314: [0mGeneric type 'Observable<T>' requires 1 type argument(s).[39m[22m
[1m[31m[39m[22m
[1m[31m[7m11[0m   bingo(domain = 'http://localhost', path = '/bingo'):Observable {[39m[22m
[1m[31m[7m  [0m [91m                                                      ~~~~~~~~~~[0m[39m[22m
[1m[31m[39m[22m
[1m[31m[39m[22m
[1m[31m[39m[22m
[37m[39m
[37m[91mâœ–[39m[37m Failed to compile.[39m
[36mâ ‹[39m Generating browser application bundles...[2K[1G[36mâ ™[39m Generating browser application bundles (phase: building)...[2K[1G[32mâœ”[39m Browser application bundle generation complete.
[37m[39m
[37m[0m[1mInitial Chunk Files[22m[2m | [22m[1mNames[22m  [2m | [22m[1mRaw Size[22m[0m[39m
[37m[0m[92mmain.js[39m[37m            [2m | [22mmain   [2m | [22m[96m13.55 kB[39m[37m[2m | [22m[0m[39m
[37m[0m[92mruntime.js[39m[37m         [2m | [22mruntime[2m | [22m [96m6.52 kB[39m[37m[2m | [22m[0m[39m
[37m[0m[0m[39m
[37m[0m3 unchanged chunks[0m[39m
[37m[0m[0m[39m
[37m[0mBuild at: [1m[37m2022-02-20T23:10:16.959Z[39m[37m[22m - Hash: [1m[37m4373b9058060c693[39m[37m[22m - Time: [1m[37m163[39m[37m[22mms[0m[39m
[37m[39m
[37m[92mâœ”[39m[37m Compiled successfully.[39m
[36mâ ‹[39m Generating browser application bundles...[2K[1G[36mâ ™[39m Generating browser application bundles (phase: sealing)...[2K[1G[32mâœ”[39m Browser application bundle generation complete.
[37m[39m
[37m[0m5 unchanged chunks[0m[39m
[37m[0m[0m[39m
[37m[0mBuild at: [1m[37m2022-02-20T23:10:17.092Z[39m[37m[22m - Hash: [1m[37m4373b9058060c693[39m[37m[22m - Time: [1m[37m104[39m[37m[22mms[0m[39m
[37m[39m
[37m[92mâœ”[39m[37m Compiled successfully.[39m
[36mâ ‹[39m Generating browser application bundles...[2K[1G[36mâ ™[39m Generating browser application bundles (phase: building)...[2K[1G[36mâ ¹[39m Generating browser application bundles (phase: building)...[2K[1G[36mâ ¸[39m Generating browser application bundles (phase: sealing)...[2K[1G[32mâœ”[39m Browser application bundle generation complete.
[37m[39m
[37m[0m5 unchanged chunks[0m[39m
[37m[0m[0m[39m
[37m[0mBuild at: [1m[37m2022-02-20T23:11:02.779Z[39m[37m[22m - Hash: [1m[37m4373b9058060c693[39m[37m[22m - Time: [1m[37m347[39m[37m[22mms[0m[39m
[37m[39m
[37m[92mâœ”[39m[37m Compiled successfully.[39m
[36mâ ‹[39m Generating browser application bundles...[2K[1G[36mâ ™[39m Generating browser application bundles (phase: building)...[2K[1G[32mâœ”[39m Browser application bundle generation complete.
[37m[39m
[37m[0m5 unchanged chunks[0m[39m
[37m[0m[0m[39m
[37m[0mBuild at: [1m[37m2022-02-20T23:11:02.976Z[39m[37m[22m - Hash: [1m[37m4373b9058060c693[39m[37m[22m - Time: [1m[37m160[39m[37m[22mms[0m[39m
[37m[39m
[37m[92mâœ”[39m[37m Compiled successfully.[39m
[36mâ ‹[39m Generating browser application bundles...[2K[1G[36mâ ™[39m Generating browser application bundles (phase: building)...[2K[1G[36mâ ¹[39m Generating browser application bundles (phase: sealing)...[2K[1G[36mâ ¸[39m Generating browser application bundles (phase: sealing)...[2K[1G[36mâ ¼[39m Generating browser application bundles (phase: sealing)...[2K[1G[32mâœ”[39m Browser application bundle generation complete.
[37m[39m
[37m[0m[1mInitial Chunk Files[22m[2m | [22m[1mNames[22m  [2m | [22m[1mRaw Size[22m[0m[39m
[37m[0m[92mvendor.js[39m[37m          [2m | [22mvendor [2m | [22m [96m1.97 MB[39m[37m[2m | [22m[0m[39m
[37m[0m[92mmain.js[39m[37m            [2m | [22mmain   [2m | [22m[96m13.13 kB[39m[37m[2m | [22m[0m[39m
[37m[0m[92mruntime.js[39m[37m         [2m | [22mruntime[2m | [22m [96m6.52 kB[39m[37m[2m | [22m[0m[39m
[37m[0m[0m[39m
[37m[0m2 unchanged chunks[0m[39m
[37m[0m[0m[39m
[37m[0mBuild at: [1m[37m2022-02-20T23:14:31.841Z[39m[37m[22m - Hash: [1m[37m0c30ec2688db31a5[39m[37m[22m - Time: [1m[37m557[39m[37m[22mms[0m[39m
[1m[31m[39m[22m
[1m[31m[0m[36m./apps/super-app-ui/src/app/nx-welcome.component.ts[39m[31m[0m:[0m[93m4:0-94[39m[31m[0m - [0m[91mError: [39m[31m[0mModule not found: Error: Can't resolve '@michael-nx/libs/node-tests/src/lib/services/service.service' in '/Users/msimpson/Desktop/NX_ANGULAR/michael-nx/apps/super-app-ui/src/app'[39m[22m
[1m[31m[39m[22m
[1m[31m[0m[91mError: [39m[31m[0m[96mapps/super-app-ui/src/app/app.module.ts[0m:[93m13[0m:[93m32[0m - [91merror[0m[90m NG6001: [0mThe class 'NxWelcomeComponent' is listed in the declarations of the NgModule 'AppModule', but is not a directive, a component, or a pipe. Either remove it from the NgModule's declarations, or add an appropriate Angular decorator.[39m[22m
[1m[31m[39m[22m
[1m[31m[7m13[0m   declarations: [AppComponent, NxWelcomeComponent],[39m[22m
[1m[31m[7m  [0m [91m                               ~~~~~~~~~~~~~~~~~~[0m[39m[22m
[1m[31m[39m[22m
[1m[31m  [96mapps/super-app-ui/src/app/nx-welcome.component.ts[0m:[93m14[0m:[93m14[0m[39m[22m
[1m[31m    [7m14[0m export class NxWelcomeComponent implements OnInit {[39m[22m
[1m[31m    [7m  [0m [96m             ~~~~~~~~~~~~~~~~~~[0m[39m[22m
[1m[31m    'NxWelcomeComponent' is declared here.[39m[22m
[1m[31m[39m[22m
[1m[31m[39m[22m
[1m[31m[0m[91mError: [39m[31m[0m[96mapps/super-app-ui/src/app/nx-welcome.component.ts[0m:[93m2[0m:[93m32[0m - [91merror[0m[90m TS2307: [0mCannot find module '@michael-nx/libs/node-tests/src/lib/services/service.service' or its corresponding type declarations.[39m[22m
[1m[31m[39m[22m
[1m[31m[7m2[0m import { ServiceService } from '@michael-nx/libs/node-tests/src/lib/services/service.service';[39m[22m
[1m[31m[7m [0m [91m                               ~~~~~~~~~~~~~~~~~~~~~~~~~~~~~~~~~~~~~~~~~~~~~~~~~~~~~~~~~~~~~~[0m[39m[22m
[1m[31m[39m[22m
[1m[31m[39m[22m
[1m[31m[0m[91mError: [39m[31m[0m[96mapps/super-app-ui/src/app/nx-welcome.component.ts[0m:[93m15[0m:[93m23[0m - [91merror[0m[90m NG2003: [0mNo suitable injection token for parameter 'service' of class 'NxWelcomeComponent'.[39m[22m
[1m[31m  Consider using the @Inject decorator to specify an injection token.[39m[22m
[1m[31m[39m[22m
[1m[31m[7m15[0m   constructor(private service: ServiceService) {}[39m[22m
[1m[31m[7m  [0m [91m                      ~~~~~~~[0m[39m[22m
[1m[31m[39m[22m
[1m[31m  [96mapps/super-app-ui/src/app/nx-welcome.component.t[39m[22m[1m[31ms[0m:[93m15[0m:[93m32[0m[39m[22m
[1m[31m    [7m15[0m   constructor(private service: ServiceService) {}[39m[22m
[1m[31m    [7m  [0m [96m                               ~~~~~~~~~~~~~~[0m[39m[22m
[1m[31m    This type does not have a value, so it cannot be used as injection token.[39m[22m
[1m[31m[39m[22m
[1m[31m[39m[22m
[1m[31m[39m[22m
[37m[39m
[37m[91mâœ–[39m[37m Failed to compile.[39m
[36mâ ‹[39m Generating browser application bundles...[2K[1G[36mâ ™[39m Generating browser application bundles (phase: sealing)...[2K[1G[32mâœ”[39m Browser application bundle generation complete.
[37m[39m
[37m[0m5 unchanged chunks[0m[39m
[37m[0m[0m[39m
[37m[0mBuild at: [1m[37m2022-02-20T23:14:31.980Z[39m[37m[22m - Hash: [1m[37m0c30ec2688db31a5[39m[37m[22m - Time: [1m[37m98[39m[37m[22mms[0m[39m
[1m[31m[39m[22m
[1m[31m[0m[36m./apps/super-app-ui/src/app/nx-welcome.component.ts[39m[31m[0m:[0m[93m4:0-94[39m[31m[0m - [0m[91mError: [39m[31m[0mModule not found: Error: Can't resolve '@michael-nx/libs/node-tests/src/lib/services/service.service' in '/Users/msimpson/Desktop/NX_ANGULAR/michael-nx/apps/super-app-ui/src/app'[39m[22m
[1m[31m[39m[22m
[1m[31m[0m[91mError: [39m[31m[0m[96mapps/super-app-ui/src/app/app.module.ts[0m:[93m13[0m:[93m32[0m - [91merror[0m[90m NG6001: [0mThe class 'NxWelcomeComponent' is listed in the declarations of the NgModule 'AppModule', but is not a directive, a component, or a pipe. Either remove it from the NgModule's declarations, or add an appropriate Angular decorator.[39m[22m
[1m[31m[39m[22m
[1m[31m[7m13[0m   declarations: [AppComponent, NxWelcomeComponent],[39m[22m
[1m[31m[7m  [0m [91m                               ~~~~~~~~~~~~~~~~~~[0m[39m[22m
[1m[31m[39m[22m
[1m[31m  [96mapps/super-app-ui/src/app/nx-welcome.component.ts[0m:[93m14[0m:[93m14[0m[39m[22m
[1m[31m    [7m14[0m export class NxWelcomeComponent implements OnInit {[39m[22m
[1m[31m    [7m  [0m [96m             ~~~~~~~~~~~~~~~~~~[0m[39m[22m
[1m[31m    'NxWelcomeComponent' is declared here.[39m[22m
[1m[31m[39m[22m
[1m[31m[39m[22m
[1m[31m[0m[91mError: [39m[31m[0m[96mapps/super-app-ui/src/app/nx-welcome.component.ts[0m:[93m2[0m:[93m32[0m - [91merror[0m[90m TS2307: [0mCannot find module '@michael-nx/libs/node-tests/src/lib/services/service.service' or its corresponding type declarations.[39m[22m
[1m[31m[39m[22m
[1m[31m[7m2[0m import { ServiceService } from '@michael-nx/libs/node-tests/src/lib/services/service.service';[39m[22m
[1m[31m[7m [0m [91m                               ~~~~~~~~~~~~~~~~~~~~~~~~~~~~~~~~~~~~~~~~~~~~~~~~~~~~~~~~~~~~~~[0m[39m[22m
[1m[31m[39m[22m
[1m[31m[39m[22m
[1m[31m[0m[91mError: [39m[31m[0m[96mapps/super-app-ui/src/app/nx-welcome.component.ts[0m:[93m15[0m:[93m23[0m - [91merror[0m[90m NG2003: [0mNo suitable injection token for parameter 'service' of class 'NxWelcomeComponent'.[39m[22m
[1m[31m  Consider using the @Inject decorator to specify an injection token.[39m[22m
[1m[31m[39m[22m
[1m[31m[7m15[0m   constructor(private service: ServiceService) {}[39m[22m
[1m[31m[7m  [0m [91m                      ~~~~~~~[0m[39m[22m
[1m[31m[39m[22m
[1m[31m  [96mapps/super-app-ui/src/app/nx-welcome.component.t[39m[22m[1m[31ms[0m:[93m15[0m:[93m32[0m[39m[22m
[1m[31m    [7m15[0m   constructor(private service: ServiceService) {}[39m[22m
[1m[31m    [7m  [0m [96m                               ~~~~~~~~~~~~~~[0m[39m[22m
[1m[31m    This type does not have a value, so it cannot be used as injection token.[39m[22m
[1m[31m[39m[22m
[1m[31m[39m[22m
[1m[31m[39m[22m
[37m[39m
[37m[91mâœ–[39m[37m Failed to compile.[39m
[36mâ ‹[39m Generating browser application bundles...[2K[1G[36mâ ™[39m Generating browser application bundles (phase: building)...[2K[1G[32mâœ”[39m Browser application bundle generation complete.
[37m[39m
[37m[0m[1mInitial Chunk Files[22m[2m | [22m[1mNames[22m  [2m | [22m[1mRaw Size[22m[0m[39m
[37m[0m[92mmain.js[39m[37m            [2m | [22mmain   [2m | [22m[96m13.06 kB[39m[37m[2m | [22m[0m[39m
[37m[0m[92mruntime.js[39m[37m         [2m | [22mruntime[2m | [22m [96m6.52 kB[39m[37m[2m | [22m[0m[39m
[37m[0m[0m[39m
[37m[0m3 unchanged chunks[0m[39m
[37m[0m[0m[39m
[37m[0mBuild at: [1m[37m2022-02-20T23:16:10.698Z[39m[37m[22m - Hash: [1m[37m6c2531a840ad89b2[39m[37m[22m - Time: [1m[37m169[39m[37m[22mms[0m[39m
[1m[31m[39m[22m
[1m[31m[0m[36m./apps/super-app-ui/src/app/nx-welcome.component.ts[39m[31m[0m:[0m[93m4:0-72[39m[31m[0m - [0m[91mError: [39m[31m[0mModule not found: Error: Can't resolve '@michael-nx/node-tests/NodeTestsModule' in '/Users/msimpson/Desktop/NX_ANGULAR/michael-nx/apps/super-app-ui/src/app'[39m[22m
[1m[31m[39m[22m
[1m[31m[0m[91mError: [39m[31m[0m[96mapps/super-app-ui/src/app/app.module.ts[0m:[93m13[0m:[93m32[0m - [91merror[0m[90m NG6001: [0mThe class 'NxWelcomeComponent' is listed in the declarations of the NgModule 'AppModule', but is not a directive, a component, or a pipe. Either remove it from the NgModule's declarations, or add an appropriate Angular decorator.[39m[22m
[1m[31m[39m[22m
[1m[31m[7m13[0m   declarations: [AppComponent, NxWelcomeComponent],[39m[22m
[1m[31m[7m  [0m [91m                               ~~~~~~~~~~~~~~~~~~[0m[39m[22m
[1m[31m[39m[22m
[1m[31m  [96mapps/super-app-ui/src/app/nx-welcome.component.ts[0m:[93m14[0m:[93m14[0m[39m[22m
[1m[31m    [7m14[0m export class NxWelcomeComponent implements OnInit {[39m[22m
[1m[31m    [7m  [0m [96m             ~~~~~~~~~~~~~~~~~~[0m[39m[22m
[1m[31m    'NxWelcomeComponent' is declared here.[39m[22m
[1m[31m[39m[22m
[1m[31m[39m[22m
[1m[31m[0m[91mError: [39m[31m[0m[96mapps/super-app-ui/src/app/nx-welcome.component.ts[0m:[93m2[0m:[93m32[0m - [91merror[0m[90m TS2307: [0mCannot find module '@michael-nx/node-tests/NodeTestsModule' or its corresponding type declarations.[39m[22m
[1m[31m[39m[22m
[1m[31m[7m2[0m import { ServiceService } from '@michael-nx/node-tests/NodeTestsModule';[39m[22m
[1m[31m[7m [0m [91m                               ~~~~~~~~~~~~~~~~~~~~~~~~~~~~~~~~~~~~~~~~[0m[39m[22m
[1m[31m[39m[22m
[1m[31m[39m[22m
[1m[31m[0m[91mError: [39m[31m[0m[96mapps/super-app-ui/src/app/nx-welcome.component.ts[0m:[93m15[0m:[93m23[0m - [91merror[0m[90m NG2003: [0mNo suitable injection token for parameter 'service' of class 'NxWelcomeComponent'.[39m[22m
[1m[31m  Consider using the @Inject decorator to specify an injection token.[39m[22m
[1m[31m[39m[22m
[1m[31m[7m15[0m   constructor(private service: ServiceService) {}[39m[22m
[1m[31m[7m  [0m [91m                      ~~~~~~~[0m[39m[22m
[1m[31m[39m[22m
[1m[31m  [96mapps/super-app-ui/src/app/nx-welcome.component.ts[0m:[93m15[0m:[93m32[0m[39m[22m
[1m[31m    [7m15[0m   constructor(private service: ServiceServi[39m[22m[1m[31mce) {}[39m[22m
[1m[31m    [7m  [0m [96m                               ~~~~~~~~~~~~~~[0m[39m[22m
[1m[31m    This type does not have a value, so it cannot be used as injection token.[39m[22m
[1m[31m[39m[22m
[1m[31m[39m[22m
[1m[31m[39m[22m
[37m[39m
[37m[91mâœ–[39m[37m Failed to compile.[39m
[36mâ ‹[39m Generating browser application bundles...[2K[1G[36mâ ™[39m Generating browser application bundles (phase: sealing)...[2K[1G[32mâœ”[39m Browser application bundle generation complete.
[37m[39m
[37m[0m5 unchanged chunks[0m[39m
[37m[0m[0m[39m
[37m[0mBuild at: [1m[37m2022-02-20T23:16:10.846Z[39m[37m[22m - Hash: [1m[37m6c2531a840ad89b2[39m[37m[22m - Time: [1m[37m102[39m[37m[22mms[0m[39m
[1m[31m[39m[22m
[1m[31m[0m[36m./apps/super-app-ui/src/app/nx-welcome.component.ts[39m[31m[0m:[0m[93m4:0-72[39m[31m[0m - [0m[91mError: [39m[31m[0mModule not found: Error: Can't resolve '@michael-nx/node-tests/NodeTestsModule' in '/Users/msimpson/Desktop/NX_ANGULAR/michael-nx/apps/super-app-ui/src/app'[39m[22m
[1m[31m[39m[22m
[1m[31m[0m[91mError: [39m[31m[0m[96mapps/super-app-ui/src/app/app.module.ts[0m:[93m13[0m:[93m32[0m - [91merror[0m[90m NG6001: [0mThe class 'NxWelcomeComponent' is listed in the declarations of the NgModule 'AppModule', but is not a directive, a component, or a pipe. Either remove it from the NgModule's declarations, or add an appropriate Angular decorator.[39m[22m
[1m[31m[39m[22m
[1m[31m[7m13[0m   declarations: [AppComponent, NxWelcomeComponent],[39m[22m
[1m[31m[7m  [0m [91m                               ~~~~~~~~~~~~~~~~~~[0m[39m[22m
[1m[31m[39m[22m
[1m[31m  [96mapps/super-app-ui/src/app/nx-welcome.component.ts[0m:[93m14[0m:[93m14[0m[39m[22m
[1m[31m    [7m14[0m export class NxWelcomeComponent implements OnInit {[39m[22m
[1m[31m    [7m  [0m [96m             ~~~~~~~~~~~~~~~~~~[0m[39m[22m
[1m[31m    'NxWelcomeComponent' is declared here.[39m[22m
[1m[31m[39m[22m
[1m[31m[39m[22m
[1m[31m[0m[91mError: [39m[31m[0m[96mapps/super-app-ui/src/app/nx-welcome.component.ts[0m:[93m2[0m:[93m32[0m - [91merror[0m[90m TS2307: [0mCannot find module '@michael-nx/node-tests/NodeTestsModule' or its corresponding type declarations.[39m[22m
[1m[31m[39m[22m
[1m[31m[7m2[0m import { ServiceService } from '@michael-nx/node-tests/NodeTestsModule';[39m[22m
[1m[31m[7m [0m [91m                               ~~~~~~~~~~~~~~~~~~~~~~~~~~~~~~~~~~~~~~~~[0m[39m[22m
[1m[31m[39m[22m
[1m[31m[39m[22m
[1m[31m[0m[91mError: [39m[31m[0m[96mapps/super-app-ui/src/app/nx-welcome.component.ts[0m:[93m15[0m:[93m23[0m - [91merror[0m[90m NG2003: [0mNo suitable injection token for parameter 'service' of class 'NxWelcomeComponent'.[39m[22m
[1m[31m  Consider using the @Inject decorator to specify an injection token.[39m[22m
[1m[31m[39m[22m
[1m[31m[7m15[0m   constructor(private service: ServiceService) {}[39m[22m
[1m[31m[7m  [0m [91m                      ~~~~~~~[0m[39m[22m
[1m[31m[39m[22m
[1m[31m  [96mapps/super-app-ui/src/app/nx-welcome.component.ts[0m:[93m15[0m:[93m32[0m[39m[22m
[1m[31m    [7m15[0m   constructor(private service: ServiceServi[39m[22m[1m[31mce) {}[39m[22m
[1m[31m    [7m  [0m [96m                               ~~~~~~~~~~~~~~[0m[39m[22m
[1m[31m    This type does not have a value, so it cannot be used as injection token.[39m[22m
[1m[31m[39m[22m
[1m[31m[39m[22m
[1m[31m[39m[22m
[37m[39m
[37m[91mâœ–[39m[37m Failed to compile.[39m
[36mâ ‹[39m Generating browser application bundles...[2K[1G[36mâ ™[39m Generating browser application bundles (phase: building)...[2K[1G[32mâœ”[39m Browser application bundle generation complete.
[37m[39m
[37m[0m[1mInitial Chunk Files[22m[2m | [22m[1mNames[22m  [2m | [22m[1mRaw Size[22m[0m[39m
[37m[0m[92mmain.js[39m[37m            [2m | [22mmain   [2m | [22m[96m13.07 kB[39m[37m[2m | [22m[0m[39m
[37m[0m[92mruntime.js[39m[37m         [2m | [22mruntime[2m | [22m [96m6.52 kB[39m[37m[2m | [22m[0m[39m
[37m[0m[0m[39m
[37m[0m3 unchanged chunks[0m[39m
[37m[0m[0m[39m
[37m[0mBuild at: [1m[37m2022-02-20T23:16:31.337Z[39m[37m[22m - Hash: [1m[37mbac0d1bb136184fe[39m[37m[22m - Time: [1m[37m133[39m[37m[22mms[0m[39m
[1m[31m[39m[22m
[1m[31m[0m[36m./apps/super-app-ui/src/app/nx-welcome.component.ts[39m[31m[0m:[0m[93m4:0-74[39m[31m[0m - [0m[91mError: [39m[31m[0mModule not found: Error: Can't resolve '@michael-nx/node-tests/node-tests.module' in '/Users/msimpson/Desktop/NX_ANGULAR/michael-nx/apps/super-app-ui/src/app'[39m[22m
[1m[31m[39m[22m
[1m[31m[0m[91mError: [39m[31m[0m[96mapps/super-app-ui/src/app/app.module.ts[0m:[93m13[0m:[93m32[0m - [91merror[0m[90m NG6001: [0mThe class 'NxWelcomeComponent' is listed in the declarations of the NgModule 'AppModule', but is not a directive, a component, or a pipe. Either remove it from the NgModule's declarations, or add an appropriate Angular decorator.[39m[22m
[1m[31m[39m[22m
[1m[31m[7m13[0m   declarations: [AppComponent, NxWelcomeComponent],[39m[22m
[1m[31m[7m  [0m [91m                               ~~~~~~~~~~~~~~~~~~[0m[39m[22m
[1m[31m[39m[22m
[1m[31m  [96mapps/super-app-ui/src/app/nx-welcome.component.ts[0m:[93m14[0m:[93m14[0m[39m[22m
[1m[31m    [7m14[0m export class NxWelcomeComponent implements OnInit {[39m[22m
[1m[31m    [7m  [0m [96m             ~~~~~~~~~~~~~~~~~~[0m[39m[22m
[1m[31m    'NxWelcomeComponent' is declared here.[39m[22m
[1m[31m[39m[22m
[1m[31m[39m[22m
[1m[31m[0m[91mError: [39m[31m[0m[96mapps/super-app-ui/src/app/nx-welcome.component.ts[0m:[93m2[0m:[93m32[0m - [91merror[0m[90m TS2307: [0mCannot find module '@michael-nx/node-tests/node-tests.module' or its corresponding type declarations.[39m[22m
[1m[31m[39m[22m
[1m[31m[7m2[0m import { ServiceService } from '@michael-nx/node-tests/node-tests.module';[39m[22m
[1m[31m[7m [0m [91m                               ~~~~~~~~~~~~~~~~~~~~~~~~~~~~~~~~~~~~~~~~~~[0m[39m[22m
[1m[31m[39m[22m
[1m[31m[39m[22m
[1m[31m[0m[91mError: [39m[31m[0m[96mapps/super-app-ui/src/app/nx-welcome.component.ts[0m:[93m15[0m:[93m23[0m - [91merror[0m[90m NG2003: [0mNo suitable injection token for parameter 'service' of class 'NxWelcomeComponent'.[39m[22m
[1m[31m  Consider using the @Inject decorator to specify an injection token.[39m[22m
[1m[31m[39m[22m
[1m[31m[7m15[0m   constructor(private service: ServiceService) {}[39m[22m
[1m[31m[7m  [0m [91m                      ~~~~~~~[0m[39m[22m
[1m[31m[39m[22m
[1m[31m  [96mapps/super-app-ui/src/app/nx-welcome.component.ts[0m:[93m15[0m:[93m32[0m[39m[22m
[1m[31m    [7m15[0m   constructor(private service: Serv[39m[22m[1m[31miceService) {}[39m[22m
[1m[31m    [7m  [0m [96m                               ~~~~~~~~~~~~~~[0m[39m[22m
[1m[31m    This type does not have a value, so it cannot be used as injection token.[39m[22m
[1m[31m[39m[22m
[1m[31m[39m[22m
[1m[31m[39m[22m
[37m[39m
[37m[91mâœ–[39m[37m Failed to compile.[39m
[36mâ ‹[39m Generating browser application bundles...[2K[1G[36mâ ™[39m Generating browser application bundles (phase: building)...[2K[1G[36mâ ¹[39m Generating browser application bundles (phase: building)...[2K[1G[36mâ ¸[39m Generating browser application bundles (phase: sealing)...[2K[1G[32mâœ”[39m Browser application bundle generation complete.
[37m[39m
[37m[0m5 unchanged chunks[0m[39m
[37m[0m[0m[39m
[37m[0mBuild at: [1m[37m2022-02-20T23:16:31.648Z[39m[37m[22m - Hash: [1m[37mbac0d1bb136184fe[39m[37m[22m - Time: [1m[37m268[39m[37m[22mms[0m[39m
[1m[31m[39m[22m
[1m[31m[0m[36m./apps/super-app-ui/src/app/nx-welcome.component.ts[39m[31m[0m:[0m[93m4:0-74[39m[31m[0m - [0m[91mError: [39m[31m[0mModule not found: Error: Can't resolve '@michael-nx/node-tests/node-tests.module' in '/Users/msimpson/Desktop/NX_ANGULAR/michael-nx/apps/super-app-ui/src/app'[39m[22m
[1m[31m[39m[22m
[1m[31m[0m[91mError: [39m[31m[0m[96mapps/super-app-ui/src/app/app.module.ts[0m:[93m13[0m:[93m32[0m - [91merror[0m[90m NG6001: [0mThe class 'NxWelcomeComponent' is listed in the declarations of the NgModule 'AppModule', but is not a directive, a component, or a pipe. Either remove it from the NgModule's declarations, or add an appropriate Angular decorator.[39m[22m
[1m[31m[39m[22m
[1m[31m[7m13[0m   declarations: [AppComponent, NxWelcomeComponent],[39m[22m
[1m[31m[7m  [0m [91m                               ~~~~~~~~~~~~~~~~~~[0m[39m[22m
[1m[31m[39m[22m
[1m[31m  [96mapps/super-app-ui/src/app/nx-welcome.component.ts[0m:[93m14[0m:[93m14[0m[39m[22m
[1m[31m    [7m14[0m export class NxWelcomeComponent implements OnInit {[39m[22m
[1m[31m    [7m  [0m [96m             ~~~~~~~~~~~~~~~~~~[0m[39m[22m
[1m[31m    'NxWelcomeComponent' is declared here.[39m[22m
[1m[31m[39m[22m
[1m[31m[39m[22m
[1m[31m[0m[91mError: [39m[31m[0m[96mapps/super-app-ui/src/app/nx-welcome.component.ts[0m:[93m2[0m:[93m32[0m - [91merror[0m[90m TS2307: [0mCannot find module '@michael-nx/node-tests/node-tests.module' or its corresponding type declarations.[39m[22m
[1m[31m[39m[22m
[1m[31m[7m2[0m import { ServiceService } from '@michael-nx/node-tests/node-tests.module';[39m[22m
[1m[31m[7m [0m [91m                               ~~~~~~~~~~~~~~~~~~~~~~~~~~~~~~~~~~~~~~~~~~[0m[39m[22m
[1m[31m[39m[22m
[1m[31m[39m[22m
[1m[31m[0m[91mError: [39m[31m[0m[96mapps/super-app-ui/src/app/nx-welcome.component.ts[0m:[93m15[0m:[93m23[0m - [91merror[0m[90m NG2003: [0mNo suitable injection token for parameter 'service' of class 'NxWelcomeComponent'.[39m[22m
[1m[31m  Consider using the @Inject decorator to specify an injection token.[39m[22m
[1m[31m[39m[22m
[1m[31m[7m15[0m   constructor(private service: ServiceService) {}[39m[22m
[1m[31m[7m  [0m [91m                      ~~~~~~~[0m[39m[22m
[1m[31m[39m[22m
[1m[31m  [96mapps/super-app-ui/src/app/nx-welcome.component.ts[0m:[93m15[0m:[93m32[0m[39m[22m
[1m[31m    [7m15[0m   constructor(private service: Serv[39m[22m[1m[31miceService) {}[39m[22m
[1m[31m    [7m  [0m [96m                               ~~~~~~~~~~~~~~[0m[39m[22m
[1m[31m    This type does not have a value, so it cannot be used as injection token.[39m[22m
[1m[31m[39m[22m
[1m[31m[39m[22m
[1m[31m[39m[22m
[37m[39m
[37m[91mâœ–[39m[37m Failed to compile.[39m
[36mâ ‹[39m Generating browser application bundles...[2K[1G[36mâ ™[39m Generating browser application bundles (phase: building)...[2K[1G[32mâœ”[39m Browser application bundle generation complete.
[37m[39m
[37m[0m[1mInitial Chunk Files[22m[2m | [22m[1mNames[22m  [2m | [22m[1mRaw Size[22m[0m[39m
[37m[0m[92mmain.js[39m[37m            [2m | [22mmain   [2m | [22m[96m13.09 kB[39m[37m[2m | [22m[0m[39m
[37m[0m[92mruntime.js[39m[37m         [2m | [22mruntime[2m | [22m [96m6.52 kB[39m[37m[2m | [22m[0m[39m
[37m[0m[0m[39m
[37m[0m3 unchanged chunks[0m[39m
[37m[0m[0m[39m
[37m[0mBuild at: [1m[37m2022-02-20T23:17:11.224Z[39m[37m[22m - Hash: [1m[37m90c5c44e1bb66c64[39m[37m[22m - Time: [1m[37m171[39m[37m[22mms[0m[39m
[1m[31m[39m[22m
[1m[31m[0m[36m./apps/super-app-ui/src/app/nx-welcome.component.ts[39m[31m[0m:[0m[93m4:0-81[39m[31m[0m - [0m[91mError: [39m[31m[0mModule not found: Error: Can't resolve '@michael-nx/node-tests/services/service.service' in '/Users/msimpson/Desktop/NX_ANGULAR/michael-nx/apps/super-app-ui/src/app'[39m[22m
[1m[31m[39m[22m
[1m[31m[0m[91mError: [39m[31m[0m[96mapps/super-app-ui/src/app/app.module.ts[0m:[93m13[0m:[93m32[0m - [91merror[0m[90m NG6001: [0mThe class 'NxWelcomeComponent' is listed in the declarations of the NgModule 'AppModule', but is not a directive, a component, or a pipe. Either remove it from the NgModule's declarations, or add an appropriate Angular decorator.[39m[22m
[1m[31m[39m[22m
[1m[31m[7m13[0m   declarations: [AppComponent, NxWelcomeComponent],[39m[22m
[1m[31m[7m  [0m [91m                               ~~~~~~~~~~~~~~~~~~[0m[39m[22m
[1m[31m[39m[22m
[1m[31m  [96mapps/super-app-ui/src/app/nx-welcome.component.ts[0m:[93m14[0m:[93m14[0m[39m[22m
[1m[31m    [7m14[0m export class NxWelcomeComponent implements OnInit {[39m[22m
[1m[31m    [7m  [0m [96m             ~~~~~~~~~~~~~~~~~~[0m[39m[22m
[1m[31m    'NxWelcomeComponent' is declared here.[39m[22m
[1m[31m[39m[22m
[1m[31m[39m[22m
[1m[31m[0m[91mError: [39m[31m[0m[96mapps/super-app-ui/src/app/nx-welcome.component.ts[0m:[93m2[0m:[93m32[0m - [91merror[0m[90m TS2307: [0mCannot find module '@michael-nx/node-tests/services/service.service' or its corresponding type declarations.[39m[22m
[1m[31m[39m[22m
[1m[31m[7m2[0m import { ServiceService } from '@michael-nx/node-tests/services/service.service';[39m[22m
[1m[31m[7m [0m [91m                               ~~~~~~~~~~~~~~~~~~~~~~~~~~~~~~~~~~~~~~~~~~~~~~~~~[0m[39m[22m
[1m[31m[39m[22m
[1m[31m[39m[22m
[1m[31m[0m[91mError: [39m[31m[0m[96mapps/super-app-ui/src/app/nx-welcome.component.ts[0m:[93m15[0m:[93m23[0m - [91merror[0m[90m NG2003: [0mNo suitable injection token for parameter 'service' of class 'NxWelcomeComponent'.[39m[22m
[1m[31m  Consider using the @Inject decorator to specify an injection token.[39m[22m
[1m[31m[39m[22m
[1m[31m[7m15[0m   constructor(private service: ServiceService) {}[39m[22m
[1m[31m[7m  [0m [91m                      ~~~~~~~[0m[39m[22m
[1m[31m[39m[22m
[1m[31m  [96mapps/super-app-ui/src/app/nx-welcome.component.ts[0m:[93m15[0m:[93m32[0m[39m[22m
[1m[31m    [7m15[0m   const[39m[22m[1m[31mructor(private service: ServiceService) {}[39m[22m
[1m[31m    [7m  [0m [96m                               ~~~~~~~~~~~~~~[0m[39m[22m
[1m[31m    This type does not have a value, so it cannot be used as injection token.[39m[22m
[1m[31m[39m[22m
[1m[31m[39m[22m
[1m[31m[39m[22m
[37m[39m
[37m[91mâœ–[39m[37m Failed to compile.[39m
[36mâ ‹[39m Generating browser application bundles...[2K[1G[36mâ ™[39m Generating browser application bundles (phase: building)...[2K[1G[32mâœ”[39m Browser application bundle generation complete.
[37m[39m
[37m[0m5 unchanged chunks[0m[39m
[37m[0m[0m[39m
[37m[0mBuild at: [1m[37m2022-02-20T23:17:11.415Z[39m[37m[22m - Hash: [1m[37m90c5c44e1bb66c64[39m[37m[22m - Time: [1m[37m148[39m[37m[22mms[0m[39m
[1m[31m[39m[22m
[1m[31m[0m[36m./apps/super-app-ui/src/app/nx-welcome.component.ts[39m[31m[0m:[0m[93m4:0-81[39m[31m[0m - [0m[91mError: [39m[31m[0mModule not found: Error: Can't resolve '@michael-nx/node-tests/services/service.service' in '/Users/msimpson/Desktop/NX_ANGULAR/michael-nx/apps/super-app-ui/src/app'[39m[22m
[1m[31m[39m[22m
[1m[31m[0m[91mError: [39m[31m[0m[96mapps/super-app-ui/src/app/app.module.ts[0m:[93m13[0m:[93m32[0m - [91merror[0m[90m NG6001: [0mThe class 'NxWelcomeComponent' is listed in the declarations of the NgModule 'AppModule', but is not a directive, a component, or a pipe. Either remove it from the NgModule's declarations, or add an appropriate Angular decorator.[39m[22m
[1m[31m[39m[22m
[1m[31m[7m13[0m   declarations: [AppComponent, NxWelcomeComponent],[39m[22m
[1m[31m[7m  [0m [91m                               ~~~~~~~~~~~~~~~~~~[0m[39m[22m
[1m[31m[39m[22m
[1m[31m  [96mapps/super-app-ui/src/app/nx-welcome.component.ts[0m:[93m14[0m:[93m14[0m[39m[22m
[1m[31m    [7m14[0m export class NxWelcomeComponent implements OnInit {[39m[22m
[1m[31m    [7m  [0m [96m             ~~~~~~~~~~~~~~~~~~[0m[39m[22m
[1m[31m    'NxWelcomeComponent' is declared here.[39m[22m
[1m[31m[39m[22m
[1m[31m[39m[22m
[1m[31m[0m[91mError: [39m[31m[0m[96mapps/super-app-ui/src/app/nx-welcome.component.ts[0m:[93m2[0m:[93m32[0m - [91merror[0m[90m TS2307: [0mCannot find module '@michael-nx/node-tests/services/service.service' or its corresponding type declarations.[39m[22m
[1m[31m[39m[22m
[1m[31m[7m2[0m import { ServiceService } from '@michael-nx/node-tests/services/service.service';[39m[22m
[1m[31m[7m [0m [91m                               ~~~~~~~~~~~~~~~~~~~~~~~~~~~~~~~~~~~~~~~~~~~~~~~~~[0m[39m[22m
[1m[31m[39m[22m
[1m[31m[39m[22m
[1m[31m[0m[91mError: [39m[31m[0m[96mapps/super-app-ui/src/app/nx-welcome.component.ts[0m:[93m15[0m:[93m23[0m - [91merror[0m[90m NG2003: [0mNo suitable injection token for parameter 'service' of class 'NxWelcomeComponent'.[39m[22m
[1m[31m  Consider using the @Inject decorator to specify an injection token.[39m[22m
[1m[31m[39m[22m
[1m[31m[7m15[0m   constructor(private service: ServiceService) {}[39m[22m
[1m[31m[7m  [0m [91m                      ~~~~~~~[0m[39m[22m
[1m[31m[39m[22m
[1m[31m  [96mapps/super-app-ui/src/app/nx-welcome.component.ts[0m:[93m15[0m:[93m32[0m[39m[22m
[1m[31m    [7m15[0m   const[39m[22m[1m[31mructor(private service: ServiceService) {}[39m[22m
[1m[31m    [7m  [0m [96m                               ~~~~~~~~~~~~~~[0m[39m[22m
[1m[31m    This type does not have a value, so it cannot be used as injection token.[39m[22m
[1m[31m[39m[22m
[1m[31m[39m[22m
[1m[31m[39m[22m
[37m[39m
[37m[91mâœ–[39m[37m Failed to compile.[39m
[36mâ ‹[39m Generating browser application bundles...[2K[1G[36mâ ™[39m Generating browser application bundles (phase: building)...[2K[1G[32mâœ”[39m Browser application bundle generation complete.
[37m[39m
[37m[0m[1mInitial Chunk Files[22m[2m | [22m[1mNames[22m  [2m | [22m[1mRaw Size[22m[0m[39m
[37m[0m[92mmain.js[39m[37m            [2m | [22mmain   [2m | [22m[96m13.07 kB[39m[37m[2m | [22m[0m[39m
[37m[0m[92mruntime.js[39m[37m         [2m | [22mruntime[2m | [22m [96m6.52 kB[39m[37m[2m | [22m[0m[39m
[37m[0m[0m[39m
[37m[0m3 unchanged chunks[0m[39m
[37m[0m[0m[39m
[37m[0mBuild at: [1m[37m2022-02-20T23:18:24.879Z[39m[37m[22m - Hash: [1m[37mbac0d1bb136184fe[39m[37m[22m - Time: [1m[37m167[39m[37m[22mms[0m[39m
[1m[31m[39m[22m
[1m[31m[0m[36m./apps/super-app-ui/src/app/nx-welcome.component.ts[39m[31m[0m:[0m[93m4:0-74[39m[31m[0m - [0m[91mError: [39m[31m[0mModule not found: Error: Can't resolve '@michael-nx/node-tests/node-tests.module' in '/Users/msimpson/Desktop/NX_ANGULAR/michael-nx/apps/super-app-ui/src/app'[39m[22m
[1m[31m[39m[22m
[1m[31m[0m[91mError: [39m[31m[0m[96mapps/super-app-ui/src/app/app.module.ts[0m:[93m13[0m:[93m32[0m - [91merror[0m[90m NG6001: [0mThe class 'NxWelcomeComponent' is listed in the declarations of the NgModule 'AppModule', but is not a directive, a component, or a pipe. Either remove it from the NgModule's declarations, or add an appropriate Angular decorator.[39m[22m
[1m[31m[39m[22m
[1m[31m[7m13[0m   declarations: [AppComponent, NxWelcomeComponent],[39m[22m
[1m[31m[7m  [0m [91m                               ~~~~~~~~~~~~~~~~~~[0m[39m[22m
[1m[31m[39m[22m
[1m[31m  [96mapps/super-app-ui/src/app/nx-welcome.component.ts[0m:[93m14[0m:[93m14[0m[39m[22m
[1m[31m    [7m14[0m export class NxWelcomeComponent implements OnInit {[39m[22m
[1m[31m    [7m  [0m [96m             ~~~~~~~~~~~~~~~~~~[0m[39m[22m
[1m[31m    'NxWelcomeComponent' is declared here.[39m[22m
[1m[31m[39m[22m
[1m[31m[39m[22m
[1m[31m[0m[91mError: [39m[31m[0m[96mapps/super-app-ui/src/app/nx-welcome.component.ts[0m:[93m2[0m:[93m32[0m - [91merror[0m[90m TS2307: [0mCannot find module '@michael-nx/node-tests/node-tests.module' or its corresponding type declarations.[39m[22m
[1m[31m[39m[22m
[1m[31m[7m2[0m import { ServiceService } from '@michael-nx/node-tests/node-tests.module';[39m[22m
[1m[31m[7m [0m [91m                               ~~~~~~~~~~~~~~~~~~~~~~~~~~~~~~~~~~~~~~~~~~[0m[39m[22m
[1m[31m[39m[22m
[1m[31m[39m[22m
[1m[31m[0m[91mError: [39m[31m[0m[96mapps/super-app-ui/src/app/nx-welcome.component.ts[0m:[93m15[0m:[93m23[0m - [91merror[0m[90m NG2003: [0mNo suitable injection token for parameter 'service' of class 'NxWelcomeComponent'.[39m[22m
[1m[31m  Consider using the @Inject decorator to specify an injection token.[39m[22m
[1m[31m[39m[22m
[1m[31m[7m15[0m   constructor(private service: ServiceService) {}[39m[22m
[1m[31m[7m  [0m [91m                      ~~~~~~~[0m[39m[22m
[1m[31m[39m[22m
[1m[31m  [96mapps/super-app-ui/src/app/nx-welcome.component.ts[0m:[93m15[0m:[93m32[0m[39m[22m
[1m[31m    [7m15[0m   constructor(private service: Serv[39m[22m[1m[31miceService) {}[39m[22m
[1m[31m    [7m  [0m [96m                               ~~~~~~~~~~~~~~[0m[39m[22m
[1m[31m    This type does not have a value, so it cannot be used as injection token.[39m[22m
[1m[31m[39m[22m
[1m[31m[39m[22m
[1m[31m[39m[22m
[37m[39m
[37m[91mâœ–[39m[37m Failed to compile.[39m
[36mâ ‹[39m Generating browser application bundles...[2K[1G[36mâ ™[39m Generating browser application bundles (phase: sealing)...[2K[1G[32mâœ”[39m Browser application bundle generation complete.
[37m[39m
[37m[0m5 unchanged chunks[0m[39m
[37m[0m[0m[39m
[37m[0mBuild at: [1m[37m2022-02-20T23:18:25.017Z[39m[37m[22m - Hash: [1m[37mbac0d1bb136184fe[39m[37m[22m - Time: [1m[37m97[39m[37m[22mms[0m[39m
[1m[31m[39m[22m
[1m[31m[0m[36m./apps/super-app-ui/src/app/nx-welcome.component.ts[39m[31m[0m:[0m[93m4:0-74[39m[31m[0m - [0m[91mError: [39m[31m[0mModule not found: Error: Can't resolve '@michael-nx/node-tests/node-tests.module' in '/Users/msimpson/Desktop/NX_ANGULAR/michael-nx/apps/super-app-ui/src/app'[39m[22m
[1m[31m[39m[22m
[1m[31m[0m[91mError: [39m[31m[0m[96mapps/super-app-ui/src/app/app.module.ts[0m:[93m13[0m:[93m32[0m - [91merror[0m[90m NG6001: [0mThe class 'NxWelcomeComponent' is listed in the declarations of the NgModule 'AppModule', but is not a directive, a component, or a pipe. Either remove it from the NgModule's declarations, or add an appropriate Angular decorator.[39m[22m
[1m[31m[39m[22m
[1m[31m[7m13[0m   declarations: [AppComponent, NxWelcomeComponent],[39m[22m
[1m[31m[7m  [0m [91m                               ~~~~~~~~~~~~~~~~~~[0m[39m[22m
[1m[31m[39m[22m
[1m[31m  [96mapps/super-app-ui/src/app/nx-welcome.component.ts[0m:[93m14[0m:[93m14[0m[39m[22m
[1m[31m    [7m14[0m export class NxWelcomeComponent implements OnInit {[39m[22m
[1m[31m    [7m  [0m [96m             ~~~~~~~~~~~~~~~~~~[0m[39m[22m
[1m[31m    'NxWelcomeComponent' is declared here.[39m[22m
[1m[31m[39m[22m
[1m[31m[39m[22m
[1m[31m[0m[91mError: [39m[31m[0m[96mapps/super-app-ui/src/app/nx-welcome.component.ts[0m:[93m2[0m:[93m32[0m - [91merror[0m[90m TS2307: [0mCannot find module '@michael-nx/node-tests/node-tests.module' or its corresponding type declarations.[39m[22m
[1m[31m[39m[22m
[1m[31m[7m2[0m import { ServiceService } from '@michael-nx/node-tests/node-tests.module';[39m[22m
[1m[31m[7m [0m [91m                               ~~~~~~~~~~~~~~~~~~~~~~~~~~~~~~~~~~~~~~~~~~[0m[39m[22m
[1m[31m[39m[22m
[1m[31m[39m[22m
[1m[31m[0m[91mError: [39m[31m[0m[96mapps/super-app-ui/src/app/nx-welcome.component.ts[0m:[93m15[0m:[93m23[0m - [91merror[0m[90m NG2003: [0mNo suitable injection token for parameter 'service' of class 'NxWelcomeComponent'.[39m[22m
[1m[31m  Consider using the @Inject decorator to specify an injection token.[39m[22m
[1m[31m[39m[22m
[1m[31m[7m15[0m   constructor(private service: ServiceService) {}[39m[22m
[1m[31m[7m  [0m [91m                      ~~~~~~~[0m[39m[22m
[1m[31m[39m[22m
[1m[31m  [96mapps/super-app-ui/src/app/nx-welcome.component.ts[0m:[93m15[0m:[93m32[0m[39m[22m
[1m[31m    [7m15[0m   constructor(private service: Serv[39m[22m[1m[31miceService) {}[39m[22m
[1m[31m    [7m  [0m [96m                               ~~~~~~~~~~~~~~[0m[39m[22m
[1m[31m    This type does not have a value, so it cannot be used as injection token.[39m[22m
[1m[31m[39m[22m
[1m[31m[39m[22m
[1m[31m[39m[22m
[37m[39m
[37m[91mâœ–[39m[37m Failed to compile.[39m
[36mâ ‹[39m Generating browser application bundles...[2K[1G[36mâ ™[39m Generating browser application bundles (phase: building)...[2K[1G[32mâœ”[39m Browser application bundle generation complete.
[37m[39m
[37m[0m[1mInitial Chunk Files[22m[2m | [22m[1mNames[22m  [2m | [22m[1mRaw Size[22m[0m[39m
[37m[0m[92mmain.js[39m[37m            [2m | [22mmain   [2m | [22m[96m12.84 kB[39m[37m[2m | [22m[0m[39m
[37m[0m[92mruntime.js[39m[37m         [2m | [22mruntime[2m | [22m [96m6.52 kB[39m[37m[2m | [22m[0m[39m
[37m[0m[0m[39m
[37m[0m3 unchanged chunks[0m[39m
[37m[0m[0m[39m
[37m[0mBuild at: [1m[37m2022-02-20T23:20:28.215Z[39m[37m[22m - Hash: [1m[37m29f3de56bf76177a[39m[37m[22m - Time: [1m[37m166[39m[37m[22mms[0m[39m
[1m[31m[39m[22m
[1m[31m[0m[36m./apps/super-app-ui/src/app/nx-welcome.component.ts[39m[31m[0m:[0m[93m23:57-71[39m[31m[0m - [0m[91mError: [39m[31m[0mexport 'ServiceService' (imported as 'ServiceService') was not found in '@michael-nx/node-tests' (possible exports: NodeTestsModule)[39m[22m
[1m[31m[39m[22m
[1m[31m[0m[36m./apps/super-app-ui/src/app/nx-welcome.component.ts[39m[31m[0m:[0m[93m23:91-105[39m[31m[0m - [0m[91mError: [39m[31m[0mexport 'ServiceService' (imported as 'ServiceService') was not found in '@michael-nx/node-tests' (possible exports: NodeTestsModule)[39m[22m
[1m[31m[39m[22m
[1m[31m[0m[91mError: [39m[31m[0m[96mapps/super-app-ui/src/app/app.module.ts[0m:[93m13[0m:[93m32[0m - [91merror[0m[90m NG6001: [0mThe class 'NxWelcomeComponent' is listed in the declarations of the NgModule 'AppModule', but is not a directive, a component, or a pipe. Either remove it from the NgModule's declarations, or add an appropriate Angular decorator.[39m[22m
[1m[31m[39m[22m
[1m[31m[7m13[0m   declarations: [AppComponent, NxWelcomeComponent],[39m[22m
[1m[31m[7m  [0m [91m                               ~~~~~~~~~~~~~~~~~~[0m[39m[22m
[1m[31m[39m[22m
[1m[31m  [96mapps/super-app-ui/src/app/nx-welcome.component.ts[0m:[93m14[0m:[93m14[0m[39m[22m
[1m[31m    [7m14[0m export class NxWelcomeComponent implements OnInit {[39m[22m
[1m[31m    [7m  [0m [96m             ~~~~~~~~~~~~~~~~~~[0m[39m[22m
[1m[31m    'NxWelcomeComponent' is declared here.[39m[22m
[1m[31m[39m[22m
[1m[31m[39m[22m
[1m[31m[0m[91mError: [39m[31m[0m[96mapps/super-app-ui/src/app/nx-welcome.component.ts[0m:[93m2[0m:[93m10[0m - [91merror[0m[90m TS2305: [0mModule '"@michael-nx/node-tests"' has no exported member 'ServiceService'.[39m[22m
[1m[31m[39m[22m
[1m[31m[7m2[0m import { ServiceService } from '@michael-nx/node-tests';[39m[22m
[1m[31m[7m [0m [91m         ~~~~~~~~~~~~~~[0m[39m[22m
[1m[31m[39m[22m
[1m[31m[39m[22m
[1m[31m[0m[91mError: [39m[31m[0m[96mapps/super-app-ui/src/app/nx-welcome.component.ts[0m:[93m15[0m:[93m23[0m - [91merror[0m[90m NG2003: [0mNo suitable injection token for parameter 'service' of class 'NxWelcomeComponent'.[39m[22m
[1m[31m  Consider using the @Inject decorator to specify an injection token.[39m[22m
[1m[31m[39m[22m
[1m[31m[7m15[0m   constructor(private service: ServiceService) {}[39m[22m
[1m[31m[7m  [0m [91m                      ~~~~~~~[39m[22m[1m[31m[0m[39m[22m
[1m[31m[39m[22m
[1m[31m  [96mapps/super-app-ui/src/app/nx-welcome.component.ts[0m:[93m15[0m:[93m32[0m[39m[22m
[1m[31m    [7m15[0m   constructor(private service: ServiceService) {}[39m[22m
[1m[31m    [7m  [0m [96m                               ~~~~~~~~~~~~~~[0m[39m[22m
[1m[31m    This type does not have a value, so it cannot be used as injection token.[39m[22m
[1m[31m[39m[22m
[1m[31m[39m[22m
[1m[31m[39m[22m
[37m[39m
[37m[91mâœ–[39m[37m Failed to compile.[39m
[36mâ ‹[39m Generating browser application bundles...[2K[1G[36mâ ™[39m Generating browser application bundles (phase: building)...[2K[1G[36mâ ¹[39m Generating browser application bundles (phase: building)...[2K[1G[32mâœ”[39m Browser application bundle generation complete.
[37m[39m
[37m[0m5 unchanged chunks[0m[39m
[37m[0m[0m[39m
[37m[0mBuild at: [1m[37m2022-02-20T23:20:28.501Z[39m[37m[22m - Hash: [1m[37m29f3de56bf76177a[39m[37m[22m - Time: [1m[37m212[39m[37m[22mms[0m[39m
[1m[31m[39m[22m
[1m[31m[0m[36m./apps/super-app-ui/src/app/nx-welcome.component.ts[39m[31m[0m:[0m[93m23:57-71[39m[31m[0m - [0m[91mError: [39m[31m[0mexport 'ServiceService' (imported as 'ServiceService') was not found in '@michael-nx/node-tests' (possible exports: NodeTestsModule)[39m[22m
[1m[31m[39m[22m
[1m[31m[0m[36m./apps/super-app-ui/src/app/nx-welcome.component.ts[39m[31m[0m:[0m[93m23:91-105[39m[31m[0m - [0m[91mError: [39m[31m[0mexport 'ServiceService' (imported as 'ServiceService') was not found in '@michael-nx/node-tests' (possible exports: NodeTestsModule)[39m[22m
[1m[31m[39m[22m
[1m[31m[0m[91mError: [39m[31m[0m[96mapps/super-app-ui/src/app/app.module.ts[0m:[93m13[0m:[93m32[0m - [91merror[0m[90m NG6001: [0mThe class 'NxWelcomeComponent' is listed in the declarations of the NgModule 'AppModule', but is not a directive, a component, or a pipe. Either remove it from the NgModule's declarations, or add an appropriate Angular decorator.[39m[22m
[1m[31m[39m[22m
[1m[31m[7m13[0m   declarations: [AppComponent, NxWelcomeComponent],[39m[22m
[1m[31m[7m  [0m [91m                               ~~~~~~~~~~~~~~~~~~[0m[39m[22m
[1m[31m[39m[22m
[1m[31m  [96mapps/super-app-ui/src/app/nx-welcome.component.ts[0m:[93m14[0m:[93m14[0m[39m[22m
[1m[31m    [7m14[0m export class NxWelcomeComponent implements OnInit {[39m[22m
[1m[31m    [7m  [0m [96m             ~~~~~~~~~~~~~~~~~~[0m[39m[22m
[1m[31m    'NxWelcomeComponent' is declared here.[39m[22m
[1m[31m[39m[22m
[1m[31m[39m[22m
[1m[31m[0m[91mError: [39m[31m[0m[96mapps/super-app-ui/src/app/nx-welcome.component.ts[0m:[93m2[0m:[93m10[0m - [91merror[0m[90m TS2305: [0mModule '"@michael-nx/node-tests"' has no exported member 'ServiceService'.[39m[22m
[1m[31m[39m[22m
[1m[31m[7m2[0m import { ServiceService } from '@michael-nx/node-tests';[39m[22m
[1m[31m[7m [0m [91m         ~~~~~~~~~~~~~~[0m[39m[22m
[1m[31m[39m[22m
[1m[31m[39m[22m
[1m[31m[0m[91mError: [39m[31m[0m[96mapps/super-app-ui/src/app/nx-welcome.component.ts[0m:[93m15[0m:[93m23[0m - [91merror[0m[90m NG2003: [0mNo suitable injection token for parameter 'service' of class 'NxWelcomeComponent'.[39m[22m
[1m[31m  Consider using the @Inject decorator to specify an injection token.[39m[22m
[1m[31m[39m[22m
[1m[31m[7m15[0m   constructor(private service: ServiceService) {}[39m[22m
[1m[31m[7m  [0m [91m                      ~~~~~~~[39m[22m[1m[31m[0m[39m[22m
[1m[31m[39m[22m
[1m[31m  [96mapps/super-app-ui/src/app/nx-welcome.component.ts[0m:[93m15[0m:[93m32[0m[39m[22m
[1m[31m    [7m15[0m   constructor(private service: ServiceService) {}[39m[22m
[1m[31m    [7m  [0m [96m                               ~~~~~~~~~~~~~~[0m[39m[22m
[1m[31m    This type does not have a value, so it cannot be used as injection token.[39m[22m
[1m[31m[39m[22m
[1m[31m[39m[22m
[1m[31m[39m[22m
[37m[39m
[37m[91mâœ–[39m[37m Failed to compile.[39m
[36mâ ‹[39m Generating browser application bundles...[2K[1G[36mâ ™[39m Generating browser application bundles (phase: building)...[2K[1G[32mâœ”[39m Browser application bundle generation complete.
[37m[39m
[37m[0m[1mInitial Chunk Files[22m[2m | [22m[1mNames[22m  [2m | [22m[1mRaw Size[22m[0m[39m
[37m[0m[92mmain.js[39m[37m            [2m | [22mmain   [2m | [22m[96m13.04 kB[39m[37m[2m | [22m[0m[39m
[37m[0m[92mruntime.js[39m[37m         [2m | [22mruntime[2m | [22m [96m6.52 kB[39m[37m[2m | [22m[0m[39m
[37m[0m[0m[39m
[37m[0m3 unchanged chunks[0m[39m
[37m[0m[0m[39m
[37m[0mBuild at: [1m[37m2022-02-20T23:21:21.709Z[39m[37m[22m - Hash: [1m[37mbfdaa3687fb5694c[39m[37m[22m - Time: [1m[37m167[39m[37m[22mms[0m[39m
[1m[31m[39m[22m
[1m[31m[0m[36m./apps/super-app-ui/src/app/nx-welcome.component.ts[39m[31m[0m:[0m[93m4:0-63[39m[31m[0m - [0m[91mError: [39m[31m[0mModule not found: Error: Can't resolve '@michael-nx/node-tests.module' in '/Users/msimpson/Desktop/NX_ANGULAR/michael-nx/apps/super-app-ui/src/app'[39m[22m
[1m[31m[39m[22m
[1m[31m[0m[91mError: [39m[31m[0m[96mapps/super-app-ui/src/app/app.module.ts[0m:[93m13[0m:[93m32[0m - [91merror[0m[90m NG6001: [0mThe class 'NxWelcomeComponent' is listed in the declarations of the NgModule 'AppModule', but is not a directive, a component, or a pipe. Either remove it from the NgModule's declarations, or add an appropriate Angular decorator.[39m[22m
[1m[31m[39m[22m
[1m[31m[7m13[0m   declarations: [AppComponent, NxWelcomeComponent],[39m[22m
[1m[31m[7m  [0m [91m                               ~~~~~~~~~~~~~~~~~~[0m[39m[22m
[1m[31m[39m[22m
[1m[31m  [96mapps/super-app-ui/src/app/nx-welcome.component.ts[0m:[93m14[0m:[93m14[0m[39m[22m
[1m[31m    [7m14[0m export class NxWelcomeComponent implements OnInit {[39m[22m
[1m[31m    [7m  [0m [96m             ~~~~~~~~~~~~~~~~~~[0m[39m[22m
[1m[31m    'NxWelcomeComponent' is declared here.[39m[22m
[1m[31m[39m[22m
[1m[31m[39m[22m
[1m[31m[0m[91mError: [39m[31m[0m[96mapps/super-app-ui/src/app/nx-welcome.component.ts[0m:[93m2[0m:[93m32[0m - [91merror[0m[90m TS2307: [0mCannot find module '@michael-nx/node-tests.module' or its corresponding type declarations.[39m[22m
[1m[31m[39m[22m
[1m[31m[7m2[0m import { ServiceService } from '@michael-nx/node-tests.module';[39m[22m
[1m[31m[7m [0m [91m                               ~~~~~~~~~~~~~~~~~~~~~~~~~~~~~~~[0m[39m[22m
[1m[31m[39m[22m
[1m[31m[39m[22m
[1m[31m[0m[91mError: [39m[31m[0m[96mapps/super-app-ui/src/app/nx-welcome.component.ts[0m:[93m15[0m:[93m23[0m - [91merror[0m[90m NG2003: [0mNo suitable injection token for parameter 'service' of class 'NxWelcomeComponent'.[39m[22m
[1m[31m  Consider using the @Inject decorator to specify an injection token.[39m[22m
[1m[31m[39m[22m
[1m[31m[7m15[0m   constructor(private service: ServiceService) {}[39m[22m
[1m[31m[7m  [0m [91m                      ~~~~~~~[0m[39m[22m
[1m[31m[39m[22m
[1m[31m  [96mapps/super-app-ui/src/app/nx-welcome.component.ts[0m:[93m15[0m:[93m32[0m[39m[22m
[1m[31m    [7m15[0m   constructor(private service: ServiceService) {}[39m[22m
[1m[31m    [7m  [0m [96m         [39m[22m[1m[31m                      ~~~~~~~~~~~~~~[0m[39m[22m
[1m[31m    This type does not have a value, so it cannot be used as injection token.[39m[22m
[1m[31m[39m[22m
[1m[31m[39m[22m
[1m[31m[39m[22m
[37m[39m
[37m[91mâœ–[39m[37m Failed to compile.[39m
[36mâ ‹[39m Generating browser application bundles...[2K[1G[36mâ ™[39m Generating browser application bundles (phase: building)...[2K[1G[32mâœ”[39m Browser application bundle generation complete.
[37m[39m
[37m[0m5 unchanged chunks[0m[39m
[37m[0m[0m[39m
[37m[0mBuild at: [1m[37m2022-02-20T23:21:21.873Z[39m[37m[22m - Hash: [1m[37mbfdaa3687fb5694c[39m[37m[22m - Time: [1m[37m122[39m[37m[22mms[0m[39m
[1m[31m[39m[22m
[1m[31m[0m[36m./apps/super-app-ui/src/app/nx-welcome.component.ts[39m[31m[0m:[0m[93m4:0-63[39m[31m[0m - [0m[91mError: [39m[31m[0mModule not found: Error: Can't resolve '@michael-nx/node-tests.module' in '/Users/msimpson/Desktop/NX_ANGULAR/michael-nx/apps/super-app-ui/src/app'[39m[22m
[1m[31m[39m[22m
[1m[31m[0m[91mError: [39m[31m[0m[96mapps/super-app-ui/src/app/app.module.ts[0m:[93m13[0m:[93m32[0m - [91merror[0m[90m NG6001: [0mThe class 'NxWelcomeComponent' is listed in the declarations of the NgModule 'AppModule', but is not a directive, a component, or a pipe. Either remove it from the NgModule's declarations, or add an appropriate Angular decorator.[39m[22m
[1m[31m[39m[22m
[1m[31m[7m13[0m   declarations: [AppComponent, NxWelcomeComponent],[39m[22m
[1m[31m[7m  [0m [91m                               ~~~~~~~~~~~~~~~~~~[0m[39m[22m
[1m[31m[39m[22m
[1m[31m  [96mapps/super-app-ui/src/app/nx-welcome.component.ts[0m:[93m14[0m:[93m14[0m[39m[22m
[1m[31m    [7m14[0m export class NxWelcomeComponent implements OnInit {[39m[22m
[1m[31m    [7m  [0m [96m             ~~~~~~~~~~~~~~~~~~[0m[39m[22m
[1m[31m    'NxWelcomeComponent' is declared here.[39m[22m
[1m[31m[39m[22m
[1m[31m[39m[22m
[1m[31m[0m[91mError: [39m[31m[0m[96mapps/super-app-ui/src/app/nx-welcome.component.ts[0m:[93m2[0m:[93m32[0m - [91merror[0m[90m TS2307: [0mCannot find module '@michael-nx/node-tests.module' or its corresponding type declarations.[39m[22m
[1m[31m[39m[22m
[1m[31m[7m2[0m import { ServiceService } from '@michael-nx/node-tests.module';[39m[22m
[1m[31m[7m [0m [91m                               ~~~~~~~~~~~~~~~~~~~~~~~~~~~~~~~[0m[39m[22m
[1m[31m[39m[22m
[1m[31m[39m[22m
[1m[31m[0m[91mError: [39m[31m[0m[96mapps/super-app-ui/src/app/nx-welcome.component.ts[0m:[93m15[0m:[93m23[0m - [91merror[0m[90m NG2003: [0mNo suitable injection token for parameter 'service' of class 'NxWelcomeComponent'.[39m[22m
[1m[31m  Consider using the @Inject decorator to specify an injection token.[39m[22m
[1m[31m[39m[22m
[1m[31m[7m15[0m   constructor(private service: ServiceService) {}[39m[22m
[1m[31m[7m  [0m [91m                      ~~~~~~~[0m[39m[22m
[1m[31m[39m[22m
[1m[31m  [96mapps/super-app-ui/src/app/nx-welcome.component.ts[0m:[93m15[0m:[93m32[0m[39m[22m
[1m[31m    [7m15[0m   constructor(private service: ServiceService) {}[39m[22m
[1m[31m    [7m  [0m [96m         [39m[22m[1m[31m                      ~~~~~~~~~~~~~~[0m[39m[22m
[1m[31m    This type does not have a value, so it cannot be used as injection token.[39m[22m
[1m[31m[39m[22m
[1m[31m[39m[22m
[1m[31m[39m[22m
[37m[39m
[37m[91mâœ–[39m[37m Failed to compile.[39m
[36mâ ‹[39m Generating browser application bundles...[2K[1G[36mâ ™[39m Generating browser application bundles (phase: building)...[2K[1G[32mâœ”[39m Browser application bundle generation complete.
[37m[39m
[37m[0m[1mInitial Chunk Files[22m[2m | [22m[1mNames[22m  [2m | [22m[1mRaw Size[22m[0m[39m
[37m[0m[92mmain.js[39m[37m            [2m | [22mmain   [2m | [22m[96m12.65 kB[39m[37m[2m | [22m[0m[39m
[37m[0m[92mruntime.js[39m[37m         [2m | [22mruntime[2m | [22m [96m6.52 kB[39m[37m[2m | [22m[0m[39m
[37m[0m[0m[39m
[37m[0m3 unchanged chunks[0m[39m
[37m[0m[0m[39m
[37m[0mBuild at: [1m[37m2022-02-20T23:24:21.087Z[39m[37m[22m - Hash: [1m[37mf083c4fa6d5e83fb[39m[37m[22m - Time: [1m[37m169[39m[37m[22mms[0m[39m
[1m[31m[39m[22m
[1m[31m[0m[91mError: [39m[31m[0m[96mapps/super-app-ui/src/app/app.module.ts[0m:[93m13[0m:[93m32[0m - [91merror[0m[90m NG6001: [0mThe class 'NxWelcomeComponent' is listed in the declarations of the NgModule 'AppModule', but is not a directive, a component, or a pipe. Either remove it from the NgModule's declarations, or add an appropriate Angular decorator.[39m[22m
[1m[31m[39m[22m
[1m[31m[7m13[0m   declarations: [AppComponent, NxWelcomeComponent],[39m[22m
[1m[31m[7m  [0m [91m                               ~~~~~~~~~~~~~~~~~~[0m[39m[22m
[1m[31m[39m[22m
[1m[31m  [96mapps/super-app-ui/src/app/nx-welcome.component.ts[0m:[93m14[0m:[93m14[0m[39m[22m
[1m[31m    [7m14[0m export class NxWelcomeComponent implements OnInit {[39m[22m
[1m[31m    [7m  [0m [96m             ~~~~~~~~~~~~~~~~~~[0m[39m[22m
[1m[31m    'NxWelcomeComponent' is declared here.[39m[22m
[1m[31m[39m[22m
[1m[31m[39m[22m
[1m[31m[0m[91mError: [39m[31m[0m[96mapps/super-app-ui/src/app/nx-welcome.component.ts[0m:[93m15[0m:[93m23[0m - [91merror[0m[90m NG2003: [0mNo suitable injection token for parameter 'service' of class 'NxWelcomeComponent'.[39m[22m
[1m[31m  Consider using the @Inject decorator to specify an injection token.[39m[22m
[1m[31m[39m[22m
[1m[31m[7m15[0m   constructor(private service: ServiceService) {}[39m[22m
[1m[31m[7m  [0m [91m                      ~~~~~~~[0m[39m[22m
[1m[31m[39m[22m
[1m[31m  [96mapps/super-app-ui/src/app/nx-welcome.component.ts[0m:[93m15[0m:[93m32[0m[39m[22m
[1m[31m    [7m15[0m   constructor(private service: ServiceService) {}[39m[22m
[1m[31m    [7m  [0m [96m                               ~~~~~~~~~~~~~~[0m[39m[22m
[1m[31m    This type does not have a value, so it cannot be used as injection token.[39m[22m
[1m[31m[39m[22m
[1m[31m[39m[22m
[1m[31m[0m[91mError: [39m[31m[0m[96mapps/super-app-ui/src/app/nx-welcome.component.ts[0m:[93m15[0m:[93m32[0m - [91merror[0m[90m TS2304: [0mCannot find name 'ServiceService'.[39m[22m
[1m[31m[39m[22m
[1m[31m[7m15[0m   constructor(private service: ServiceService) {}[39m[22m
[1m[31m[7m  [0m [91m                               ~~~~~~~~~~~~~~[0m[39m[22m
[1m[31m[39m[22m
[1m[31m[39m[22m
[1m[31m[39m[22m
[37m[39m
[37m[91mâœ–[39m[37m Failed to compile.[39m
[36mâ ‹[39m Generating browser application bundles...[2K[1G[36mâ ™[39m Generating browser application bundles (phase: building)...[2K[1G[32mâœ”[39m Browser application bundle generation complete.
[37m[39m
[37m[0m5 unchanged chunks[0m[39m
[37m[0m[0m[39m
[37m[0mBuild at: [1m[37m2022-02-20T23:24:21.260Z[39m[37m[22m - Hash: [1m[37mf083c4fa6d5e83fb[39m[37m[22m - Time: [1m[37m132[39m[37m[22mms[0m[39m
[1m[31m[39m[22m
[1m[31m[0m[91mError: [39m[31m[0m[96mapps/super-app-ui/src/app/app.module.ts[0m:[93m13[0m:[93m32[0m - [91merror[0m[90m NG6001: [0mThe class 'NxWelcomeComponent' is listed in the declarations of the NgModule 'AppModule', but is not a directive, a component, or a pipe. Either remove it from the NgModule's declarations, or add an appropriate Angular decorator.[39m[22m
[1m[31m[39m[22m
[1m[31m[7m13[0m   declarations: [AppComponent, NxWelcomeComponent],[39m[22m
[1m[31m[7m  [0m [91m                               ~~~~~~~~~~~~~~~~~~[0m[39m[22m
[1m[31m[39m[22m
[1m[31m  [96mapps/super-app-ui/src/app/nx-welcome.component.ts[0m:[93m14[0m:[93m14[0m[39m[22m
[1m[31m    [7m14[0m export class NxWelcomeComponent implements OnInit {[39m[22m
[1m[31m    [7m  [0m [96m             ~~~~~~~~~~~~~~~~~~[0m[39m[22m
[1m[31m    'NxWelcomeComponent' is declared here.[39m[22m
[1m[31m[39m[22m
[1m[31m[39m[22m
[1m[31m[0m[91mError: [39m[31m[0m[96mapps/super-app-ui/src/app/nx-welcome.component.ts[0m:[93m15[0m:[93m23[0m - [91merror[0m[90m NG2003: [0mNo suitable injection token for parameter 'service' of class 'NxWelcomeComponent'.[39m[22m
[1m[31m  Consider using the @Inject decorator to specify an injection token.[39m[22m
[1m[31m[39m[22m
[1m[31m[7m15[0m   constructor(private service: ServiceService) {}[39m[22m
[1m[31m[7m  [0m [91m                      ~~~~~~~[0m[39m[22m
[1m[31m[39m[22m
[1m[31m  [96mapps/super-app-ui/src/app/nx-welcome.component.ts[0m:[93m15[0m:[93m32[0m[39m[22m
[1m[31m    [7m15[0m   constructor(private service: ServiceService) {}[39m[22m
[1m[31m    [7m  [0m [96m                               ~~~~~~~~~~~~~~[0m[39m[22m
[1m[31m    This type does not have a value, so it cannot be used as injection token.[39m[22m
[1m[31m[39m[22m
[1m[31m[39m[22m
[1m[31m[0m[91mError: [39m[31m[0m[96mapps/super-app-ui/src/app/nx-welcome.component.ts[0m:[93m15[0m:[93m32[0m - [91merror[0m[90m TS2304: [0mCannot find name 'ServiceService'.[39m[22m
[1m[31m[39m[22m
[1m[31m[7m15[0m   constructor(private service: ServiceService) {}[39m[22m
[1m[31m[7m  [0m [91m                               ~~~~~~~~~~~~~~[0m[39m[22m
[1m[31m[39m[22m
[1m[31m[39m[22m
[1m[31m[39m[22m
[37m[39m
[37m[91mâœ–[39m[37m Failed to compile.[39m
[36mâ ‹[39m Generating browser application bundles...[2K[1G[36mâ ™[39m Generating browser application bundles (phase: building)...[2K[1G[36mâ ¹[39m Generating browser application bundles (phase: building)...[2K[1G[36mâ ¸[39m Generating browser application bundles (phase: building)...[2K[1G[36mâ ¼[39m Generating browser application bundles (phase: sealing)...[2K[1G[32mâœ”[39m Browser application bundle generation complete.
[37m[39m
[37m[0m5 unchanged chunks[0m[39m
[37m[0m[0m[39m
[37m[0mBuild at: [1m[37m2022-02-20T23:25:13.840Z[39m[37m[22m - Hash: [1m[37mf083c4fa6d5e83fb[39m[37m[22m - Time: [1m[37m408[39m[37m[22mms[0m[39m
[1m[31m[39m[22m
[1m[31m[0m[91mError: [39m[31m[0m[96mapps/super-app-ui/src/app/app.module.ts[0m:[93m13[0m:[93m32[0m - [91merror[0m[90m NG6001: [0mThe class 'NxWelcomeComponent' is listed in the declarations of the NgModule 'AppModule', but is not a directive, a component, or a pipe. Either remove it from the NgModule's declarations, or add an appropriate Angular decorator.[39m[22m
[1m[31m[39m[22m
[1m[31m[7m13[0m   declarations: [AppComponent, NxWelcomeComponent],[39m[22m
[1m[31m[7m  [0m [91m                               ~~~~~~~~~~~~~~~~~~[0m[39m[22m
[1m[31m[39m[22m
[1m[31m  [96mapps/super-app-ui/src/app/nx-welcome.component.ts[0m:[93m14[0m:[93m14[0m[39m[22m
[1m[31m    [7m14[0m export class NxWelcomeComponent implements OnInit {[39m[22m
[1m[31m    [7m  [0m [96m             ~~~~~~~~~~~~~~~~~~[0m[39m[22m
[1m[31m    'NxWelcomeComponent' is declared here.[39m[22m
[1m[31m[39m[22m
[1m[31m[39m[22m
[1m[31m[0m[91mError: [39m[31m[0m[96mapps/super-app-ui/src/app/nx-welcome.component.ts[0m:[93m15[0m:[93m23[0m - [91merror[0m[90m NG2003: [0mNo suitable injection token for parameter 'service' of class 'NxWelcomeComponent'.[39m[22m
[1m[31m  Consider using the @Inject decorator to specify an injection token.[39m[22m
[1m[31m[39m[22m
[1m[31m[7m15[0m   constructor(private service: ServiceService) {}[39m[22m
[1m[31m[7m  [0m [91m                      ~~~~~~~[0m[39m[22m
[1m[31m[39m[22m
[1m[31m  [96mapps/super-app-ui/src/app/nx-welcome.component.ts[0m:[93m15[0m:[93m32[0m[39m[22m
[1m[31m    [7m15[0m   constructor(private service: ServiceService) {}[39m[22m
[1m[31m    [7m  [0m [96m                               ~~~~~~~~~~~~~~[0m[39m[22m
[1m[31m    This type does not have a value, so it cannot be used as injection token.[39m[22m
[1m[31m[39m[22m
[1m[31m[39m[22m
[1m[31m[0m[91mError: [39m[31m[0m[96mapps/super-app-ui/src/app/nx-welcome.component.ts[0m:[93m15[0m:[93m32[0m - [91merror[0m[90m TS2304: [0mCannot find name 'ServiceService'.[39m[22m
[1m[31m[39m[22m
[1m[31m[7m15[0m   constructor(private service: ServiceService) {}[39m[22m
[1m[31m[7m  [0m [91m                               ~~~~~~~~~~~~~~[0m[39m[22m
[1m[31m[39m[22m
[1m[31m[39m[22m
[1m[31m[39m[22m
[37m[39m
[37m[91mâœ–[39m[37m Failed to compile.[39m
[36mâ ‹[39m Generating browser application bundles...[2K[1G[36mâ ™[39m Generating browser application bundles (phase: building)...[2K[1G[32mâœ”[39m Browser application bundle generation complete.
[37m[39m
[37m[0m5 unchanged chunks[0m[39m
[37m[0m[0m[39m
[37m[0mBuild at: [1m[37m2022-02-20T23:25:14.027Z[39m[37m[22m - Hash: [1m[37mf083c4fa6d5e83fb[39m[37m[22m - Time: [1m[37m107[39m[37m[22mms[0m[39m
[1m[31m[39m[22m
[1m[31m[0m[91mError: [39m[31m[0m[96mapps/super-app-ui/src/app/app.module.ts[0m:[93m13[0m:[93m32[0m - [91merror[0m[90m NG6001: [0mThe class 'NxWelcomeComponent' is listed in the declarations of the NgModule 'AppModule', but is not a directive, a component, or a pipe. Either remove it from the NgModule's declarations, or add an appropriate Angular decorator.[39m[22m
[1m[31m[39m[22m
[1m[31m[7m13[0m   declarations: [AppComponent, NxWelcomeComponent],[39m[22m
[1m[31m[7m  [0m [91m                               ~~~~~~~~~~~~~~~~~~[0m[39m[22m
[1m[31m[39m[22m
[1m[31m  [96mapps/super-app-ui/src/app/nx-welcome.component.ts[0m:[93m14[0m:[93m14[0m[39m[22m
[1m[31m    [7m14[0m export class NxWelcomeComponent implements OnInit {[39m[22m
[1m[31m    [7m  [0m [96m             ~~~~~~~~~~~~~~~~~~[0m[39m[22m
[1m[31m    'NxWelcomeComponent' is declared here.[39m[22m
[1m[31m[39m[22m
[1m[31m[39m[22m
[1m[31m[0m[91mError: [39m[31m[0m[96mapps/super-app-ui/src/app/nx-welcome.component.ts[0m:[93m15[0m:[93m23[0m - [91merror[0m[90m NG2003: [0mNo suitable injection token for parameter 'service' of class 'NxWelcomeComponent'.[39m[22m
[1m[31m  Consider using the @Inject decorator to specify an injection token.[39m[22m
[1m[31m[39m[22m
[1m[31m[7m15[0m   constructor(private service: ServiceService) {}[39m[22m
[1m[31m[7m  [0m [91m                      ~~~~~~~[0m[39m[22m
[1m[31m[39m[22m
[1m[31m  [96mapps/super-app-ui/src/app/nx-welcome.component.ts[0m:[93m15[0m:[93m32[0m[39m[22m
[1m[31m    [7m15[0m   constructor(private service: ServiceService) {}[39m[22m
[1m[31m    [7m  [0m [96m                               ~~~~~~~~~~~~~~[0m[39m[22m
[1m[31m    This type does not have a value, so it cannot be used as injection token.[39m[22m
[1m[31m[39m[22m
[1m[31m[39m[22m
[1m[31m[0m[91mError: [39m[31m[0m[96mapps/super-app-ui/src/app/nx-welcome.component.ts[0m:[93m15[0m:[93m32[0m - [91merror[0m[90m TS2304: [0mCannot find name 'ServiceService'.[39m[22m
[1m[31m[39m[22m
[1m[31m[7m15[0m   constructor(private service: ServiceService) {}[39m[22m
[1m[31m[7m  [0m [91m                               ~~~~~~~~~~~~~~[0m[39m[22m
[1m[31m[39m[22m
[1m[31m[39m[22m
[1m[31m[39m[22m
[37m[39m
[37m[91mâœ–[39m[37m Failed to compile.[39m
[36mâ ‹[39m Generating browser application bundles...[2K[1G[36mâ ™[39m Generating browser application bundles (phase: building)...[2K[1G[36mâ ¹[39m Generating browser application bundles (phase: building)...[2K[1G[36mâ ¸[39m Generating browser application bundles (phase: sealing)...[2K[1G[32mâœ”[39m Browser application bundle generation complete.
[37m[39m
[37m[0m[1mInitial Chunk Files[22m[2m | [22m[1mNames[22m  [2m | [22m[1mRaw Size[22m[0m[39m
[37m[0m[92mmain.js[39m[37m            [2m | [22mmain   [2m | [22m[96m12.41 kB[39m[37m[2m | [22m[0m[39m
[37m[0m[92mruntime.js[39m[37m         [2m | [22mruntime[2m | [22m [96m6.52 kB[39m[37m[2m | [22m[0m[39m
[37m[0m[0m[39m
[37m[0m3 unchanged chunks[0m[39m
[37m[0m[0m[39m
[37m[0mBuild at: [1m[37m2022-02-20T23:25:28.361Z[39m[37m[22m - Hash: [1m[37mb5a8fa40b75ac197[39m[37m[22m - Time: [1m[37m327[39m[37m[22mms[0m[39m
[1m[31m[39m[22m
[1m[31m[0m[91mError: [39m[31m[0m[96mapps/super-app-ui/src/app/app.module.ts[0m:[93m13[0m:[93m32[0m - [91merror[0m[90m NG6001: [0mThe class 'NxWelcomeComponent' is listed in the declarations of the NgModule 'AppModule', but is not a directive, a component, or a pipe. Either remove it from the NgModule's declarations, or add an appropriate Angular decorator.[39m[22m
[1m[31m[39m[22m
[1m[31m[7m13[0m   declarations: [AppComponent, NxWelcomeComponent],[39m[22m
[1m[31m[7m  [0m [91m                               ~~~~~~~~~~~~~~~~~~[0m[39m[22m
[1m[31m[39m[22m
[1m[31m  [96mapps/super-app-ui/src/app/nx-welcome.component.ts[0m:[93m14[0m:[93m14[0m[39m[22m
[1m[31m    [7m14[0m export class NxWelcomeComponent implements OnInit {[39m[22m
[1m[31m    [7m  [0m [96m             ~~~~~~~~~~~~~~~~~~[0m[39m[22m
[1m[31m    'NxWelcomeComponent' is declared here.[39m[22m
[1m[31m[39m[22m
[1m[31m[39m[22m
[1m[31m[0m[91mError: [39m[31m[0m[96mapps/super-app-ui/src/app/nx-welcome.component.ts[0m:[93m15[0m:[93m23[0m - [91merror[0m[90m NG2003: [0mNo suitable injection token for parameter 'service' of class 'NxWelcomeComponent'.[39m[22m
[1m[31m  Consider using the @Inject decorator to specify an injection token.[39m[22m
[1m[31m[39m[22m
[1m[31m[7m15[0m   constructor(private service: ServiceService) {}[39m[22m
[1m[31m[7m  [0m [91m                      ~~~~~~~[0m[39m[22m
[1m[31m[39m[22m
[1m[31m  [96mapps/super-app-ui/src/app/nx-welcome.component.ts[0m:[93m15[0m:[93m32[0m[39m[22m
[1m[31m    [7m15[0m   constructor(private service: ServiceService) {}[39m[22m
[1m[31m    [7m  [0m [96m                               ~~~~~~~~~~~~~~[0m[39m[22m
[1m[31m    This type does not have a value, so it cannot be used as injection token.[39m[22m
[1m[31m[39m[22m
[1m[31m[39m[22m
[1m[31m[0m[91mError: [39m[31m[0m[96mapps/super-app-ui/src/app/nx-welcome.component.ts[0m:[93m15[0m:[93m32[0m - [91merror[0m[90m TS2304: [0mCannot find name 'ServiceService'.[39m[22m
[1m[31m[39m[22m
[1m[31m[7m15[0m   constructor(private service: ServiceService) {}[39m[22m
[1m[31m[7m  [0m [91m                               ~~~~~~~~~~~~~~[0m[39m[22m
[1m[31m[39m[22m
[1m[31m[39m[22m
[1m[31m[0m[91mError: [39m[31m[0m[96mlibs/node-tests/src/lib/node-tests.module.ts[0m:[93m11[0m:[93m14[0m - [91merror[0m[90m NG6002: [0mAppears in the NgModule.imports of AppModule, but itself has errors[39m[22m
[1m[31m[39m[22m
[1m[31m[7m11[0m export class Node[39m[22m[1m[31mTestsModule {}[39m[22m
[1m[31m[7m  [0m [91m             ~~~~~~~~~~~~~~~[0m[39m[22m
[1m[31m[39m[22m
[1m[31m[39m[22m
[1m[31m[39m[22m
[37m[39m
[37m[91mâœ–[39m[37m Failed to compile.[39m
[36mâ ‹[39m Generating browser application bundles...[2K[1G[36mâ ™[39m Generating browser application bundles (phase: sealing)...[2K[1G[32mâœ”[39m Browser application bundle generation complete.
[37m[39m
[37m[0m5 unchanged chunks[0m[39m
[37m[0m[0m[39m
[37m[0mBuild at: [1m[37m2022-02-20T23:25:28.522Z[39m[37m[22m - Hash: [1m[37mb5a8fa40b75ac197[39m[37m[22m - Time: [1m[37m99[39m[37m[22mms[0m[39m
[1m[31m[39m[22m
[1m[31m[0m[91mError: [39m[31m[0m[96mapps/super-app-ui/src/app/app.module.ts[0m:[93m13[0m:[93m32[0m - [91merror[0m[90m NG6001: [0mThe class 'NxWelcomeComponent' is listed in the declarations of the NgModule 'AppModule', but is not a directive, a component, or a pipe. Either remove it from the NgModule's declarations, or add an appropriate Angular decorator.[39m[22m
[1m[31m[39m[22m
[1m[31m[7m13[0m   declarations: [AppComponent, NxWelcomeComponent],[39m[22m
[1m[31m[7m  [0m [91m                               ~~~~~~~~~~~~~~~~~~[0m[39m[22m
[1m[31m[39m[22m
[1m[31m  [96mapps/super-app-ui/src/app/nx-welcome.component.ts[0m:[93m14[0m:[93m14[0m[39m[22m
[1m[31m    [7m14[0m export class NxWelcomeComponent implements OnInit {[39m[22m
[1m[31m    [7m  [0m [96m             ~~~~~~~~~~~~~~~~~~[0m[39m[22m
[1m[31m    'NxWelcomeComponent' is declared here.[39m[22m
[1m[31m[39m[22m
[1m[31m[39m[22m
[1m[31m[0m[91mError: [39m[31m[0m[96mapps/super-app-ui/src/app/nx-welcome.component.ts[0m:[93m15[0m:[93m23[0m - [91merror[0m[90m NG2003: [0mNo suitable injection token for parameter 'service' of class 'NxWelcomeComponent'.[39m[22m
[1m[31m  Consider using the @Inject decorator to specify an injection token.[39m[22m
[1m[31m[39m[22m
[1m[31m[7m15[0m   constructor(private service: ServiceService) {}[39m[22m
[1m[31m[7m  [0m [91m                      ~~~~~~~[0m[39m[22m
[1m[31m[39m[22m
[1m[31m  [96mapps/super-app-ui/src/app/nx-welcome.component.ts[0m:[93m15[0m:[93m32[0m[39m[22m
[1m[31m    [7m15[0m   constructor(private service: ServiceService) {}[39m[22m
[1m[31m    [7m  [0m [96m                               ~~~~~~~~~~~~~~[0m[39m[22m
[1m[31m    This type does not have a value, so it cannot be used as injection token.[39m[22m
[1m[31m[39m[22m
[1m[31m[39m[22m
[1m[31m[0m[91mError: [39m[31m[0m[96mapps/super-app-ui/src/app/nx-welcome.component.ts[0m:[93m15[0m:[93m32[0m - [91merror[0m[90m TS2304: [0mCannot find name 'ServiceService'.[39m[22m
[1m[31m[39m[22m
[1m[31m[7m15[0m   constructor(private service: ServiceService) {}[39m[22m
[1m[31m[7m  [0m [91m                               ~~~~~~~~~~~~~~[0m[39m[22m
[1m[31m[39m[22m
[1m[31m[39m[22m
[1m[31m[0m[91mError: [39m[31m[0m[96mlibs/node-tests/src/lib/node-tests.module.ts[0m:[93m11[0m:[93m14[0m - [91merror[0m[90m NG6002: [0mAppears in the NgModule.imports of AppModule, but itself has errors[39m[22m
[1m[31m[39m[22m
[1m[31m[7m11[0m export class Node[39m[22m[1m[31mTestsModule {}[39m[22m
[1m[31m[7m  [0m [91m             ~~~~~~~~~~~~~~~[0m[39m[22m
[1m[31m[39m[22m
[1m[31m[39m[22m
[1m[31m[39m[22m
[37m[39m
[37m[91mâœ–[39m[37m Failed to compile.[39m
[36mâ ‹[39m Generating browser application bundles...[2K[1G[36mâ ™[39m Generating browser application bundles (phase: sealing)...[2K[1G[32mâœ”[39m Browser application bundle generation complete.
[37m[39m
[37m[0m[1mInitial Chunk Files[22m[2m | [22m[1mNames[22m  [2m | [22m[1mRaw Size[22m[0m[39m
[37m[0m[92mmain.js[39m[37m            [2m | [22mmain   [2m | [22m[96m12.65 kB[39m[37m[2m | [22m[0m[39m
[37m[0m[92mruntime.js[39m[37m         [2m | [22mruntime[2m | [22m [96m6.52 kB[39m[37m[2m | [22m[0m[39m
[37m[0m[0m[39m
[37m[0m3 unchanged chunks[0m[39m
[37m[0m[0m[39m
[37m[0mBuild at: [1m[37m2022-02-20T23:25:45.887Z[39m[37m[22m - Hash: [1m[37mf083c4fa6d5e83fb[39m[37m[22m - Time: [1m[37m127[39m[37m[22mms[0m[39m
[1m[31m[39m[22m
[1m[31m[0m[91mError: [39m[31m[0m[96mapps/super-app-ui/src/app/app.module.ts[0m:[93m13[0m:[93m32[0m - [91merror[0m[90m NG6001: [0mThe class 'NxWelcomeComponent' is listed in the declarations of the NgModule 'AppModule', but is not a directive, a component, or a pipe. Either remove it from the NgModule's declarations, or add an appropriate Angular decorator.[39m[22m
[1m[31m[39m[22m
[1m[31m[7m13[0m   declarations: [AppComponent, NxWelcomeComponent],[39m[22m
[1m[31m[7m  [0m [91m                               ~~~~~~~~~~~~~~~~~~[0m[39m[22m
[1m[31m[39m[22m
[1m[31m  [96mapps/super-app-ui/src/app/nx-welcome.component.ts[0m:[93m14[0m:[93m14[0m[39m[22m
[1m[31m    [7m14[0m export class NxWelcomeComponent implements OnInit {[39m[22m
[1m[31m    [7m  [0m [96m             ~~~~~~~~~~~~~~~~~~[0m[39m[22m
[1m[31m    'NxWelcomeComponent' is declared here.[39m[22m
[1m[31m[39m[22m
[1m[31m[39m[22m
[1m[31m[0m[91mError: [39m[31m[0m[96mapps/super-app-ui/src/app/nx-welcome.component.ts[0m:[93m15[0m:[93m23[0m - [91merror[0m[90m NG2003: [0mNo suitable injection token for parameter 'service' of class 'NxWelcomeComponent'.[39m[22m
[1m[31m  Consider using the @Inject decorator to specify an injection token.[39m[22m
[1m[31m[39m[22m
[1m[31m[7m15[0m   constructor(private service: ServiceService) {}[39m[22m
[1m[31m[7m  [0m [91m                      ~~~~~~~[0m[39m[22m
[1m[31m[39m[22m
[1m[31m  [96mapps/super-app-ui/src/app/nx-welcome.component.ts[0m:[93m15[0m:[93m32[0m[39m[22m
[1m[31m    [7m15[0m   constructor(private service: ServiceService) {}[39m[22m
[1m[31m    [7m  [0m [96m                               ~~~~~~~~~~~~~~[0m[39m[22m
[1m[31m    This type does not have a value, so it cannot be used as injection token.[39m[22m
[1m[31m[39m[22m
[1m[31m[39m[22m
[1m[31m[0m[91mError: [39m[31m[0m[96mapps/super-app-ui/src/app/nx-welcome.component.ts[0m:[93m15[0m:[93m32[0m - [91merror[0m[90m TS2304: [0mCannot find name 'ServiceService'.[39m[22m
[1m[31m[39m[22m
[1m[31m[7m15[0m   constructor(private service: ServiceService) {}[39m[22m
[1m[31m[7m  [0m [91m                               ~~~~~~~~~~~~~~[0m[39m[22m
[1m[31m[39m[22m
[1m[31m[39m[22m
[1m[31m[39m[22m
[37m[39m
[37m[91mâœ–[39m[37m Failed to compile.[39m
[36mâ ‹[39m Generating browser application bundles...[2K[1G[36mâ ™[39m Generating browser application bundles (phase: sealing)...[2K[1G[32mâœ”[39m Browser application bundle generation complete.
[37m[39m
[37m[0m5 unchanged chunks[0m[39m
[37m[0m[0m[39m
[37m[0mBuild at: [1m[37m2022-02-20T23:25:46.034Z[39m[37m[22m - Hash: [1m[37mf083c4fa6d5e83fb[39m[37m[22m - Time: [1m[37m108[39m[37m[22mms[0m[39m
[1m[31m[39m[22m
[1m[31m[0m[91mError: [39m[31m[0m[96mapps/super-app-ui/src/app/app.module.ts[0m:[93m13[0m:[93m32[0m - [91merror[0m[90m NG6001: [0mThe class 'NxWelcomeComponent' is listed in the declarations of the NgModule 'AppModule', but is not a directive, a component, or a pipe. Either remove it from the NgModule's declarations, or add an appropriate Angular decorator.[39m[22m
[1m[31m[39m[22m
[1m[31m[7m13[0m   declarations: [AppComponent, NxWelcomeComponent],[39m[22m
[1m[31m[7m  [0m [91m                               ~~~~~~~~~~~~~~~~~~[0m[39m[22m
[1m[31m[39m[22m
[1m[31m  [96mapps/super-app-ui/src/app/nx-welcome.component.ts[0m:[93m14[0m:[93m14[0m[39m[22m
[1m[31m    [7m14[0m export class NxWelcomeComponent implements OnInit {[39m[22m
[1m[31m    [7m  [0m [96m             ~~~~~~~~~~~~~~~~~~[0m[39m[22m
[1m[31m    'NxWelcomeComponent' is declared here.[39m[22m
[1m[31m[39m[22m
[1m[31m[39m[22m
[1m[31m[0m[91mError: [39m[31m[0m[96mapps/super-app-ui/src/app/nx-welcome.component.ts[0m:[93m15[0m:[93m23[0m - [91merror[0m[90m NG2003: [0mNo suitable injection token for parameter 'service' of class 'NxWelcomeComponent'.[39m[22m
[1m[31m  Consider using the @Inject decorator to specify an injection token.[39m[22m
[1m[31m[39m[22m
[1m[31m[7m15[0m   constructor(private service: ServiceService) {}[39m[22m
[1m[31m[7m  [0m [91m                      ~~~~~~~[0m[39m[22m
[1m[31m[39m[22m
[1m[31m  [96mapps/super-app-ui/src/app/nx-welcome.component.ts[0m:[93m15[0m:[93m32[0m[39m[22m
[1m[31m    [7m15[0m   constructor(private service: ServiceService) {}[39m[22m
[1m[31m    [7m  [0m [96m                               ~~~~~~~~~~~~~~[0m[39m[22m
[1m[31m    This type does not have a value, so it cannot be used as injection token.[39m[22m
[1m[31m[39m[22m
[1m[31m[39m[22m
[1m[31m[0m[91mError: [39m[31m[0m[96mapps/super-app-ui/src/app/nx-welcome.component.ts[0m:[93m15[0m:[93m32[0m - [91merror[0m[90m TS2304: [0mCannot find name 'ServiceService'.[39m[22m
[1m[31m[39m[22m
[1m[31m[7m15[0m   constructor(private service: ServiceService) {}[39m[22m
[1m[31m[7m  [0m [91m                               ~~~~~~~~~~~~~~[0m[39m[22m
[1m[31m[39m[22m
[1m[31m[39m[22m
[1m[31m[39m[22m
[37m[39m
[37m[91mâœ–[39m[37m Failed to compile.[39m
[36mâ ‹[39m Generating browser application bundles...[2K[1G[36mâ ™[39m Generating browser application bundles (phase: building)...[2K[1G[36mâ ¹[39m Generating browser application bundles (phase: building)...[2K[1G[36mâ ¸[39m Generating browser application bundles (phase: sealing)...[2K[1G[32mâœ”[39m Browser application bundle generation complete.
[37m[39m
[37m[0m[1mInitial Chunk Files[22m[2m | [22m[1mNames[22m  [2m | [22m[1mRaw Size[22m[0m[39m
[37m[0m[92mmain.js[39m[37m            [2m | [22mmain   [2m | [22m[96m13.11 kB[39m[37m[2m | [22m[0m[39m
[37m[0m[92mruntime.js[39m[37m         [2m | [22mruntime[2m | [22m [96m6.52 kB[39m[37m[2m | [22m[0m[39m
[37m[0m[0m[39m
[37m[0m3 unchanged chunks[0m[39m
[37m[0m[0m[39m
[37m[0mBuild at: [1m[37m2022-02-20T23:26:44.457Z[39m[37m[22m - Hash: [1m[37mb00a29fddcd0504d[39m[37m[22m - Time: [1m[37m292[39m[37m[22mms[0m[39m
[1m[31m[39m[22m
[1m[31m[0m[36m./apps/super-app-ui/src/app/nx-welcome.component.ts[39m[31m[0m:[0m[93m4:0-89[39m[31m[0m - [0m[91mError: [39m[31m[0mModule not found: Error: Can't resolve '@michael-nx/node-tests/src/lib/services/service.service' in '/Users/msimpson/Desktop/NX_ANGULAR/michael-nx/apps/super-app-ui/src/app'[39m[22m
[1m[31m[39m[22m
[1m[31m[0m[91mError: [39m[31m[0m[96mapps/super-app-ui/src/app/app.module.ts[0m:[93m13[0m:[93m32[0m - [91merror[0m[90m NG6001: [0mThe class 'NxWelcomeComponent' is listed in the declarations of the NgModule 'AppModule', but is not a directive, a component, or a pipe. Either remove it from the NgModule's declarations, or add an appropriate Angular decorator.[39m[22m
[1m[31m[39m[22m
[1m[31m[7m13[0m   declarations: [AppComponent, NxWelcomeComponent],[39m[22m
[1m[31m[7m  [0m [91m                               ~~~~~~~~~~~~~~~~~~[0m[39m[22m
[1m[31m[39m[22m
[1m[31m  [96mapps/super-app-ui/src/app/nx-welcome.component.ts[0m:[93m14[0m:[93m14[0m[39m[22m
[1m[31m    [7m14[0m export class NxWelcomeComponent implements OnInit {[39m[22m
[1m[31m    [7m  [0m [96m             ~~~~~~~~~~~~~~~~~~[0m[39m[22m
[1m[31m    'NxWelcomeComponent' is declared here.[39m[22m
[1m[31m[39m[22m
[1m[31m[39m[22m
[1m[31m[0m[91mError: [39m[31m[0m[96mapps/super-app-ui/src/app/nx-welcome.component.ts[0m:[93m2[0m:[93m32[0m - [91merror[0m[90m TS2307: [0mCannot find module '@michael-nx/node-tests/src/lib/services/service.service' or its corresponding type declarations.[39m[22m
[1m[31m[39m[22m
[1m[31m[7m2[0m import { ServiceService } from '@michael-nx/node-tests/src/lib/services/service.service';[39m[22m
[1m[31m[7m [0m [91m                               ~~~~~~~~~~~~~~~~~~~~~~~~~~~~~~~~~~~~~~~~~~~~~~~~~~~~~~~~~[0m[39m[22m
[1m[31m[39m[22m
[1m[31m[39m[22m
[1m[31m[0m[91mError: [39m[31m[0m[96mapps/super-app-ui/src/app/nx-welcome.component.ts[0m:[93m15[0m:[93m23[0m - [91merror[0m[90m NG2003: [0mNo suitable injection token for parameter 'service' of class 'NxWelcomeComponent'.[39m[22m
[1m[31m  Consider using the @Inject decorator to specify an injection token.[39m[22m
[1m[31m[39m[22m
[1m[31m[7m15[0m   constructor(private service: ServiceService) {}[39m[22m
[1m[31m[7m  [0m [91m                      ~~~~~~~[0m[39m[22m
[1m[31m[39m[22m
[1m[31m  [96mapps/super-app-ui/src/app/nx-welcome.component.ts[0m:[93m15[0m:[[39m[22m[1m[31m93m32[0m[39m[22m
[1m[31m    [7m15[0m   constructor(private service: ServiceService) {}[39m[22m
[1m[31m    [7m  [0m [96m                               ~~~~~~~~~~~~~~[0m[39m[22m
[1m[31m    This type does not have a value, so it cannot be used as injection token.[39m[22m
[1m[31m[39m[22m
[1m[31m[39m[22m
[1m[31m[39m[22m
[37m[39m
[37m[91mâœ–[39m[37m Failed to compile.[39m
[36mâ ‹[39m Generating browser application bundles...[2K[1G[36mâ ™[39m Generating browser application bundles (phase: building)...[2K[1G[36mâ ¹[39m Generating browser application bundles (phase: sealing)...[2K[1G[32mâœ”[39m Browser application bundle generation complete.
[37m[39m
[37m[0m5 unchanged chunks[0m[39m
[37m[0m[0m[39m
[37m[0mBuild at: [1m[37m2022-02-20T23:26:44.717Z[39m[37m[22m - Hash: [1m[37mb00a29fddcd0504d[39m[37m[22m - Time: [1m[37m172[39m[37m[22mms[0m[39m
[1m[31m[39m[22m
[1m[31m[0m[36m./apps/super-app-ui/src/app/nx-welcome.component.ts[39m[31m[0m:[0m[93m4:0-89[39m[31m[0m - [0m[91mError: [39m[31m[0mModule not found: Error: Can't resolve '@michael-nx/node-tests/src/lib/services/service.service' in '/Users/msimpson/Desktop/NX_ANGULAR/michael-nx/apps/super-app-ui/src/app'[39m[22m
[1m[31m[39m[22m
[1m[31m[0m[91mError: [39m[31m[0m[96mapps/super-app-ui/src/app/app.module.ts[0m:[93m13[0m:[93m32[0m - [91merror[0m[90m NG6001: [0mThe class 'NxWelcomeComponent' is listed in the declarations of the NgModule 'AppModule', but is not a directive, a component, or a pipe. Either remove it from the NgModule's declarations, or add an appropriate Angular decorator.[39m[22m
[1m[31m[39m[22m
[1m[31m[7m13[0m   declarations: [AppComponent, NxWelcomeComponent],[39m[22m
[1m[31m[7m  [0m [91m                               ~~~~~~~~~~~~~~~~~~[0m[39m[22m
[1m[31m[39m[22m
[1m[31m  [96mapps/super-app-ui/src/app/nx-welcome.component.ts[0m:[93m14[0m:[93m14[0m[39m[22m
[1m[31m    [7m14[0m export class NxWelcomeComponent implements OnInit {[39m[22m
[1m[31m    [7m  [0m [96m             ~~~~~~~~~~~~~~~~~~[0m[39m[22m
[1m[31m    'NxWelcomeComponent' is declared here.[39m[22m
[1m[31m[39m[22m
[1m[31m[39m[22m
[1m[31m[0m[91mError: [39m[31m[0m[96mapps/super-app-ui/src/app/nx-welcome.component.ts[0m:[93m2[0m:[93m32[0m - [91merror[0m[90m TS2307: [0mCannot find module '@michael-nx/node-tests/src/lib/services/service.service' or its corresponding type declarations.[39m[22m
[1m[31m[39m[22m
[1m[31m[7m2[0m import { ServiceService } from '@michael-nx/node-tests/src/lib/services/service.service';[39m[22m
[1m[31m[7m [0m [91m                               ~~~~~~~~~~~~~~~~~~~~~~~~~~~~~~~~~~~~~~~~~~~~~~~~~~~~~~~~~[0m[39m[22m
[1m[31m[39m[22m
[1m[31m[39m[22m
[1m[31m[0m[91mError: [39m[31m[0m[96mapps/super-app-ui/src/app/nx-welcome.component.ts[0m:[93m15[0m:[93m23[0m - [91merror[0m[90m NG2003: [0mNo suitable injection token for parameter 'service' of class 'NxWelcomeComponent'.[39m[22m
[1m[31m  Consider using the @Inject decorator to specify an injection token.[39m[22m
[1m[31m[39m[22m
[1m[31m[7m15[0m   constructor(private service: ServiceService) {}[39m[22m
[1m[31m[7m  [0m [91m                      ~~~~~~~[0m[39m[22m
[1m[31m[39m[22m
[1m[31m  [96mapps/super-app-ui/src/app/nx-welcome.component.ts[0m:[93m15[0m:[[39m[22m[1m[31m93m32[0m[39m[22m
[1m[31m    [7m15[0m   constructor(private service: ServiceService) {}[39m[22m
[1m[31m    [7m  [0m [96m                               ~~~~~~~~~~~~~~[0m[39m[22m
[1m[31m    This type does not have a value, so it cannot be used as injection token.[39m[22m
[1m[31m[39m[22m
[1m[31m[39m[22m
[1m[31m[39m[22m
[37m[39m
[37m[91mâœ–[39m[37m Failed to compile.[39m
[36mâ ‹[39m Generating browser application bundles...[2K[1G[36mâ ™[39m Generating browser application bundles (phase: building)...[2K[1G[36mâ ¹[39m Generating browser application bundles (phase: building)...[2K[1G[36mâ ¸[39m Generating browser application bundles (phase: sealing)...[2K[1G[36mâ ¼[39m Generating browser application bundles (phase: emitting)...[2K[1G[32mâœ”[39m Browser application bundle generation complete.
[37m[39m
[37m[0m[1mInitial Chunk Files[22m[2m | [22m[1mNames[22m  [2m | [22m[1mRaw Size[22m[0m[39m
[37m[0m[92mvendor.js[39m[37m          [2m | [22mvendor [2m | [22m [96m1.96 MB[39m[37m[2m | [22m[0m[39m
[37m[0m[92mmain.js[39m[37m            [2m | [22mmain   [2m | [22m[96m14.00 kB[39m[37m[2m | [22m[0m[39m
[37m[0m[92mruntime.js[39m[37m         [2m | [22mruntime[2m | [22m [96m6.52 kB[39m[37m[2m | [22m[0m[39m
[37m[0m[0m[39m
[37m[0m2 unchanged chunks[0m[39m
[37m[0m[0m[39m
[37m[0mBuild at: [1m[37m2022-02-20T23:27:34.826Z[39m[37m[22m - Hash: [1m[37ma6a388f5dc942512[39m[37m[22m - Time: [1m[37m637[39m[37m[22mms[0m[39m
[37m[39m
[37m[92mâœ”[39m[37m Compiled successfully.[39m
[36mâ ‹[39m Generating browser application bundles...[2K[1G[36mâ ™[39m Generating browser application bundles (phase: building)...[2K[1G[32mâœ”[39m Browser application bundle generation complete.
[37m[39m
[37m[0m5 unchanged chunks[0m[39m
[37m[0m[0m[39m
[37m[0mBuild at: [1m[37m2022-02-20T23:27:34.980Z[39m[37m[22m - Hash: [1m[37ma6a388f5dc942512[39m[37m[22m - Time: [1m[37m127[39m[37m[22mms[0m[39m
[37m[39m
[37m[92mâœ”[39m[37m Compiled successfully.[39m
[36mâ ‹[39m Generating browser application bundles...[2K[1G[36mâ ™[39m Generating browser application bundles (phase: building)...[2K[1G[36mâ ¹[39m Generating browser application bundles (phase: building)...[2K[1G[32mâœ”[39m Browser application bundle generation complete.
[37m[39m
[37m[0m[1mInitial Chunk Files[22m[2m | [22m[1mNames[22m  [2m | [22m[1mRaw Size[22m[0m[39m
[37m[0m[92mmain.js[39m[37m            [2m | [22mmain   [2m | [22m[96m14.06 kB[39m[37m[2m | [22m[0m[39m
[37m[0m[92mruntime.js[39m[37m         [2m | [22mruntime[2m | [22m [96m6.52 kB[39m[37m[2m | [22m[0m[39m
[37m[0m[0m[39m
[37m[0m3 unchanged chunks[0m[39m
[37m[0m[0m[39m
[37m[0mBuild at: [1m[37m2022-02-20T23:31:18.730Z[39m[37m[22m - Hash: [1m[37m0bcf0e698ef43f7f[39m[37m[22m - Time: [1m[37m294[39m[37m[22mms[0m[39m
[1m[31m[39m[22m
[1m[31m[0m[36m./apps/super-app-ui/src/app/app.module.ts[39m[31m[0m:[0m[93m17:65-79[39m[31m[0m - [0m[91mError: [39m[31m[0mexport 'ServiceService' (imported as 'ServiceService') was not found in '@michael-nx/node-tests' (possible exports: NodeTestsModule)[39m[22m
[1m[31m[39m[22m
[1m[31m[0m[91mError: [39m[31m[0m[96mapps/super-app-ui/src/app/app.module.ts[0m:[93m10[0m:[93m27[0m - [91merror[0m[90m TS2305: [0mModule '"@michael-nx/node-tests"' has no exported member 'ServiceService'.[39m[22m
[1m[31m[39m[22m
[1m[31m[7m10[0m import { NodeTestsModule, ServiceService } from '@michael-nx/node-tests';[39m[22m
[1m[31m[7m  [0m [91m                          ~~~~~~~~~~~~~~[0m[39m[22m
[1m[31m[39m[22m
[1m[31m[39m[22m
[1m[31m[39m[22m
[37m[39m
[37m[91mâœ–[39m[37m Failed to compile.[39m
[36mâ ‹[39m Generating browser application bundles...[2K[1G[36mâ ™[39m Generating browser application bundles (phase: building)...[2K[1G[36mâ ¹[39m Generating browser application bundles (phase: sealing)...[2K[1G[32mâœ”[39m Browser application bundle generation complete.
[37m[39m
[37m[0m[1mInitial Chunk Files[22m[2m | [22m[1mNames[22m  [2m | [22m[1mRaw Size[22m[0m[39m
[37m[0m[92mmain.js[39m[37m            [2m | [22mmain   [2m | [22m[96m14.00 kB[39m[37m[2m | [22m[0m[39m
[37m[0m[92mruntime.js[39m[37m         [2m | [22mruntime[2m | [22m [96m6.52 kB[39m[37m[2m | [22m[0m[39m
[37m[0m[0m[39m
[37m[0m3 unchanged chunks[0m[39m
[37m[0m[0m[39m
[37m[0mBuild at: [1m[37m2022-02-20T23:33:03.528Z[39m[37m[22m - Hash: [1m[37ma6a388f5dc942512[39m[37m[22m - Time: [1m[37m197[39m[37m[22mms[0m[39m
[37m[39m
[37m[92mâœ”[39m[37m Compiled successfully.[39m
[36mâ ‹[39m Generating browser application bundles...[2K[1G[36mâ ™[39m Generating browser application bundles (phase: building)...[2K[1G[36mâ ¹[39m Generating browser application bundles (phase: building)...[2K[1G[36mâ ¸[39m Generating browser application bundles (phase: sealing)...[2K[1G[36mâ ¼[39m Generating browser application bundles (phase: sealing)...[2K[1G[32mâœ”[39m Browser application bundle generation complete.
[37m[39m
[37m[0m[1mInitial Chunk Files[22m[2m | [22m[1mNames[22m  [2m | [22m[1mRaw Size[22m[0m[39m
[37m[0m[92mvendor.js[39m[37m          [2m | [22mvendor [2m | [22m [96m1.97 MB[39m[37m[2m | [22m[0m[39m
[37m[0m[92mmain.js[39m[37m            [2m | [22mmain   [2m | [22m[96m12.67 kB[39m[37m[2m | [22m[0m[39m
[37m[0m[92mruntime.js[39m[37m         [2m | [22mruntime[2m | [22m [96m6.52 kB[39m[37m[2m | [22m[0m[39m
[37m[0m[0m[39m
[37m[0m2 unchanged chunks[0m[39m
[37m[0m[0m[39m
[37m[0mBuild at: [1m[37m2022-02-20T23:33:21.560Z[39m[37m[22m - Hash: [1m[37mbeffa8a941a6bd74[39m[37m[22m - Time: [1m[37m671[39m[37m[22mms[0m[39m
[1m[31m[39m[22m
[1m[31m[0m[91mError: [39m[31m[0m[96mapps/super-app-ui/src/app/app.module.ts[0m:[93m13[0m:[93m32[0m - [91merror[0m[90m NG6001: [0mThe class 'NxWelcomeComponent' is listed in the declarations of the NgModule 'AppModule', but is not a directive, a component, or a pipe. Either remove it from the NgModule's declarations, or add an appropriate Angular decorator.[39m[22m
[1m[31m[39m[22m
[1m[31m[7m13[0m   declarations: [AppComponent, NxWelcomeComponent],[39m[22m
[1m[31m[7m  [0m [91m                               ~~~~~~~~~~~~~~~~~~[0m[39m[22m
[1m[31m[39m[22m
[1m[31m  [96mapps/super-app-ui/src/app/nx-welcome.component.ts[0m:[93m14[0m:[93m14[0m[39m[22m
[1m[31m    [7m14[0m export class NxWelcomeComponent implements OnInit {[39m[22m
[1m[31m    [7m  [0m [96m             ~~~~~~~~~~~~~~~~~~[0m[39m[22m
[1m[31m    'NxWelcomeComponent' is declared here.[39m[22m
[1m[31m[39m[22m
[1m[31m[39m[22m
[1m[31m[0m[91mError: [39m[31m[0m[96mapps/super-app-ui/src/app/nx-welcome.component.ts[0m:[93m15[0m:[93m22[0m - [91merror[0m[90m NG2003: [0mNo suitable injection token for parameter 'service' of class 'NxWelcomeComponent'.[39m[22m
[1m[31m  Consider using the @Inject decorator to specify an injection token.[39m[22m
[1m[31m[39m[22m
[1m[31m[7m15[0m   constructor(public service: ServiceService) {}[39m[22m
[1m[31m[7m  [0m [91m                     ~~~~~~~[0m[39m[22m
[1m[31m[39m[22m
[1m[31m  [96mapps/super-app-ui/src/app/nx-welcome.component.ts[0m:[93m15[0m:[93m31[0m[39m[22m
[1m[31m    [7m15[0m   constructor(public service: ServiceService) {}[39m[22m
[1m[31m    [7m  [0m [96m                              ~~~~~~~~~~~~~~[0m[39m[22m
[1m[31m    This type does not have a value, so it cannot be used as injection token.[39m[22m
[1m[31m[39m[22m
[1m[31m[39m[22m
[1m[31m[0m[91mError: [39m[31m[0m[96mapps/super-app-ui/src/app/nx-welcome.component.ts[0m:[93m15[0m:[93m31[0m - [91merror[0m[90m TS2304: [0mCannot find name 'ServiceService'.[39m[22m
[1m[31m[39m[22m
[1m[31m[7m15[0m   constructor(public service: ServiceService) {}[39m[22m
[1m[31m[7m  [0m [91m                              ~~~~~~~~~~~~~~[0m[39m[22m
[1m[31m[39m[22m
[1m[31m[39m[22m
[1m[31m[39m[22m
[37m[39m
[37m[91mâœ–[39m[37m Failed to compile.[39m
[36mâ ‹[39m Generating browser application bundles...[2K[1G[36mâ ™[39m Generating browser application bundles (phase: building)...[2K[1G[32mâœ”[39m Browser application bundle generation complete.
[37m[39m
[37m[0m5 unchanged chunks[0m[39m
[37m[0m[0m[39m
[37m[0mBuild at: [1m[37m2022-02-20T23:33:21.744Z[39m[37m[22m - Hash: [1m[37mbeffa8a941a6bd74[39m[37m[22m - Time: [1m[37m142[39m[37m[22mms[0m[39m
[1m[31m[39m[22m
[1m[31m[0m[91mError: [39m[31m[0m[96mapps/super-app-ui/src/app/app.module.ts[0m:[93m13[0m:[93m32[0m - [91merror[0m[90m NG6001: [0mThe class 'NxWelcomeComponent' is listed in the declarations of the NgModule 'AppModule', but is not a directive, a component, or a pipe. Either remove it from the NgModule's declarations, or add an appropriate Angular decorator.[39m[22m
[1m[31m[39m[22m
[1m[31m[7m13[0m   declarations: [AppComponent, NxWelcomeComponent],[39m[22m
[1m[31m[7m  [0m [91m                               ~~~~~~~~~~~~~~~~~~[0m[39m[22m
[1m[31m[39m[22m
[1m[31m  [96mapps/super-app-ui/src/app/nx-welcome.component.ts[0m:[93m14[0m:[93m14[0m[39m[22m
[1m[31m    [7m14[0m export class NxWelcomeComponent implements OnInit {[39m[22m
[1m[31m    [7m  [0m [96m             ~~~~~~~~~~~~~~~~~~[0m[39m[22m
[1m[31m    'NxWelcomeComponent' is declared here.[39m[22m
[1m[31m[39m[22m
[1m[31m[39m[22m
[1m[31m[0m[91mError: [39m[31m[0m[96mapps/super-app-ui/src/app/nx-welcome.component.ts[0m:[93m15[0m:[93m22[0m - [91merror[0m[90m NG2003: [0mNo suitable injection token for parameter 'service' of class 'NxWelcomeComponent'.[39m[22m
[1m[31m  Consider using the @Inject decorator to specify an injection token.[39m[22m
[1m[31m[39m[22m
[1m[31m[7m15[0m   constructor(public service: ServiceService) {}[39m[22m
[1m[31m[7m  [0m [91m                     ~~~~~~~[0m[39m[22m
[1m[31m[39m[22m
[1m[31m  [96mapps/super-app-ui/src/app/nx-welcome.component.ts[0m:[93m15[0m:[93m31[0m[39m[22m
[1m[31m    [7m15[0m   constructor(public service: ServiceService) {}[39m[22m
[1m[31m    [7m  [0m [96m                              ~~~~~~~~~~~~~~[0m[39m[22m
[1m[31m    This type does not have a value, so it cannot be used as injection token.[39m[22m
[1m[31m[39m[22m
[1m[31m[39m[22m
[1m[31m[0m[91mError: [39m[31m[0m[96mapps/super-app-ui/src/app/nx-welcome.component.ts[0m:[93m15[0m:[93m31[0m - [91merror[0m[90m TS2304: [0mCannot find name 'ServiceService'.[39m[22m
[1m[31m[39m[22m
[1m[31m[7m15[0m   constructor(public service: ServiceService) {}[39m[22m
[1m[31m[7m  [0m [91m                              ~~~~~~~~~~~~~~[0m[39m[22m
[1m[31m[39m[22m
[1m[31m[39m[22m
[1m[31m[39m[22m
[37m[39m
[37m[91mâœ–[39m[37m Failed to compile.[39m
[36mâ ‹[39m Generating browser application bundles...[2K[1G[36mâ ™[39m Generating browser application bundles (phase: building)...[2K[1G[32mâœ”[39m Browser application bundle generation complete.
[37m[39m
[37m[0m[1mInitial Chunk Files[22m[2m | [22m[1mNames[22m  [2m | [22m[1mRaw Size[22m[0m[39m
[37m[0m[92mmain.js[39m[37m            [2m | [22mmain   [2m | [22m[96m12.96 kB[39m[37m[2m | [22m[0m[39m
[37m[0m[92mruntime.js[39m[37m         [2m | [22mruntime[2m | [22m [96m6.52 kB[39m[37m[2m | [22m[0m[39m
[37m[0m[0m[39m
[37m[0m3 unchanged chunks[0m[39m
[37m[0m[0m[39m
[37m[0mBuild at: [1m[37m2022-02-20T23:40:16.913Z[39m[37m[22m - Hash: [1m[37m90257762e6b595bf[39m[37m[22m - Time: [1m[37m154[39m[37m[22mms[0m[39m
[1m[31m[39m[22m
[1m[31m[0m[91mError: [39m[31m[0m[96mapps/super-app-ui/src/app/app.module.ts[0m:[93m13[0m:[93m32[0m - [91merror[0m[90m NG6001: [0mThe class 'NxWelcomeComponent' is listed in the declarations of the NgModule 'AppModule', but is not a directive, a component, or a pipe. Either remove it from the NgModule's declarations, or add an appropriate Angular decorator.[39m[22m
[1m[31m[39m[22m
[1m[31m[7m13[0m   declarations: [AppComponent, NxWelcomeComponent],[39m[22m
[1m[31m[7m  [0m [91m                               ~~~~~~~~~~~~~~~~~~[0m[39m[22m
[1m[31m[39m[22m
[1m[31m  [96mapps/super-app-ui/src/app/nx-welcome.component.ts[0m:[93m14[0m:[93m14[0m[39m[22m
[1m[31m    [7m14[0m export class NxWelcomeComponent implements OnInit {[39m[22m
[1m[31m    [7m  [0m [96m             ~~~~~~~~~~~~~~~~~~[0m[39m[22m
[1m[31m    'NxWelcomeComponent' is declared here.[39m[22m
[1m[31m[39m[22m
[1m[31m[39m[22m
[1m[31m[0m[91mError: [39m[31m[0m[96mapps/super-app-ui/src/app/nx-welcome.component.ts[0m:[93m15[0m:[93m22[0m - [91merror[0m[90m NG2003: [0mNo suitable injection token for parameter 'service' of class 'NxWelcomeComponent'.[39m[22m
[1m[31m  Consider using the @Inject decorator to specify an injection token.[39m[22m
[1m[31m[39m[22m
[1m[31m[7m15[0m   constructor(public service: ServiceService) {}[39m[22m
[1m[31m[7m  [0m [91m                     ~~~~~~~[0m[39m[22m
[1m[31m[39m[22m
[1m[31m  [96mapps/super-app-ui/src/app/nx-welcome.component.ts[0m:[93m15[0m:[93m31[0m[39m[22m
[1m[31m    [7m15[0m   constructor(public service: ServiceService) {}[39m[22m
[1m[31m    [7m  [0m [96m                              ~~~~~~~~~~~~~~[0m[39m[22m
[1m[31m    This type does not have a value, so it cannot be used as injection token.[39m[22m
[1m[31m[39m[22m
[1m[31m[39m[22m
[1m[31m[0m[91mError: [39m[31m[0m[96mapps/super-app-ui/src/app/nx-welcome.component.ts[0m:[93m15[0m:[93m31[0m - [91merror[0m[90m TS2304: [0mCannot find name 'ServiceService'.[39m[22m
[1m[31m[39m[22m
[1m[31m[7m15[0m   constructor(public service: ServiceService) {}[39m[22m
[1m[31m[7m  [0m [91m                              ~~~~~~~~~~~~~~[0m[39m[22m
[1m[31m[39m[22m
[1m[31m[39m[22m
[1m[31m[39m[22m
[37m[39m
[37m[91mâœ–[39m[37m Failed to compile.[39m
[36mâ ‹[39m Generating browser application bundles...[2K[1G[36mâ ™[39m Generating browser application bundles (phase: building)...[2K[1G[36mâ ¹[39m Generating browser application bundles (phase: building)...[2K[1G[36mâ ¸[39m Generating browser application bundles (phase: sealing)...[2K[1G[36mâ ¼[39m Generating browser application bundles (phase: emitting)...[2K[1G[32mâœ”[39m Browser application bundle generation complete.
[37m[39m
[37m[0m[1mInitial Chunk Files[22m[2m | [22m[1mNames[22m  [2m | [22m[1mRaw Size[22m[0m[39m
[37m[0m[92mvendor.js[39m[37m          [2m | [22mvendor [2m | [22m [96m1.96 MB[39m[37m[2m | [22m[0m[39m
[37m[0m[92mmain.js[39m[37m            [2m | [22mmain   [2m | [22m[96m14.29 kB[39m[37m[2m | [22m[0m[39m
[37m[0m[92mruntime.js[39m[37m         [2m | [22mruntime[2m | [22m [96m6.52 kB[39m[37m[2m | [22m[0m[39m
[37m[0m[0m[39m
[37m[0m2 unchanged chunks[0m[39m
[37m[0m[0m[39m
[37m[0mBuild at: [1m[37m2022-02-20T23:40:20.875Z[39m[37m[22m - Hash: [1m[37mb4e5cc15b5300574[39m[37m[22m - Time: [1m[37m609[39m[37m[22mms[0m[39m
[37m[39m
[37m[92mâœ”[39m[37m Compiled successfully.[39m
[36mâ ‹[39m Generating browser application bundles...[2K[1G[36mâ ™[39m Generating browser application bundles (phase: building)...[2K[1G[36mâ ¹[39m Generating browser application bundles (phase: building)...[2K[1G[32mâœ”[39m Browser application bundle generation complete.
[37m[39m
[37m[0m[1mInitial Chunk Files[22m[2m | [22m[1mNames[22m  [2m | [22m[1mRaw Size[22m[0m[39m
[37m[0m[92mmain.js[39m[37m            [2m | [22mmain   [2m | [22m[96m14.29 kB[39m[37m[2m | [22m[0m[39m
[37m[0m[92mruntime.js[39m[37m         [2m | [22mruntime[2m | [22m [96m6.52 kB[39m[37m[2m | [22m[0m[39m
[37m[0m[0m[39m
[37m[0m3 unchanged chunks[0m[39m
[37m[0m[0m[39m
[37m[0mBuild at: [1m[37m2022-02-20T23:40:48.636Z[39m[37m[22m - Hash: [1m[37m0829aef5d572b839[39m[37m[22m - Time: [1m[37m286[39m[37m[22mms[0m[39m
[37m[39m
[37m[92mâœ”[39m[37m Compiled successfully.[39m
[36mâ ‹[39m Generating browser application bundles...[2K[1G[36mâ ™[39m Generating browser application bundles (phase: building)...[2K[1G[36mâ ¹[39m Generating browser application bundles (phase: building)...[2K[1G[32mâœ”[39m Browser application bundle generation complete.
[37m[39m
[37m[0m[1mInitial Chunk Files[22m[2m | [22m[1mNames[22m  [2m | [22m[1mRaw Size[22m[0m[39m
[37m[0m[92mmain.js[39m[37m            [2m | [22mmain   [2m | [22m[96m13.76 kB[39m[37m[2m | [22m[0m[39m
[37m[0m[92mruntime.js[39m[37m         [2m | [22mruntime[2m | [22m [96m6.52 kB[39m[37m[2m | [22m[0m[39m
[37m[0m[0m[39m
[37m[0m3 unchanged chunks[0m[39m
[37m[0m[0m[39m
[37m[0mBuild at: [1m[37m2022-02-20T23:41:29.134Z[39m[37m[22m - Hash: [1m[37me43c5adf8358aadc[39m[37m[22m - Time: [1m[37m343[39m[37m[22mms[0m[39m
[37m[39m
[37m[92mâœ”[39m[37m Compiled successfully.[39m
[36mâ ‹[39m Generating browser application bundles...[2K[1G[36mâ ™[39m Generating browser application bundles (phase: building)...[2K[1G[36mâ ¹[39m Generating browser application bundles (phase: emitting)...[2K[1G[32mâœ”[39m Browser application bundle generation complete.
[37m[39m
[37m[0m[1mInitial Chunk Files[22m[2m | [22m[1mNames[22m  [2m | [22m[1mRaw Size[22m[0m[39m
[37m[0m[92mmain.js[39m[37m            [2m | [22mmain   [2m | [22m[96m14.24 kB[39m[37m[2m | [22m[0m[39m
[37m[0m[92mruntime.js[39m[37m         [2m | [22mruntime[2m | [22m [96m6.52 kB[39m[37m[2m | [22m[0m[39m
[37m[0m[0m[39m
[37m[0m3 unchanged chunks[0m[39m
[37m[0m[0m[39m
[37m[0mBuild at: [1m[37m2022-02-20T23:42:36.487Z[39m[37m[22m - Hash: [1m[37m6537859fc4fd9715[39m[37m[22m - Time: [1m[37m182[39m[37m[22mms[0m[39m
[37m[39m
[37m[92mâœ”[39m[37m Compiled successfully.[39m
[36mâ ‹[39m Generating browser application bundles...[2K[1G[36mâ ™[39m Generating browser application bundles (phase: building)...[2K[1G[32mâœ”[39m Browser application bundle generation complete.
[37m[39m
[37m[0m5 unchanged chunks[0m[39m
[37m[0m[0m[39m
[37m[0mBuild at: [1m[37m2022-02-20T23:42:36.667Z[39m[37m[22m - Hash: [1m[37m6537859fc4fd9715[39m[37m[22m - Time: [1m[37m119[39m[37m[22mms[0m[39m
[37m[39m
[37m[92mâœ”[39m[37m Compiled successfully.[39m
[36mâ ‹[39m Generating browser application bundles...[2K[1G[36mâ ™[39m Generating browser application bundles (phase: building)...[2K[1G[32mâœ”[39m Browser application bundle generation complete.
[37m[39m
[37m[0m5 unchanged chunks[0m[39m
[37m[0m[0m[39m
[37m[0mBuild at: [1m[37m2022-02-20T23:43:15.321Z[39m[37m[22m - Hash: [1m[37m6537859fc4fd9715[39m[37m[22m - Time: [1m[37m117[39m[37m[22mms[0m[39m
[37m[39m
[37m[92mâœ”[39m[37m Compiled successfully.[39m
[36mâ ‹[39m Generating browser application bundles...[2K[1G[36mâ ™[39m Generating browser application bundles (phase: building)...[2K[1G[32mâœ”[39m Browser application bundle generation complete.
[37m[39m
[37m[0m[1mInitial Chunk Files[22m[2m | [22m[1mNames[22m  [2m | [22m[1mRaw Size[22m[0m[39m
[37m[0m[92mmain.js[39m[37m            [2m | [22mmain   [2m | [22m[96m14.24 kB[39m[37m[2m | [22m[0m[39m
[37m[0m[92mruntime.js[39m[37m         [2m | [22mruntime[2m | [22m [96m6.52 kB[39m[37m[2m | [22m[0m[39m
[37m[0m[0m[39m
[37m[0m3 unchanged chunks[0m[39m
[37m[0m[0m[39m
[37m[0mBuild at: [1m[37m2022-02-20T23:43:43.461Z[39m[37m[22m - Hash: [1m[37med5243ca91d5b47b[39m[37m[22m - Time: [1m[37m124[39m[37m[22mms[0m[39m
[37m[39m
[37m[92mâœ”[39m[37m Compiled successfully.[39m
[36mâ ‹[39m Generating browser application bundles...[2K[1G[36mâ ™[39m Generating browser application bundles (phase: building)...[2K[1G[32mâœ”[39m Browser application bundle generation complete.
[37m[39m
[37m[0m5 unchanged chunks[0m[39m
[37m[0m[0m[39m
[37m[0mBuild at: [1m[37m2022-02-20T23:43:43.608Z[39m[37m[22m - Hash: [1m[37med5243ca91d5b47b[39m[37m[22m - Time: [1m[37m118[39m[37m[22mms[0m[39m
[37m[39m
[37m[92mâœ”[39m[37m Compiled successfully.[39m
[36mâ ‹[39m Generating browser application bundles...[2K[1G[36mâ ™[39m Generating browser application bundles (phase: building)...[2K[1G[32mâœ”[39m Browser application bundle generation complete.
[37m[39m
[37m[0m[1mInitial Chunk Files[22m[2m | [22m[1mNames[22m  [2m | [22m[1mRaw Size[22m[0m[39m
[37m[0m[92mmain.js[39m[37m            [2m | [22mmain   [2m | [22m[96m14.24 kB[39m[37m[2m | [22m[0m[39m
[37m[0m[92mruntime.js[39m[37m         [2m | [22mruntime[2m | [22m [96m6.52 kB[39m[37m[2m | [22m[0m[39m
[37m[0m[0m[39m
[37m[0m3 unchanged chunks[0m[39m
[37m[0m[0m[39m
[37m[0mBuild at: [1m[37m2022-02-20T23:43:45.637Z[39m[37m[22m - Hash: [1m[37mfec36bddcd895f37[39m[37m[22m - Time: [1m[37m117[39m[37m[22mms[0m[39m
[37m[39m
[37m[92mâœ”[39m[37m Compiled successfully.[39m
[36mâ ‹[39m Generating browser application bundles...[2K[1G[36mâ ™[39m Generating browser application bundles (phase: building)...[2K[1G[32mâœ”[39m Browser application bundle generation complete.
[37m[39m
[37m[0m5 unchanged chunks[0m[39m
[37m[0m[0m[39m
[37m[0mBuild at: [1m[37m2022-02-20T23:43:45.770Z[39m[37m[22m - Hash: [1m[37mfec36bddcd895f37[39m[37m[22m - Time: [1m[37m106[39m[37m[22mms[0m[39m
[37m[39m
[37m[92mâœ”[39m[37m Compiled successfully.[39m
[36mâ ‹[39m Generating browser application bundles...[2K[1G[36mâ ™[39m Generating browser application bundles (phase: building)...[2K[1G[32mâœ”[39m Browser application bundle generation complete.
[37m[39m
[37m[0m[1mInitial Chunk Files[22m[2m | [22m[1mNames[22m  [2m | [22m[1mRaw Size[22m[0m[39m
[37m[0m[92mmain.js[39m[37m            [2m | [22mmain   [2m | [22m[96m14.56 kB[39m[37m[2m | [22m[0m[39m
[37m[0m[92mruntime.js[39m[37m         [2m | [22mruntime[2m | [22m [96m6.52 kB[39m[37m[2m | [22m[0m[39m
[37m[0m[0m[39m
[37m[0m3 unchanged chunks[0m[39m
[37m[0m[0m[39m
[37m[0mBuild at: [1m[37m2022-02-20T23:43:55.320Z[39m[37m[22m - Hash: [1m[37m80de371c022181a7[39m[37m[22m - Time: [1m[37m155[39m[37m[22mms[0m[39m
[37m[39m
[37m[92mâœ”[39m[37m Compiled successfully.[39m
[36mâ ‹[39m Generating browser application bundles...[2K[1G[36mâ ™[39m Generating browser application bundles (phase: building)...[2K[1G[32mâœ”[39m Browser application bundle generation complete.
[37m[39m
[37m[0m5 unchanged chunks[0m[39m
[37m[0m[0m[39m
[37m[0mBuild at: [1m[37m2022-02-20T23:43:55.456Z[39m[37m[22m - Hash: [1m[37m80de371c022181a7[39m[37m[22m - Time: [1m[37m111[39m[37m[22mms[0m[39m
[37m[39m
[37m[92mâœ”[39m[37m Compiled successfully.[39m
[36mâ ‹[39m Generating browser application bundles...[2K[1G[36mâ ™[39m Generating browser application bundles (phase: building)...[2K[1G[36mâ ¹[39m Generating browser application bundles (phase: building)...[2K[1G[36mâ ¸[39m Generating browser application bundles (phase: sealing)...[2K[1G[32mâœ”[39m Browser application bundle generation complete.
[37m[39m
[37m[0m[1mInitial Chunk Files[22m[2m | [22m[1mNames[22m  [2m | [22m[1mRaw Size[22m[0m[39m
[37m[0m[92mmain.js[39m[37m            [2m | [22mmain   [2m | [22m[96m14.24 kB[39m[37m[2m | [22m[0m[39m
[37m[0m[92mruntime.js[39m[37m         [2m | [22mruntime[2m | [22m [96m6.52 kB[39m[37m[2m | [22m[0m[39m
[37m[0m[0m[39m
[37m[0m3 unchanged chunks[0m[39m
[37m[0m[0m[39m
[37m[0mBuild at: [1m[37m2022-02-20T23:44:07.853Z[39m[37m[22m - Hash: [1m[37mfec36bddcd895f37[39m[37m[22m - Time: [1m[37m345[39m[37m[22mms[0m[39m
[37m[39m
[37m[92mâœ”[39m[37m Compiled successfully.[39m
[36mâ ‹[39m Generating browser application bundles...[2K[1G[36mâ ™[39m Generating browser application bundles (phase: building)...[2K[1G[32mâœ”[39m Browser application bundle generation complete.
[37m[39m
[37m[0m[1mInitial Chunk Files[22m[2m | [22m[1mNames[22m  [2m | [22m[1mRaw Size[22m[0m[39m
[37m[0m[92mmain.js[39m[37m            [2m | [22mmain   [2m | [22m[96m14.30 kB[39m[37m[2m | [22m[0m[39m
[37m[0m[92mruntime.js[39m[37m         [2m | [22mruntime[2m | [22m [96m6.52 kB[39m[37m[2m | [22m[0m[39m
[37m[0m[0m[39m
[37m[0m3 unchanged chunks[0m[39m
[37m[0m[0m[39m
[37m[0mBuild at: [1m[37m2022-02-20T23:45:12.099Z[39m[37m[22m - Hash: [1m[37mcd130cae1d6a5b7c[39m[37m[22m - Time: [1m[37m133[39m[37m[22mms[0m[39m
[37m[39m
[37m[92mâœ”[39m[37m Compiled successfully.[39m
[36mâ ‹[39m Generating browser application bundles...[2K[1G[36mâ ™[39m Generating browser application bundles (phase: building)...[2K[1G[32mâœ”[39m Browser application bundle generation complete.
[37m[39m
[37m[0m5 unchanged chunks[0m[39m
[37m[0m[0m[39m
[37m[0mBuild at: [1m[37m2022-02-20T23:45:12.263Z[39m[37m[22m - Hash: [1m[37mcd130cae1d6a5b7c[39m[37m[22m - Time: [1m[37m134[39m[37m[22mms[0m[39m
[37m[39m
[37m[92mâœ”[39m[37m Compiled successfully.[39m
[36mâ ‹[39m Generating browser application bundles...[2K[1G[36mâ ™[39m Generating browser application bundles (phase: building)...[2K[1G[32mâœ”[39m Browser application bundle generation complete.
[37m[39m
[37m[0m[1mInitial Chunk Files[22m[2m | [22m[1mNames[22m  [2m | [22m[1mRaw Size[22m[0m[39m
[37m[0m[92mmain.js[39m[37m            [2m | [22mmain   [2m | [22m[96m14.48 kB[39m[37m[2m | [22m[0m[39m
[37m[0m[92mruntime.js[39m[37m         [2m | [22mruntime[2m | [22m [96m6.52 kB[39m[37m[2m | [22m[0m[39m
[37m[0m[0m[39m
[37m[0m3 unchanged chunks[0m[39m
[37m[0m[0m[39m
[37m[0mBuild at: [1m[37m2022-02-20T23:45:32.833Z[39m[37m[22m - Hash: [1m[37mcb851b9dfbf502b3[39m[37m[22m - Time: [1m[37m134[39m[37m[22mms[0m[39m
[37m[39m
[37m[92mâœ”[39m[37m Compiled successfully.[39m
[36mâ ‹[39m Generating browser application bundles...[2K[1G[36mâ ™[39m Generating browser application bundles (phase: building)...[2K[1G[32mâœ”[39m Browser application bundle generation complete.
[37m[39m
[37m[0m5 unchanged chunks[0m[39m
[37m[0m[0m[39m
[37m[0mBuild at: [1m[37m2022-02-20T23:45:32.981Z[39m[37m[22m - Hash: [1m[37mcb851b9dfbf502b3[39m[37m[22m - Time: [1m[37m120[39m[37m[22mms[0m[39m
[37m[39m
[37m[92mâœ”[39m[37m Compiled successfully.[39m
[36mâ ‹[39m Generating browser application bundles...[2K[1G[36mâ ™[39m Generating browser application bundles (phase: building)...[2K[1G[36mâ ¹[39m Generating browser application bundles (phase: sealing)...[2K[1G[32mâœ”[39m Browser application bundle generation complete.
[37m[39m
[37m[0m[1mInitial Chunk Files[22m[2m | [22m[1mNames[22m  [2m | [22m[1mRaw Size[22m[0m[39m
[37m[0m[92mmain.js[39m[37m            [2m | [22mmain   [2m | [22m[96m14.49 kB[39m[37m[2m | [22m[0m[39m
[37m[0m[92mruntime.js[39m[37m         [2m | [22mruntime[2m | [22m [96m6.52 kB[39m[37m[2m | [22m[0m[39m
[37m[0m[0m[39m
[37m[0m3 unchanged chunks[0m[39m
[37m[0m[0m[39m
[37m[0mBuild at: [1m[37m2022-02-20T23:46:13.401Z[39m[37m[22m - Hash: [1m[37mc16ef3c6c7e434d3[39m[37m[22m - Time: [1m[37m261[39m[37m[22mms[0m[39m
[37m[39m
[37m[92mâœ”[39m[37m Compiled successfully.[39m
[36mâ ‹[39m Generating browser application bundles...[2K[1G[36mâ ™[39m Generating browser application bundles (phase: building)...[2K[1G[32mâœ”[39m Browser application bundle generation complete.
[37m[39m
[37m[0m5 unchanged chunks[0m[39m
[37m[0m[0m[39m
[37m[0mBuild at: [1m[37m2022-02-20T23:46:13.619Z[39m[37m[22m - Hash: [1m[37mc16ef3c6c7e434d3[39m[37m[22m - Time: [1m[37m154[39m[37m[22mms[0m[39m
[37m[39m
[37m[92mâœ”[39m[37m Compiled successfully.[39m
[36mâ ‹[39m Generating browser application bundles...[2K[1G[36mâ ™[39m Generating browser application bundles (phase: building)...[2K[1G[36mâ ¹[39m Generating browser application bundles (phase: building)...[2K[1G[36mâ ¸[39m Generating browser application bundles (phase: sealing)...[2K[1G[32mâœ”[39m Browser application bundle generation complete.
[37m[39m
[37m[0m[1mInitial Chunk Files[22m[2m | [22m[1mNames[22m  [2m | [22m[1mRaw Size[22m[0m[39m
[37m[0m[92mmain.js[39m[37m            [2m | [22mmain   [2m | [22m[96m14.52 kB[39m[37m[2m | [22m[0m[39m
[37m[0m[92mruntime.js[39m[37m         [2m | [22mruntime[2m | [22m [96m6.52 kB[39m[37m[2m | [22m[0m[39m
[37m[0m[0m[39m
[37m[0m3 unchanged chunks[0m[39m
[37m[0m[0m[39m
[37m[0mBuild at: [1m[37m2022-02-20T23:52:05.621Z[39m[37m[22m - Hash: [1m[37mfce077a92c50bf45[39m[37m[22m - Time: [1m[37m316[39m[37m[22mms[0m[39m
[1m[31m[39m[22m
[1m[31m[0m[91mError: [39m[31m[0m[96mapps/super-app-ui/src/app/nx-welcome.component.ts[0m:[93m22[0m:[93m15[0m - [91merror[0m[90m TS2339: [0mProperty 'lot' does not exist on type 'Console'.[39m[22m
[1m[31m[39m[22m
[1m[31m[7m22[0m       console.lot(res);[39m[22m
[1m[31m[7m  [0m [91m              ~~~[0m[39m[22m
[1m[31m[39m[22m
[1m[31m[39m[22m
[1m[31m[39m[22m
[37m[39m
[37m[91mâœ–[39m[37m Failed to compile.[39m
[36mâ ‹[39m Generating browser application bundles...[2K[1G[36mâ ™[39m Generating browser application bundles (phase: building)...[2K[1G[32mâœ”[39m Browser application bundle generation complete.
[37m[39m
[37m[0m5 unchanged chunks[0m[39m
[37m[0m[0m[39m
[37m[0mBuild at: [1m[37m2022-02-20T23:52:05.836Z[39m[37m[22m - Hash: [1m[37mfce077a92c50bf45[39m[37m[22m - Time: [1m[37m174[39m[37m[22mms[0m[39m
[1m[31m[39m[22m
[1m[31m[0m[91mError: [39m[31m[0m[96mapps/super-app-ui/src/app/nx-welcome.component.ts[0m:[93m22[0m:[93m15[0m - [91merror[0m[90m TS2339: [0mProperty 'lot' does not exist on type 'Console'.[39m[22m
[1m[31m[39m[22m
[1m[31m[7m22[0m       console.lot(res);[39m[22m
[1m[31m[7m  [0m [91m              ~~~[0m[39m[22m
[1m[31m[39m[22m
[1m[31m[39m[22m
[1m[31m[39m[22m
[37m[39m
[37m[91mâœ–[39m[37m Failed to compile.[39m
[36mâ ‹[39m Generating browser application bundles...[2K[1G[36mâ ™[39m Generating browser application bundles (phase: building)...[2K[1G[32mâœ”[39m Browser application bundle generation complete.
[37m[39m
[37m[0m[1mInitial Chunk Files[22m[2m | [22m[1mNames[22m  [2m | [22m[1mRaw Size[22m[0m[39m
[37m[0m[92mmain.js[39m[37m            [2m | [22mmain   [2m | [22m[96m14.52 kB[39m[37m[2m | [22m[0m[39m
[37m[0m[92mruntime.js[39m[37m         [2m | [22mruntime[2m | [22m [96m6.52 kB[39m[37m[2m | [22m[0m[39m
[37m[0m[0m[39m
[37m[0m3 unchanged chunks[0m[39m
[37m[0m[0m[39m
[37m[0mBuild at: [1m[37m2022-02-20T23:52:09.052Z[39m[37m[22m - Hash: [1m[37m0a96016fe26d9362[39m[37m[22m - Time: [1m[37m114[39m[37m[22mms[0m[39m
[37m[39m
[37m[92mâœ”[39m[37m Compiled successfully.[39m
[36mâ ‹[39m Generating browser application bundles...[2K[1G[36mâ ™[39m Generating browser application bundles (phase: building)...[2K[1G[32mâœ”[39m Browser application bundle generation complete.
[37m[39m
[37m[0m5 unchanged chunks[0m[39m
[37m[0m[0m[39m
[37m[0mBuild at: [1m[37m2022-02-20T23:52:09.193Z[39m[37m[22m - Hash: [1m[37m0a96016fe26d9362[39m[37m[22m - Time: [1m[37m113[39m[37m[22mms[0m[39m
[37m[39m
[37m[92mâœ”[39m[37m Compiled successfully.[39m
[36mâ ‹[39m Generating browser application bundles...[2K[1G[36mâ ™[39m Generating browser application bundles (phase: building)...[2K[1G[32mâœ”[39m Browser application bundle generation complete.
[37m[39m
[37m[0m[1mInitial Chunk Files[22m[2m | [22m[1mNames[22m  [2m | [22m[1mRaw Size[22m[0m[39m
[37m[0m[92mmain.js[39m[37m            [2m | [22mmain   [2m | [22m[96m14.53 kB[39m[37m[2m | [22m[0m[39m
[37m[0m[92mruntime.js[39m[37m         [2m | [22mruntime[2m | [22m [96m6.52 kB[39m[37m[2m | [22m[0m[39m
[37m[0m[0m[39m
[37m[0m3 unchanged chunks[0m[39m
[37m[0m[0m[39m
[37m[0mBuild at: [1m[37m2022-02-20T23:54:53.029Z[39m[37m[22m - Hash: [1m[37m6f03bb42841fd006[39m[37m[22m - Time: [1m[37m135[39m[37m[22mms[0m[39m
[37m[39m
[37m[92mâœ”[39m[37m Compiled successfully.[39m
[36mâ ‹[39m Generating browser application bundles...[2K[1G[36mâ ™[39m Generating browser application bundles (phase: building)...[2K[1G[32mâœ”[39m Browser application bundle generation complete.
[37m[39m
[37m[0m5 unchanged chunks[0m[39m
[37m[0m[0m[39m
[37m[0mBuild at: [1m[37m2022-02-20T23:54:53.169Z[39m[37m[22m - Hash: [1m[37m6f03bb42841fd006[39m[37m[22m - Time: [1m[37m112[39m[37m[22mms[0m[39m
[37m[39m
[37m[92mâœ”[39m[37m Compiled successfully.[39m
[36mâ ‹[39m Generating browser application bundles...[2K[1G[36mâ ™[39m Generating browser application bundles (phase: building)...[2K[1G[32mâœ”[39m Browser application bundle generation complete.
[37m[39m
[37m[0m[1mInitial Chunk Files[22m[2m | [22m[1mNames[22m  [2m | [22m[1mRaw Size[22m[0m[39m
[37m[0m[92mmain.js[39m[37m            [2m | [22mmain   [2m | [22m[96m14.48 kB[39m[37m[2m | [22m[0m[39m
[37m[0m[92mruntime.js[39m[37m         [2m | [22mruntime[2m | [22m [96m6.52 kB[39m[37m[2m | [22m[0m[39m
[37m[0m[0m[39m
[37m[0m3 unchanged chunks[0m[39m
[37m[0m[0m[39m
[37m[0mBuild at: [1m[37m2022-02-20T23:55:12.636Z[39m[37m[22m - Hash: [1m[37m3469965fcd3142af[39m[37m[22m - Time: [1m[37m149[39m[37m[22mms[0m[39m
[37m[39m
[37m[92mâœ”[39m[37m Compiled successfully.[39m
[36mâ ‹[39m Generating browser application bundles...[2K[1G[36mâ ™[39m Generating browser application bundles (phase: building)...[2K[1G[32mâœ”[39m Browser application bundle generation complete.
[37m[39m
[37m[0m5 unchanged chunks[0m[39m
[37m[0m[0m[39m
[37m[0mBuild at: [1m[37m2022-02-20T23:55:12.811Z[39m[37m[22m - Hash: [1m[37m3469965fcd3142af[39m[37m[22m - Time: [1m[37m148[39m[37m[22mms[0m[39m
[37m[39m
[37m[92mâœ”[39m[37m Compiled successfully.[39m
[36mâ ‹[39m Generating browser application bundles...[2K[1G[36mâ ™[39m Generating browser application bundles (phase: building)...[2K[1G[32mâœ”[39m Browser application bundle generation complete.
[37m[39m
[37m[0m[1mInitial Chunk Files[22m[2m | [22m[1mNames[22m  [2m | [22m[1mRaw Size[22m[0m[39m
[37m[0m[92mmain.js[39m[37m            [2m | [22mmain   [2m | [22m[96m14.45 kB[39m[37m[2m | [22m[0m[39m
[37m[0m[92mruntime.js[39m[37m         [2m | [22mruntime[2m | [22m [96m6.52 kB[39m[37m[2m | [22m[0m[39m
[37m[0m[0m[39m
[37m[0m3 unchanged chunks[0m[39m
[37m[0m[0m[39m
[37m[0mBuild at: [1m[37m2022-02-20T23:55:21.397Z[39m[37m[22m - Hash: [1m[37mf9a51e52fe0e5d4d[39m[37m[22m - Time: [1m[37m122[39m[37m[22mms[0m[39m
[37m[39m
[37m[92mâœ”[39m[37m Compiled successfully.[39m
[36mâ ‹[39m Generating browser application bundles...[2K[1G[36mâ ™[39m Generating browser application bundles (phase: sealing)...[2K[1G[32mâœ”[39m Browser application bundle generation complete.
[37m[39m
[37m[0m5 unchanged chunks[0m[39m
[37m[0m[0m[39m
[37m[0mBuild at: [1m[37m2022-02-20T23:55:21.523Z[39m[37m[22m - Hash: [1m[37mf9a51e52fe0e5d4d[39m[37m[22m - Time: [1m[37m99[39m[37m[22mms[0m[39m
[37m[39m
[37m[92mâœ”[39m[37m Compiled successfully.[39m
[36mâ ‹[39m Generating browser application bundles...[2K[1G[36mâ ™[39m Generating browser application bundles (phase: building)...[2K[1G[36mâ ¹[39m Generating browser application bundles (phase: sealing)...[2K[1G[36mâ ¸[39m Generating browser application bundles (phase: sealing)...[2K[1G[32mâœ”[39m Browser application bundle generation complete.
[37m[39m
[37m[0m[1mInitial Chunk Files[22m[2m | [22m[1mNames[22m  [2m | [22m[1mRaw Size[22m[0m[39m
[37m[0m[92mvendor.js[39m[37m          [2m | [22mvendor [2m | [22m [96m1.97 MB[39m[37m[2m | [22m[0m[39m
[37m[0m[92mmain.js[39m[37m            [2m | [22mmain   [2m | [22m[96m11.52 kB[39m[37m[2m | [22m[0m[39m
[37m[0m[92mruntime.js[39m[37m         [2m | [22mruntime[2m | [22m [96m6.52 kB[39m[37m[2m | [22m[0m[39m
[37m[0m[0m[39m
[37m[0m2 unchanged chunks[0m[39m
[37m[0m[0m[39m
[37m[0mBuild at: [1m[37m2022-02-21T02:36:16.942Z[39m[37m[22m - Hash: [1m[37m89af5a6e67911c13[39m[37m[22m - Time: [1m[37m785[39m[37m[22mms[0m[39m
[1m[31m[39m[22m
[1m[31m[0m[36m./apps/super-app-ui/src/app/app.component.ts[39m[31m[0m:[0m[93m2:0-45[39m[31m[0m - [0m[91mError: [39m[31m[0mModule not found: Error: Can't resolve './nx-welcome.component' in '/Users/msimpson/Desktop/NX_ANGULAR/michael-nx/apps/super-app-ui/src/app'[39m[22m
[1m[31m[39m[22m
[1m[31m[0m[36m./apps/super-app-ui/src/app/app.module.ts[39m[31m[0m:[0m[93m5:0-60[39m[31m[0m - [0m[91mError: [39m[31m[0mModule not found: Error: Can't resolve './nx-welcome.component' in '/Users/msimpson/Desktop/NX_ANGULAR/michael-nx/apps/super-app-ui/src/app'[39m[22m
[1m[31m[39m[22m
[1m[31m[0m[91mError: [39m[31m[0m[96mapps/super-app-ui/src/app/app.component.html[0m:[93m1[0m:[93m1[0m - [91merror[0m[90m NG8001: [0m'michael-nx-nx-welcome' is not a known element:[39m[22m
[1m[31m1. If 'michael-nx-nx-welcome' is an Angular component, then verify that it is part of this module.[39m[22m
[1m[31m2. If 'michael-nx-nx-welcome' is a Web Component then add 'CUSTOM_ELEMENTS_SCHEMA' to the '@NgModule.schemas' of this component to suppress this message.[39m[22m
[1m[31m[39m[22m
[1m[31m[7m1[0m <michael-nx-nx-welcome></michael-nx-nx-welcome>[39m[22m
[1m[31m[7m [0m [91m~~~~~~~~~~~~~~~~~~~~~~~[0m[39m[22m
[1m[31m[39m[22m
[1m[31m  [96mapps/super-app-ui/src/app/app.component.ts[0m:[93m5[0m:[93m16[0m[39m[22m
[1m[31m    [7m5[0m   templateUrl: './app.component.html',[39m[22m
[1m[31m    [7m [0m [96m               ~~~~~~~~~~~~~~~~~~~~~~[0m[39m[22m
[1m[31m    Error occurs in the template of component AppComponent.[39m[22m
[1m[31m[39m[22m
[1m[31m[39m[22m
[1m[31m[0m[91mError: [39m[31m[0m[96mapps/super-app-ui/src/app/app.module.ts[0m:[93m5[0m:[93m36[0m - [91merror[0m[90m TS2307: [0mCannot find module './nx-welcome.component' or its corresponding type declarations.[39m[22m
[1m[31m[39m[22m
[1m[31m[7m5[0m import { NxWelcomeComponent } from './nx-welcome.component';[39m[22m
[1m[31m[7m [0m [91m                                   ~~~~~~~~~~~~~~~~~~~~~~~~[0m[39m[22m
[1m[31m[39m[22m
[1m[31m[39m[22m
[1m[31m[0m[91mError: [39m[31m[0m[96mapps/super-app-ui/src/app/app.module.ts[0m:[93m13[0m:[93m17[0m - [91merror[0m[90m NG1010: [0mValue at position 1 in the NgModule.declarations of AppModule is not a reference[39m[22m
[1m[31m  Value could not be determined statically.[39m[22m
[1m[31m[39m[22m
[1m[31m[7m13[0m   declarations: [AppComponent, NxWelcomeComponent],[39m[22m
[1m[31m[7m  [39m[22m[1m[31m[0m [91m                ~~~~~~~~~~~~~~~~~~~~~~~~~~~~~~~~~~[0m[39m[22m
[1m[31m[39m[22m
[1m[31m  [96mapps/super-app-ui/src/app/app.module.ts[0m:[93m13[0m:[93m32[0m[39m[22m
[1m[31m    [7m13[0m   declarations: [AppComponent, NxWelcomeComponent],[39m[22m
[1m[31m    [7m  [0m [96m                               ~~~~~~~~~~~~~~~~~~[0m[39m[22m
[1m[31m    Unknown reference.[39m[22m
[1m[31m[39m[22m
[1m[31m[39m[22m
[1m[31m[39m[22m
[37m[39m
[37m[91mâœ–[39m[37m Failed to compile.[39m
[36mâ ‹[39m Generating browser application bundles...[2K[1G[36mâ ™[39m Generating browser application bundles (phase: building)...[2K[1G[36mâ ¹[39m Generating browser application bundles (phase: building)...[2K[1G[36mâ ¸[39m Generating browser application bundles (phase: emitting)...[2K[1G[32mâœ”[39m Browser application bundle generation complete.
[37m[39m
[37m[0m[1mInitial Chunk Files[22m[2m | [22m[1mNames[22m  [2m | [22m[1mRaw Size[22m[0m[39m
[37m[0m[92mvendor.js[39m[37m          [2m | [22mvendor [2m | [22m [96m1.96 MB[39m[37m[2m | [22m[0m[39m
[37m[0m[92mmain.js[39m[37m            [2m | [22mmain   [2m | [22m[96m14.40 kB[39m[37m[2m | [22m[0m[39m
[37m[0m[92mruntime.js[39m[37m         [2m | [22mruntime[2m | [22m [96m6.52 kB[39m[37m[2m | [22m[0m[39m
[37m[0m[0m[39m
[37m[0m2 unchanged chunks[0m[39m
[37m[0m[0m[39m
[37m[0mBuild at: [1m[37m2022-02-21T02:36:25.635Z[39m[37m[22m - Hash: [1m[37med0cbdd29e2af46b[39m[37m[22m - Time: [1m[37m505[39m[37m[22mms[0m[39m
[37m[39m
[37m[92mâœ”[39m[37m Compiled successfully.[39m
[36mâ ‹[39m Generating browser application bundles...[2K[1G[36mâ ™[39m Generating browser application bundles (phase: building)...[2K[1G[36mâ ¹[39m Generating browser application bundles (phase: building)...[2K[1G[36mâ ¸[39m Generating browser application bundles (phase: sealing)...[2K[1G[32mâœ”[39m Browser application bundle generation complete.
[37m[39m
[37m[0m5 unchanged chunks[0m[39m
[37m[0m[0m[39m
[37m[0mBuild at: [1m[37m2022-02-21T02:36:25.985Z[39m[37m[22m - Hash: [1m[37med0cbdd29e2af46b[39m[37m[22m - Time: [1m[37m308[39m[37m[22mms[0m[39m
[37m[39m
[37m[92mâœ”[39m[37m Compiled successfully.[39m
[36mâ ‹[39m Generating browser application bundles...[2K[1G[36mâ ™[39m Generating browser application bundles (phase: building)...[2K[1G[36mâ ¹[39m Generating browser application bundles (phase: sealing)...[2K[1G[32mâœ”[39m Browser application bundle generation complete.
[37m[39m
[37m[0m[1mInitial Chunk Files[22m[2m | [22m[1mNames[22m  [2m | [22m[1mRaw Size[22m[0m[39m
[37m[0m[92mmain.js[39m[37m            [2m | [22mmain   [2m | [22m[96m14.48 kB[39m[37m[2m | [22m[0m[39m
[37m[0m[92mruntime.js[39m[37m         [2m | [22mruntime[2m | [22m [96m6.52 kB[39m[37m[2m | [22m[0m[39m
[37m[0m[0m[39m
[37m[0m3 unchanged chunks[0m[39m
[37m[0m[0m[39m
[37m[0mBuild at: [1m[37m2022-02-21T02:37:59.131Z[39m[37m[22m - Hash: [1m[37mb0111290f9bd8aca[39m[37m[22m - Time: [1m[37m202[39m[37m[22mms[0m[39m
[1m[31m[39m[22m
[1m[31m[0m[91mError: [39m[31m[0m[96mapps/super-app-ui/src/app/root.component.ts[0m:[93m21[0m:[93m18[0m - [91merror[0m[90m TS2339: [0mProperty 'bingo' does not exist on type 'ServiceService'.[39m[22m
[1m[31m[39m[22m
[1m[31m[7m21[0m     this.service.bingo().subscribe(res => {[39m[22m
[1m[31m[7m  [0m [91m                 ~~~~~[0m[39m[22m
[1m[31m[39m[22m
[1m[31m[39m[22m
[1m[31m[0m[91mError: [39m[31m[0m[96mapps/super-app-ui/src/app/root.component.ts[0m:[93m21[0m:[93m36[0m - [91merror[0m[90m TS7006: [0mParameter 'res' implicitly has an 'any' type.[39m[22m
[1m[31m[39m[22m
[1m[31m[7m21[0m     this.service.bingo().subscribe(res => {[39m[22m
[1m[31m[7m  [0m [91m                                   ~~~[0m[39m[22m
[1m[31m[39m[22m
[1m[31m[39m[22m
[1m[31m[0m[91mError: [39m[31m[0m[96mlibs/node-tests/src/lib/services/service.service.ts[0m:[93m11[0m:[93m44[0m - [91merror[0m[90m TS2769: [0mNo overload matches this call.[39m[22m
[1m[31m  Overload 1 of 3, '(observer?: Partial<Observer<Object>> | undefined): Subscription', gave the following error.[39m[22m
[1m[31m    Type '(res: auth) => void' has no properties in common with type 'Partial<Observer<Object>>'.[39m[22m
[1m[31m  Overload 2 of 3, '(next: (value: Object) => void): Subscription', gave the following error.[39m[22m
[1m[31m    Argument of type '(res: auth) => void' is not assignable to parameter of type '(value: Object) => void'.[39m[22m
[1m[31m      Types of parameters 'res' and 'value' are incompatible.[39m[22m
[1m[31m        The 'Object' type is assignable to very few other types. Did you mean to use the 'any' type instead?[39m[22m
[1m[31m          Property 'token' is missing in type 'Object' but required in type 'auth'.[39m[22m
[1m[31m  Overload 3 of 3, '(next?: ((value: Object) => void) | null | undefined, error?: ((error: any) => void) | null | undefined, complete?: (() => void) | null | undefined): Subscription', gave the following error.[39m[22m
[1m[31m    Argument of type '(res: auth) => void' is not assignable to parameter of type '(value: Object) => void'.[39m[22m
[1m[31m      Types of parameters 'res' and 'value' are incompatible.[39m[22m
[1m[31m        Type 'Object' is not assignable to type 'auth'.[39m[22m
[1m[31m          The 'Object' type is assignable to very few other types. Did you mean to use the 'any' type instead?[39m[22m
[1m[31m[39m[22m
[1m[31m[7m11[0m [39m[22m[1m[31m    this.http.get(domain + path).subscribe((res:auth) => {[39m[22m
[1m[31m[7m  [0m [91m                                           ~~~~~~~~~~~~~~~[0m[39m[22m
[1m[31m[39m[22m
[1m[31m  [96mlibs/node-tests/src/lib/services/service.service.ts[0m:[93m18[0m:[93m3[0m[39m[22m
[1m[31m    [7m18[0m   token:string;[39m[22m
[1m[31m    [7m  [0m [96m  ~~~~~[0m[39m[22m
[1m[31m    'token' is declared here.[39m[22m
[1m[31m[39m[22m
[1m[31m[39m[22m
[1m[31m[39m[22m
[37m[39m
[37m[91mâœ–[39m[37m Failed to compile.[39m
[36mâ ‹[39m Generating browser application bundles...[2K[1G[36mâ ™[39m Generating browser application bundles (phase: sealing)...[2K[1G[32mâœ”[39m Browser application bundle generation complete.
[37m[39m
[37m[0m[1mInitial Chunk Files[22m[2m | [22m[1mNames[22m  [2m | [22m[1mRaw Size[22m[0m[39m
[37m[0m[92mmain.js[39m[37m            [2m | [22mmain   [2m | [22m[96m14.48 kB[39m[37m[2m | [22m[0m[39m
[37m[0m[92mruntime.js[39m[37m         [2m | [22mruntime[2m | [22m [96m6.52 kB[39m[37m[2m | [22m[0m[39m
[37m[0m[0m[39m
[37m[0m3 unchanged chunks[0m[39m
[37m[0m[0m[39m
[37m[0mBuild at: [1m[37m2022-02-21T02:38:10.581Z[39m[37m[22m - Hash: [1m[37mb3b597192d44fba2[39m[37m[22m - Time: [1m[37m106[39m[37m[22mms[0m[39m
[1m[31m[39m[22m
[1m[31m[0m[91mError: [39m[31m[0m[96mapps/super-app-ui/src/app/root.component.ts[0m:[93m21[0m:[93m18[0m - [91merror[0m[90m TS2339: [0mProperty 'bingo' does not exist on type 'ServiceService'.[39m[22m
[1m[31m[39m[22m
[1m[31m[7m21[0m     this.service.bingo().subscribe(res => {[39m[22m
[1m[31m[7m  [0m [91m                 ~~~~~[0m[39m[22m
[1m[31m[39m[22m
[1m[31m[39m[22m
[1m[31m[0m[91mError: [39m[31m[0m[96mapps/super-app-ui/src/app/root.component.ts[0m:[93m21[0m:[93m36[0m - [91merror[0m[90m TS7006: [0mParameter 'res' implicitly has an 'any' type.[39m[22m
[1m[31m[39m[22m
[1m[31m[7m21[0m     this.service.bingo().subscribe(res => {[39m[22m
[1m[31m[7m  [0m [91m                                   ~~~[0m[39m[22m
[1m[31m[39m[22m
[1m[31m[39m[22m
[1m[31m[0m[91mError: [39m[31m[0m[96mlibs/node-tests/src/lib/services/service.service.ts[0m:[93m11[0m:[93m44[0m - [91merror[0m[90m TS2769: [0mNo overload matches this call.[39m[22m
[1m[31m  Overload 1 of 3, '(observer?: Partial<Observer<Object>> | undefined): Subscription', gave the following error.[39m[22m
[1m[31m    Type '(res: Auth) => void' has no properties in common with type 'Partial<Observer<Object>>'.[39m[22m
[1m[31m  Overload 2 of 3, '(next: (value: Object) => void): Subscription', gave the following error.[39m[22m
[1m[31m    Argument of type '(res: Auth) => void' is not assignable to parameter of type '(value: Object) => void'.[39m[22m
[1m[31m      Types of parameters 'res' and 'value' are incompatible.[39m[22m
[1m[31m        The 'Object' type is assignable to very few other types. Did you mean to use the 'any' type instead?[39m[22m
[1m[31m          Property 'token' is missing in type 'Object' but required in type 'Auth'.[39m[22m
[1m[31m  Overload 3 of 3, '(next?: ((value: Object) => void) | null | undefined, error?: ((error: any) => void) | null | undefined, complete?: (() => void) | null | undefined): Subscription', gave the following error.[39m[22m
[1m[31m    Argument of type '(res: Auth) => void' is not assignable to parameter of type '(value: Object) => void'.[39m[22m
[1m[31m      Types of parameters 'res' and 'value' are incompatible.[39m[22m
[1m[31m        Type 'Object' is not assignable to type 'Auth'.[39m[22m
[1m[31m          The 'Object' type is assignable to very few other types. Did you mean to use the 'any' type instead?[39m[22m
[1m[31m[39m[22m
[1m[31m[7m11[0m [39m[22m[1m[31m    this.http.get(domain + path).subscribe((res:Auth) => {[39m[22m
[1m[31m[7m  [0m [91m                                           ~~~~~~~~~~~~~~~[0m[39m[22m
[1m[31m[39m[22m
[1m[31m  [96mlibs/node-tests/src/lib/services/service.service.ts[0m:[93m18[0m:[93m3[0m[39m[22m
[1m[31m    [7m18[0m   token:string;[39m[22m
[1m[31m    [7m  [0m [96m  ~~~~~[0m[39m[22m
[1m[31m    'token' is declared here.[39m[22m
[1m[31m[39m[22m
[1m[31m[39m[22m
[1m[31m[39m[22m
[37m[39m
[37m[91mâœ–[39m[37m Failed to compile.[39m
[36mâ ‹[39m Generating browser application bundles...[2K[1G[36mâ ™[39m Generating browser application bundles (phase: building)...[2K[1G[36mâ ¹[39m Generating browser application bundles (phase: building)...[2K[1G[32mâœ”[39m Browser application bundle generation complete.
[37m[39m
[37m[0m5 unchanged chunks[0m[39m
[37m[0m[0m[39m
[37m[0mBuild at: [1m[37m2022-02-21T02:38:10.920Z[39m[37m[22m - Hash: [1m[37mb3b597192d44fba2[39m[37m[22m - Time: [1m[37m287[39m[37m[22mms[0m[39m
[1m[31m[39m[22m
[1m[31m[0m[91mError: [39m[31m[0m[96mapps/super-app-ui/src/app/root.component.ts[0m:[93m21[0m:[93m18[0m - [91merror[0m[90m TS2339: [0mProperty 'bingo' does not exist on type 'ServiceService'.[39m[22m
[1m[31m[39m[22m
[1m[31m[7m21[0m     this.service.bingo().subscribe(res => {[39m[22m
[1m[31m[7m  [0m [91m                 ~~~~~[0m[39m[22m
[1m[31m[39m[22m
[1m[31m[39m[22m
[1m[31m[0m[91mError: [39m[31m[0m[96mapps/super-app-ui/src/app/root.component.ts[0m:[93m21[0m:[93m36[0m - [91merror[0m[90m TS7006: [0mParameter 'res' implicitly has an 'any' type.[39m[22m
[1m[31m[39m[22m
[1m[31m[7m21[0m     this.service.bingo().subscribe(res => {[39m[22m
[1m[31m[7m  [0m [91m                                   ~~~[0m[39m[22m
[1m[31m[39m[22m
[1m[31m[39m[22m
[1m[31m[0m[91mError: [39m[31m[0m[96mlibs/node-tests/src/lib/services/service.service.ts[0m:[93m11[0m:[93m44[0m - [91merror[0m[90m TS2769: [0mNo overload matches this call.[39m[22m
[1m[31m  Overload 1 of 3, '(observer?: Partial<Observer<Object>> | undefined): Subscription', gave the following error.[39m[22m
[1m[31m    Type '(res: Auth) => void' has no properties in common with type 'Partial<Observer<Object>>'.[39m[22m
[1m[31m  Overload 2 of 3, '(next: (value: Object) => void): Subscription', gave the following error.[39m[22m
[1m[31m    Argument of type '(res: Auth) => void' is not assignable to parameter of type '(value: Object) => void'.[39m[22m
[1m[31m      Types of parameters 'res' and 'value' are incompatible.[39m[22m
[1m[31m        The 'Object' type is assignable to very few other types. Did you mean to use the 'any' type instead?[39m[22m
[1m[31m          Property 'token' is missing in type 'Object' but required in type 'Auth'.[39m[22m
[1m[31m  Overload 3 of 3, '(next?: ((value: Object) => void) | null | undefined, error?: ((error: any) => void) | null | undefined, complete?: (() => void) | null | undefined): Subscription', gave the following error.[39m[22m
[1m[31m    Argument of type '(res: Auth) => void' is not assignable to parameter of type '(value: Object) => void'.[39m[22m
[1m[31m      Types of parameters 'res' and 'value' are incompatible.[39m[22m
[1m[31m        Type 'Object' is not assignable to type 'Auth'.[39m[22m
[1m[31m          The 'Object' type is assignable to very few other types. Did you mean to use the 'any' type instead?[39m[22m
[1m[31m[39m[22m
[1m[31m[7m11[0m [39m[22m[1m[31m    this.http.get(domain + path).subscribe((res:Auth) => {[39m[22m
[1m[31m[7m  [0m [91m                                           ~~~~~~~~~~~~~~~[0m[39m[22m
[1m[31m[39m[22m
[1m[31m  [96mlibs/node-tests/src/lib/services/service.service.ts[0m:[93m18[0m:[93m3[0m[39m[22m
[1m[31m    [7m18[0m   token:string;[39m[22m
[1m[31m    [7m  [0m [96m  ~~~~~[0m[39m[22m
[1m[31m    'token' is declared here.[39m[22m
[1m[31m[39m[22m
[1m[31m[39m[22m
[1m[31m[39m[22m
[37m[39m
[37m[91mâœ–[39m[37m Failed to compile.[39m
[36mâ ‹[39m Generating browser application bundles...[2K[1G[36mâ ™[39m Generating browser application bundles (phase: sealing)...[2K[1G[32mâœ”[39m Browser application bundle generation complete.
[37m[39m
[37m[0m[1mInitial Chunk Files[22m[2m | [22m[1mNames[22m  [2m | [22m[1mRaw Size[22m[0m[39m
[37m[0m[92mmain.js[39m[37m            [2m | [22mmain   [2m | [22m[96m14.48 kB[39m[37m[2m | [22m[0m[39m
[37m[0m[92mruntime.js[39m[37m         [2m | [22mruntime[2m | [22m [96m6.52 kB[39m[37m[2m | [22m[0m[39m
[37m[0m[0m[39m
[37m[0m3 unchanged chunks[0m[39m
[37m[0m[0m[39m
[37m[0mBuild at: [1m[37m2022-02-21T02:39:21.157Z[39m[37m[22m - Hash: [1m[37m80d3898d12636cfd[39m[37m[22m - Time: [1m[37m107[39m[37m[22mms[0m[39m
[1m[31m[39m[22m
[1m[31m[0m[91mError: [39m[31m[0m[96mapps/super-app-ui/src/app/root.component.ts[0m:[93m21[0m:[93m18[0m - [91merror[0m[90m TS2339: [0mProperty 'bingo' does not exist on type 'ServiceService'.[39m[22m
[1m[31m[39m[22m
[1m[31m[7m21[0m     this.service.bingo().subscribe(res => {[39m[22m
[1m[31m[7m  [0m [91m                 ~~~~~[0m[39m[22m
[1m[31m[39m[22m
[1m[31m[39m[22m
[1m[31m[0m[91mError: [39m[31m[0m[96mapps/super-app-ui/src/app/root.component.ts[0m:[93m21[0m:[93m36[0m - [91merror[0m[90m TS7006: [0mParameter 'res' implicitly has an 'any' type.[39m[22m
[1m[31m[39m[22m
[1m[31m[7m21[0m     this.service.bingo().subscribe(res => {[39m[22m
[1m[31m[7m  [0m [91m                                   ~~~[0m[39m[22m
[1m[31m[39m[22m
[1m[31m[39m[22m
[1m[31m[0m[91mError: [39m[31m[0m[96mlibs/node-tests/src/lib/services/service.service.ts[0m:[93m11[0m:[93m44[0m - [91merror[0m[90m TS2769: [0mNo overload matches this call.[39m[22m
[1m[31m  Overload 1 of 3, '(observer?: Partial<Observer<Object>> | undefined): Subscription', gave the following error.[39m[22m
[1m[31m    Type '(res: Auth) => void' has no properties in common with type 'Partial<Observer<Object>>'.[39m[22m
[1m[31m  Overload 2 of 3, '(next: (value: Object) => void): Subscription', gave the following error.[39m[22m
[1m[31m    Argument of type '(res: Auth) => void' is not assignable to parameter of type '(value: Object) => void'.[39m[22m
[1m[31m      Types of parameters 'res' and 'value' are incompatible.[39m[22m
[1m[31m        The 'Object' type is assignable to very few other types. Did you mean to use the 'any' type instead?[39m[22m
[1m[31m          Property 'token' is missing in type 'Object' but required in type 'Auth'.[39m[22m
[1m[31m  Overload 3 of 3, '(next?: ((value: Object) => void) | null | undefined, error?: ((error: any) => void) | null | undefined, complete?: (() => void) | null | undefined): Subscription', gave the following error.[39m[22m
[1m[31m    Argument of type '(res: Auth) => void' is not assignable to parameter of type '(value: Object) => void'.[39m[22m
[1m[31m      Types of parameters 'res' and 'value' are incompatible.[39m[22m
[1m[31m        Type 'Object' is not assignable to type 'Auth'.[39m[22m
[1m[31m          The 'Object' type is assignable to very few other types. Did you mean to use the 'any' type instead?[39m[22m
[1m[31m[39m[22m
[1m[31m[7m11[0m [39m[22m[1m[31m    this.http.get(domain + path).subscribe((res: Auth) => {[39m[22m
[1m[31m[7m  [0m [91m                                           ~~~~~~~~~~~~~~~~[0m[39m[22m
[1m[31m[39m[22m
[1m[31m  [96mlibs/node-tests/src/lib/services/service.service.ts[0m:[93m18[0m:[93m3[0m[39m[22m
[1m[31m    [7m18[0m   token:string;[39m[22m
[1m[31m    [7m  [0m [96m  ~~~~~[0m[39m[22m
[1m[31m    'token' is declared here.[39m[22m
[1m[31m[39m[22m
[1m[31m[39m[22m
[1m[31m[39m[22m
[37m[39m
[37m[91mâœ–[39m[37m Failed to compile.[39m
[36mâ ‹[39m Generating browser application bundles...[2K[1G[36mâ ™[39m Generating browser application bundles (phase: building)...[2K[1G[32mâœ”[39m Browser application bundle generation complete.
[37m[39m
[37m[0m5 unchanged chunks[0m[39m
[37m[0m[0m[39m
[37m[0mBuild at: [1m[37m2022-02-21T02:39:21.306Z[39m[37m[22m - Hash: [1m[37m80d3898d12636cfd[39m[37m[22m - Time: [1m[37m106[39m[37m[22mms[0m[39m
[1m[31m[39m[22m
[1m[31m[0m[91mError: [39m[31m[0m[96mapps/super-app-ui/src/app/root.component.ts[0m:[93m21[0m:[93m18[0m - [91merror[0m[90m TS2339: [0mProperty 'bingo' does not exist on type 'ServiceService'.[39m[22m
[1m[31m[39m[22m
[1m[31m[7m21[0m     this.service.bingo().subscribe(res => {[39m[22m
[1m[31m[7m  [0m [91m                 ~~~~~[0m[39m[22m
[1m[31m[39m[22m
[1m[31m[39m[22m
[1m[31m[0m[91mError: [39m[31m[0m[96mapps/super-app-ui/src/app/root.component.ts[0m:[93m21[0m:[93m36[0m - [91merror[0m[90m TS7006: [0mParameter 'res' implicitly has an 'any' type.[39m[22m
[1m[31m[39m[22m
[1m[31m[7m21[0m     this.service.bingo().subscribe(res => {[39m[22m
[1m[31m[7m  [0m [91m                                   ~~~[0m[39m[22m
[1m[31m[39m[22m
[1m[31m[39m[22m
[1m[31m[0m[91mError: [39m[31m[0m[96mlibs/node-tests/src/lib/services/service.service.ts[0m:[93m11[0m:[93m44[0m - [91merror[0m[90m TS2769: [0mNo overload matches this call.[39m[22m
[1m[31m  Overload 1 of 3, '(observer?: Partial<Observer<Object>> | undefined): Subscription', gave the following error.[39m[22m
[1m[31m    Type '(res: Auth) => void' has no properties in common with type 'Partial<Observer<Object>>'.[39m[22m
[1m[31m  Overload 2 of 3, '(next: (value: Object) => void): Subscription', gave the following error.[39m[22m
[1m[31m    Argument of type '(res: Auth) => void' is not assignable to parameter of type '(value: Object) => void'.[39m[22m
[1m[31m      Types of parameters 'res' and 'value' are incompatible.[39m[22m
[1m[31m        The 'Object' type is assignable to very few other types. Did you mean to use the 'any' type instead?[39m[22m
[1m[31m          Property 'token' is missing in type 'Object' but required in type 'Auth'.[39m[22m
[1m[31m  Overload 3 of 3, '(next?: ((value: Object) => void) | null | undefined, error?: ((error: any) => void) | null | undefined, complete?: (() => void) | null | undefined): Subscription', gave the following error.[39m[22m
[1m[31m    Argument of type '(res: Auth) => void' is not assignable to parameter of type '(value: Object) => void'.[39m[22m
[1m[31m      Types of parameters 'res' and 'value' are incompatible.[39m[22m
[1m[31m        Type 'Object' is not assignable to type 'Auth'.[39m[22m
[1m[31m          The 'Object' type is assignable to very few other types. Did you mean to use the 'any' type instead?[39m[22m
[1m[31m[39m[22m
[1m[31m[7m11[0m [39m[22m[1m[31m    this.http.get(domain + path).subscribe((res: Auth) => {[39m[22m
[1m[31m[7m  [0m [91m                                           ~~~~~~~~~~~~~~~~[0m[39m[22m
[1m[31m[39m[22m
[1m[31m  [96mlibs/node-tests/src/lib/services/service.service.ts[0m:[93m18[0m:[93m3[0m[39m[22m
[1m[31m    [7m18[0m   token:string;[39m[22m
[1m[31m    [7m  [0m [96m  ~~~~~[0m[39m[22m
[1m[31m    'token' is declared here.[39m[22m
[1m[31m[39m[22m
[1m[31m[39m[22m
[1m[31m[39m[22m
[37m[39m
[37m[91mâœ–[39m[37m Failed to compile.[39m
[36mâ ‹[39m Generating browser application bundles...[2K[1G[36mâ ™[39m Generating browser application bundles (phase: sealing)...[2K[1G[32mâœ”[39m Browser application bundle generation complete.
[37m[39m
[37m[0m5 unchanged chunks[0m[39m
[37m[0m[0m[39m
[37m[0mBuild at: [1m[37m2022-02-21T02:39:40.487Z[39m[37m[22m - Hash: [1m[37m80d3898d12636cfd[39m[37m[22m - Time: [1m[37m93[39m[37m[22mms[0m[39m
[1m[31m[39m[22m
[1m[31m[0m[91mError: [39m[31m[0m[96mapps/super-app-ui/src/app/root.component.ts[0m:[93m21[0m:[93m18[0m - [91merror[0m[90m TS2339: [0mProperty 'bingo' does not exist on type 'ServiceService'.[39m[22m
[1m[31m[39m[22m
[1m[31m[7m21[0m     this.service.bingo().subscribe(res => {[39m[22m
[1m[31m[7m  [0m [91m                 ~~~~~[0m[39m[22m
[1m[31m[39m[22m
[1m[31m[39m[22m
[1m[31m[0m[91mError: [39m[31m[0m[96mapps/super-app-ui/src/app/root.component.ts[0m:[93m21[0m:[93m36[0m - [91merror[0m[90m TS7006: [0mParameter 'res' implicitly has an 'any' type.[39m[22m
[1m[31m[39m[22m
[1m[31m[7m21[0m     this.service.bingo().subscribe(res => {[39m[22m
[1m[31m[7m  [0m [91m                                   ~~~[0m[39m[22m
[1m[31m[39m[22m
[1m[31m[39m[22m
[1m[31m[0m[91mError: [39m[31m[0m[96mlibs/node-tests/src/lib/services/service.service.ts[0m:[93m11[0m:[93m44[0m - [91merror[0m[90m TS2769: [0mNo overload matches this call.[39m[22m
[1m[31m  Overload 1 of 3, '(observer?: Partial<Observer<Object>> | undefined): Subscription', gave the following error.[39m[22m
[1m[31m    Type '(res: Auth) => void' has no properties in common with type 'Partial<Observer<Object>>'.[39m[22m
[1m[31m  Overload 2 of 3, '(next: (value: Object) => void): Subscription', gave the following error.[39m[22m
[1m[31m    Argument of type '(res: Auth) => void' is not assignable to parameter of type '(value: Object) => void'.[39m[22m
[1m[31m      Types of parameters 'res' and 'value' are incompatible.[39m[22m
[1m[31m        The 'Object' type is assignable to very few other types. Did you mean to use the 'any' type instead?[39m[22m
[1m[31m          Property 'token' is missing in type 'Object' but required in type 'Auth'.[39m[22m
[1m[31m  Overload 3 of 3, '(next?: ((value: Object) => void) | null | undefined, error?: ((error: any) => void) | null | undefined, complete?: (() => void) | null | undefined): Subscription', gave the following error.[39m[22m
[1m[31m    Argument of type '(res: Auth) => void' is not assignable to parameter of type '(value: Object) => void'.[39m[22m
[1m[31m      Types of parameters 'res' and 'value' are incompatible.[39m[22m
[1m[31m        Type 'Object' is not assignable to type 'Auth'.[39m[22m
[1m[31m          The 'Object' type is assignable to very few other types. Did you mean to use the 'any' type instead?[39m[22m
[1m[31m[39m[22m
[1m[31m[7m11[0m [39m[22m[1m[31m    this.http.get(domain + path).subscribe((res: Auth) => {[39m[22m
[1m[31m[7m  [0m [91m                                           ~~~~~~~~~~~~~~~~[0m[39m[22m
[1m[31m[39m[22m
[1m[31m  [96mlibs/node-tests/src/lib/services/service.service.ts[0m:[93m18[0m:[93m3[0m[39m[22m
[1m[31m    [7m18[0m   token:string;[39m[22m
[1m[31m    [7m  [0m [96m  ~~~~~[0m[39m[22m
[1m[31m    'token' is declared here.[39m[22m
[1m[31m[39m[22m
[1m[31m[39m[22m
[1m[31m[39m[22m
[37m[39m
[37m[91mâœ–[39m[37m Failed to compile.[39m
[36mâ ‹[39m Generating browser application bundles...[2K[1G[36mâ ™[39m Generating browser application bundles (phase: building)...[2K[1G[32mâœ”[39m Browser application bundle generation complete.
[37m[39m
[37m[0m5 unchanged chunks[0m[39m
[37m[0m[0m[39m
[37m[0mBuild at: [1m[37m2022-02-21T02:39:40.682Z[39m[37m[22m - Hash: [1m[37m80d3898d12636cfd[39m[37m[22m - Time: [1m[37m162[39m[37m[22mms[0m[39m
[1m[31m[39m[22m
[1m[31m[0m[91mError: [39m[31m[0m[96mapps/super-app-ui/src/app/root.component.ts[0m:[93m21[0m:[93m18[0m - [91merror[0m[90m TS2339: [0mProperty 'bingo' does not exist on type 'ServiceService'.[39m[22m
[1m[31m[39m[22m
[1m[31m[7m21[0m     this.service.bingo().subscribe(res => {[39m[22m
[1m[31m[7m  [0m [91m                 ~~~~~[0m[39m[22m
[1m[31m[39m[22m
[1m[31m[39m[22m
[1m[31m[0m[91mError: [39m[31m[0m[96mapps/super-app-ui/src/app/root.component.ts[0m:[93m21[0m:[93m36[0m - [91merror[0m[90m TS7006: [0mParameter 'res' implicitly has an 'any' type.[39m[22m
[1m[31m[39m[22m
[1m[31m[7m21[0m     this.service.bingo().subscribe(res => {[39m[22m
[1m[31m[7m  [0m [91m                                   ~~~[0m[39m[22m
[1m[31m[39m[22m
[1m[31m[39m[22m
[1m[31m[0m[91mError: [39m[31m[0m[96mlibs/node-tests/src/lib/services/service.service.ts[0m:[93m11[0m:[93m44[0m - [91merror[0m[90m TS2769: [0mNo overload matches this call.[39m[22m
[1m[31m  Overload 1 of 3, '(observer?: Partial<Observer<Object>> | undefined): Subscription', gave the following error.[39m[22m
[1m[31m    Type '(res: Auth) => void' has no properties in common with type 'Partial<Observer<Object>>'.[39m[22m
[1m[31m  Overload 2 of 3, '(next: (value: Object) => void): Subscription', gave the following error.[39m[22m
[1m[31m    Argument of type '(res: Auth) => void' is not assignable to parameter of type '(value: Object) => void'.[39m[22m
[1m[31m      Types of parameters 'res' and 'value' are incompatible.[39m[22m
[1m[31m        The 'Object' type is assignable to very few other types. Did you mean to use the 'any' type instead?[39m[22m
[1m[31m          Property 'token' is missing in type 'Object' but required in type 'Auth'.[39m[22m
[1m[31m  Overload 3 of 3, '(next?: ((value: Object) => void) | null | undefined, error?: ((error: any) => void) | null | undefined, complete?: (() => void) | null | undefined): Subscription', gave the following error.[39m[22m
[1m[31m    Argument of type '(res: Auth) => void' is not assignable to parameter of type '(value: Object) => void'.[39m[22m
[1m[31m      Types of parameters 'res' and 'value' are incompatible.[39m[22m
[1m[31m        Type 'Object' is not assignable to type 'Auth'.[39m[22m
[1m[31m          The 'Object' type is assignable to very few other types. Did you mean to use the 'any' type instead?[39m[22m
[1m[31m[39m[22m
[1m[31m[7m11[0m [39m[22m[1m[31m    this.http.get(domain + path).subscribe((res: Auth) => {[39m[22m
[1m[31m[7m  [0m [91m                                           ~~~~~~~~~~~~~~~~[0m[39m[22m
[1m[31m[39m[22m
[1m[31m  [96mlibs/node-tests/src/lib/services/service.service.ts[0m:[93m18[0m:[93m3[0m[39m[22m
[1m[31m    [7m18[0m   token:string;[39m[22m
[1m[31m    [7m  [0m [96m  ~~~~~[0m[39m[22m
[1m[31m    'token' is declared here.[39m[22m
[1m[31m[39m[22m
[1m[31m[39m[22m
[1m[31m[39m[22m
[37m[39m
[37m[91mâœ–[39m[37m Failed to compile.[39m
[36mâ ‹[39m Generating browser application bundles...[2K[1G[36mâ ™[39m Generating browser application bundles (phase: sealing)...[2K[1G[32mâœ”[39m Browser application bundle generation complete.
[37m[39m
[37m[0m[1mInitial Chunk Files[22m[2m | [22m[1mNames[22m  [2m | [22m[1mRaw Size[22m[0m[39m
[37m[0m[92mmain.js[39m[37m            [2m | [22mmain   [2m | [22m[96m13.74 kB[39m[37m[2m | [22m[0m[39m
[37m[0m[92mruntime.js[39m[37m         [2m | [22mruntime[2m | [22m [96m6.52 kB[39m[37m[2m | [22m[0m[39m
[37m[0m[0m[39m
[37m[0m3 unchanged chunks[0m[39m
[37m[0m[0m[39m
[37m[0mBuild at: [1m[37m2022-02-21T02:39:59.338Z[39m[37m[22m - Hash: [1m[37m4859ee01f3369078[39m[37m[22m - Time: [1m[37m105[39m[37m[22mms[0m[39m
[1m[31m[39m[22m
[1m[31m[0m[36m./apps/super-app-ui/src/app/root.component.ts[39m[31m[0m:[0m[93m15:125-142[39m[31m[0m - [0m[91mError: [39m[31m[0mexport 'ServiceService' (imported as 'i1') was not found in '@michael-nx/node-tests' (possible exports: NodeTestsModule)[39m[22m
[1m[31m[39m[22m
[1m[31m[0m[36m./libs/node-tests/src/lib/services/service.service.ts[39m[31m[0m:[0m[93m9:83[39m[31m[0m - [0m[91mError: [39m[31m[0mModule parse failed: Unexpected token (9:83)[39m[22m
[1m[31mFile was processed with these loaders:[39m[22m
[1m[31m * ./node_modules/@angular-devkit/build-angular/src/babel/webpack-loader.js[39m[22m
[1m[31m * ./node_modules/@ngtools/webpack/src/ivy/index.js[39m[22m
[1m[31mYou may need an additional loader to handle the result of these loaders.[39m[22m
[1m[31m|     }[39m[22m
[1m[31m|     auth(domain = 'http://localhost:3000', path = '/bingo') {[39m[22m
[1m[31m>         this.http.get(domain + path).subscribe((res, { localStorage, setItem }) => , ("AUTH-TOKEN", res.token));[39m[22m
[1m[31m|     }[39m[22m
[1m[31m|     ;[39m[22m
[1m[31m[39m[22m
[1m[31m[0m[91mError: [39m[31m[0m[96mapps/super-app-ui/src/app/root.component.ts[0m:[93m21[0m:[93m18[0m - [91merror[0m[90m TS2339: [0mProperty 'bingo' does not exist on type 'ServiceService'.[39m[22m
[1m[31m[39m[22m
[1m[31m[7m21[0m     this.service.bingo().subscribe(res => {[39m[22m
[1m[31m[7m  [0m [91m                 ~~~~~[0m[39m[22m
[1m[31m[39m[22m
[1m[31m[39m[22m
[1m[31m[0m[91mError: [39m[31m[0m[96mapps/super-app-ui/src/app/root.component.ts[0m:[93m21[0m:[93m36[0m - [91merror[0m[90m TS7006: [0mParameter 'res' implicitly has an 'any' type.[39m[22m
[1m[31m[39m[22m
[1m[31m[7m21[0m     this.service.bingo().subscribe(res => {[39m[22m
[1m[31m[7m  [0m [91m                                   ~~~[0m[39m[22m
[1m[31m[39m[22m
[1m[31m[39m[22m
[1m[31m[0m[91mError: [39m[31m[0m[96mlibs/node-tests/src/lib/services/service.service.ts[0m:[93m11[0m:[93m44[0m - [91merror[0m[90m TS2345: [0mArgument of type '(res: any, { localStorage, setItem }: { localStorage: any; setItem: any; }) => any' is not assignable to parameter of type '(value: Object) => void'.[39m[22m
[1m[31m[39m[22m
[1m[31m[7m11[0m     this.http.get(domain + path).subscribe((res: any => {[39m[22m
[1m[31m[7m  [0m [91m                                           ~~~~~~~~~~~~~~[0m[39m[22m
[1m[31m[7m12[0m       localStorage.setItem("AUTH-TOKEN",res.token);[39m[22m
[1m[31m[7m  [0m [91m~~~~~~~~~~~~~[39m[22m[1m[31m~~~~~~~~~~~~~[0m[39m[22m
[1m[31m[39m[22m
[1m[31m[39m[22m
[1m[31m[0m[91mError: [39m[31m[0m[96mlibs/node-tests/src/lib/services/service.service.ts[0m:[93m11[0m:[93m54[0m - [91merror[0m[90m TS1005: [0m',' expected.[39m[22m
[1m[31m[39m[22m
[1m[31m[7m11[0m     this.http.get(domain + path).subscribe((res: any => {[39m[22m
[1m[31m[7m  [0m [91m                                                     ~~[0m[39m[22m
[1m[31m[39m[22m
[1m[31m[39m[22m
[1m[31m[0m[91mError: [39m[31m[0m[96mlibs/node-tests/src/lib/services/service.service.ts[0m:[93m12[0m:[93m7[0m - [91merror[0m[90m TS7031: [0mBinding element 'localStorage' implicitly has an 'any' type.[39m[22m
[1m[31m[39m[22m
[1m[31m[7m12[0m       localStorage.setItem("AUTH-TOKEN",res.token);[39m[22m
[1m[31m[7m  [0m [91m      ~~~~~~~~~~~~[0m[39m[22m
[1m[31m[39m[22m
[1m[31m[39m[22m
[1m[31m[0m[91mError: [39m[31m[0m[96mlibs/node-tests/src/lib/services/service.service.ts[0m:[93m12[0m:[93m19[0m - [91merror[0m[90m TS1005: [0m',' expected.[39m[22m
[1m[31m[39m[22m
[1m[31m[7m12[0m       localStorage.setItem("AUTH-TOKEN",res.token);[39m[22m
[1m[31m[7m  [0m [91m                  ~[0m[39m[22m
[1m[31m[39m[22m
[1m[31m[39m[22m
[1m[31m[0m[91mError: [39m[31m[0m[96mlibs/node-tests/src/lib/services/service.service.ts[0m:[93m12[0m:[93m20[0m - [91merror[0m[90m TS7031: [0mBinding element 'setItem' implicitly has an 'any' type.[39m[22m
[1m[31m[39m[22m
[1m[31m[7m12[0m       localStorage.setItem("AUTH-TOKEN",res.token);[39m[22m
[1m[31m[7m  [0m [91m                   ~~~~~~~[0m[39m[22m
[1m[31m[39m[22m
[1m[31m[39m[22m
[1m[31m[0m[91mError: [39m[31m[0m[96mlibs/node-tests/src/lib/services/service.service.ts[0m:[93m12[0m:[93m27[0m - [91merror[0m[90m TS1005: [0m',' expected.[39m[22m
[1m[31m[39m[22m
[1m[31m[7m12[0m       localStorage.setItem("AUTH-TOKEN",res.token);[39m[22m
[1m[31m[7m  [0m [91m                          ~[0m[39m[22m
[1m[31m[39m[22m
[1m[31m[39m[22m
[1m[31m[0m[91mError: [39m[31m[0m[96mlibs/node-tests/src/lib/services/service.service.ts[0m:[93m12[0m:[93m28[0m - [91merror[0m[90m TS2695: [0mLeft side of comma operator is unused and has no side effects.[39m[22m
[1m[31m[39m[22m
[1m[31m[7m12[0m       localStorage.setItem("AUTH-TOKEN",res.token);[39m[22m
[1m[31m[7m  [0m [91m                           ~~~~~~~~~~~~[0m[39m[22m
[1m[31m[39m[22m
[1m[31m[39m[22m
[1m[31m[0m[91mError: [39m[31m[0m[96mlibs/node-tests/src/lib/services/service.service.ts[0m:[93m12[0m:[93m41[0m - [91merror[0m[90m TS2304: [0mCannot find name 'res'.[39m[22m
[1m[31m[39m[22m
[1m[31m[7m12[0m    [39m[22m[1m[31m   localStorage.setItem("AUTH-TOKEN",res.token);[39m[22m
[1m[31m[7m  [0m [91m                                        ~~~[0m[39m[22m
[1m[31m[39m[22m
[1m[31m[39m[22m
[1m[31m[0m[91mError: [39m[31m[0m[96mlibs/node-tests/src/lib/services/service.service.ts[0m:[93m12[0m:[93m51[0m - [91merror[0m[90m TS1005: [0m')' expected.[39m[22m
[1m[31m[39m[22m
[1m[31m[7m12[0m       localStorage.setItem("AUTH-TOKEN",res.token);[39m[22m
[1m[31m[7m  [0m [91m                                                  ~[0m[39m[22m
[1m[31m[39m[22m
[1m[31m[39m[22m
[1m[31m[0m[91mError: [39m[31m[0m[96mlibs/node-tests/src/lib/services/service.service.ts[0m:[93m13[0m:[93m6[0m - [91merror[0m[90m TS1068: [0mUnexpected token. A constructor, method, accessor, or property was expected.[39m[22m
[1m[31m[39m[22m
[1m[31m[7m13[0m     });[39m[22m
[1m[31m[7m  [0m [91m     ~[0m[39m[22m
[1m[31m[39m[22m
[1m[31m[39m[22m
[1m[31m[0m[91mError: [39m[31m[0m[96mlibs/node-tests/src/lib/services/service.service.ts[0m:[93m15[0m:[93m1[0m - [91merror[0m[90m TS1128: [0mDeclaration or statement expected.[39m[22m
[1m[31m[39m[22m
[1m[31m[7m15[0m }[39m[22m
[1m[31m[7m  [0m [91m~[0m[39m[22m
[1m[31m[39m[22m
[1m[31m[39m[22m
[1m[31m[39m[22m
[37m[39m
[37m[91mâœ–[39m[37m Failed to compile.[39m
[36mâ ‹[39m Generating browser application bundles...[2K[1G[36mâ ™[39m Generating browser application bundles (phase: building)...[2K[1G[32mâœ”[39m Browser application bundle generation complete.
[37m[39m
[37m[0m5 unchanged chunks[0m[39m
[37m[0m[0m[39m
[37m[0mBuild at: [1m[37m2022-02-21T02:39:59.505Z[39m[37m[22m - Hash: [1m[37m4859ee01f3369078[39m[37m[22m - Time: [1m[37m124[39m[37m[22mms[0m[39m
[1m[31m[39m[22m
[1m[31m[0m[36m./apps/super-app-ui/src/app/root.component.ts[39m[31m[0m:[0m[93m15:125-142[39m[31m[0m - [0m[91mError: [39m[31m[0mexport 'ServiceService' (imported as 'i1') was not found in '@michael-nx/node-tests' (possible exports: NodeTestsModule)[39m[22m
[1m[31m[39m[22m
[1m[31m[0m[36m./libs/node-tests/src/lib/services/service.service.ts[39m[31m[0m:[0m[93m9:83[39m[31m[0m - [0m[91mError: [39m[31m[0mModule parse failed: Unexpected token (9:83)[39m[22m
[1m[31mFile was processed with these loaders:[39m[22m
[1m[31m * ./node_modules/@angular-devkit/build-angular/src/babel/webpack-loader.js[39m[22m
[1m[31m * ./node_modules/@ngtools/webpack/src/ivy/index.js[39m[22m
[1m[31mYou may need an additional loader to handle the result of these loaders.[39m[22m
[1m[31m|     }[39m[22m
[1m[31m|     auth(domain = 'http://localhost:3000', path = '/bingo') {[39m[22m
[1m[31m>         this.http.get(domain + path).subscribe((res, { localStorage, setItem }) => , ("AUTH-TOKEN", res.token));[39m[22m
[1m[31m|     }[39m[22m
[1m[31m|     ;[39m[22m
[1m[31m[39m[22m
[1m[31m[0m[91mError: [39m[31m[0m[96mapps/super-app-ui/src/app/root.component.ts[0m:[93m21[0m:[93m18[0m - [91merror[0m[90m TS2339: [0mProperty 'bingo' does not exist on type 'ServiceService'.[39m[22m
[1m[31m[39m[22m
[1m[31m[7m21[0m     this.service.bingo().subscribe(res => {[39m[22m
[1m[31m[7m  [0m [91m                 ~~~~~[0m[39m[22m
[1m[31m[39m[22m
[1m[31m[39m[22m
[1m[31m[0m[91mError: [39m[31m[0m[96mapps/super-app-ui/src/app/root.component.ts[0m:[93m21[0m:[93m36[0m - [91merror[0m[90m TS7006: [0mParameter 'res' implicitly has an 'any' type.[39m[22m
[1m[31m[39m[22m
[1m[31m[7m21[0m     this.service.bingo().subscribe(res => {[39m[22m
[1m[31m[7m  [0m [91m                                   ~~~[0m[39m[22m
[1m[31m[39m[22m
[1m[31m[39m[22m
[1m[31m[0m[91mError: [39m[31m[0m[96mlibs/node-tests/src/lib/services/service.service.ts[0m:[93m11[0m:[93m44[0m - [91merror[0m[90m TS2345: [0mArgument of type '(res: any, { localStorage, setItem }: { localStorage: any; setItem: any; }) => any' is not assignable to parameter of type '(value: Object) => void'.[39m[22m
[1m[31m[39m[22m
[1m[31m[7m11[0m     this.http.get(domain + path).subscribe((res: any => {[39m[22m
[1m[31m[7m  [0m [91m                                           ~~~~~~~~~~~~~~[0m[39m[22m
[1m[31m[7m12[0m       localStorage.setItem("AUTH-TOKEN",res.token);[39m[22m
[1m[31m[7m  [0m [91m~~~~~~~~~~~~~[39m[22m[1m[31m~~~~~~~~~~~~~[0m[39m[22m
[1m[31m[39m[22m
[1m[31m[39m[22m
[1m[31m[0m[91mError: [39m[31m[0m[96mlibs/node-tests/src/lib/services/service.service.ts[0m:[93m11[0m:[93m54[0m - [91merror[0m[90m TS1005: [0m',' expected.[39m[22m
[1m[31m[39m[22m
[1m[31m[7m11[0m     this.http.get(domain + path).subscribe((res: any => {[39m[22m
[1m[31m[7m  [0m [91m                                                     ~~[0m[39m[22m
[1m[31m[39m[22m
[1m[31m[39m[22m
[1m[31m[0m[91mError: [39m[31m[0m[96mlibs/node-tests/src/lib/services/service.service.ts[0m:[93m12[0m:[93m7[0m - [91merror[0m[90m TS7031: [0mBinding element 'localStorage' implicitly has an 'any' type.[39m[22m
[1m[31m[39m[22m
[1m[31m[7m12[0m       localStorage.setItem("AUTH-TOKEN",res.token);[39m[22m
[1m[31m[7m  [0m [91m      ~~~~~~~~~~~~[0m[39m[22m
[1m[31m[39m[22m
[1m[31m[39m[22m
[1m[31m[0m[91mError: [39m[31m[0m[96mlibs/node-tests/src/lib/services/service.service.ts[0m:[93m12[0m:[93m19[0m - [91merror[0m[90m TS1005: [0m',' expected.[39m[22m
[1m[31m[39m[22m
[1m[31m[7m12[0m       localStorage.setItem("AUTH-TOKEN",res.token);[39m[22m
[1m[31m[7m  [0m [91m                  ~[0m[39m[22m
[1m[31m[39m[22m
[1m[31m[39m[22m
[1m[31m[0m[91mError: [39m[31m[0m[96mlibs/node-tests/src/lib/services/service.service.ts[0m:[93m12[0m:[93m20[0m - [91merror[0m[90m TS7031: [0mBinding element 'setItem' implicitly has an 'any' type.[39m[22m
[1m[31m[39m[22m
[1m[31m[7m12[0m       localStorage.setItem("AUTH-TOKEN",res.token);[39m[22m
[1m[31m[7m  [0m [91m                   ~~~~~~~[0m[39m[22m
[1m[31m[39m[22m
[1m[31m[39m[22m
[1m[31m[0m[91mError: [39m[31m[0m[96mlibs/node-tests/src/lib/services/service.service.ts[0m:[93m12[0m:[93m27[0m - [91merror[0m[90m TS1005: [0m',' expected.[39m[22m
[1m[31m[39m[22m
[1m[31m[7m12[0m       localStorage.setItem("AUTH-TOKEN",res.token);[39m[22m
[1m[31m[7m  [0m [91m                          ~[0m[39m[22m
[1m[31m[39m[22m
[1m[31m[39m[22m
[1m[31m[0m[91mError: [39m[31m[0m[96mlibs/node-tests/src/lib/services/service.service.ts[0m:[93m12[0m:[93m28[0m - [91merror[0m[90m TS2695: [0mLeft side of comma operator is unused and has no side effects.[39m[22m
[1m[31m[39m[22m
[1m[31m[7m12[0m       localStorage.setItem("AUTH-TOKEN",res.token);[39m[22m
[1m[31m[7m  [0m [91m                           ~~~~~~~~~~~~[0m[39m[22m
[1m[31m[39m[22m
[1m[31m[39m[22m
[1m[31m[0m[91mError: [39m[31m[0m[96mlibs/node-tests/src/lib/services/service.service.ts[0m:[93m12[0m:[93m41[0m - [91merror[0m[90m TS2304: [0mCannot find name 'res'.[39m[22m
[1m[31m[39m[22m
[1m[31m[7m12[0m    [39m[22m[1m[31m   localStorage.setItem("AUTH-TOKEN",res.token);[39m[22m
[1m[31m[7m  [0m [91m                                        ~~~[0m[39m[22m
[1m[31m[39m[22m
[1m[31m[39m[22m
[1m[31m[0m[91mError: [39m[31m[0m[96mlibs/node-tests/src/lib/services/service.service.ts[0m:[93m12[0m:[93m51[0m - [91merror[0m[90m TS1005: [0m')' expected.[39m[22m
[1m[31m[39m[22m
[1m[31m[7m12[0m       localStorage.setItem("AUTH-TOKEN",res.token);[39m[22m
[1m[31m[7m  [0m [91m                                                  ~[0m[39m[22m
[1m[31m[39m[22m
[1m[31m[39m[22m
[1m[31m[0m[91mError: [39m[31m[0m[96mlibs/node-tests/src/lib/services/service.service.ts[0m:[93m13[0m:[93m6[0m - [91merror[0m[90m TS1068: [0mUnexpected token. A constructor, method, accessor, or property was expected.[39m[22m
[1m[31m[39m[22m
[1m[31m[7m13[0m     });[39m[22m
[1m[31m[7m  [0m [91m     ~[0m[39m[22m
[1m[31m[39m[22m
[1m[31m[39m[22m
[1m[31m[0m[91mError: [39m[31m[0m[96mlibs/node-tests/src/lib/services/service.service.ts[0m:[93m15[0m:[93m1[0m - [91merror[0m[90m TS1128: [0mDeclaration or statement expected.[39m[22m
[1m[31m[39m[22m
[1m[31m[7m15[0m }[39m[22m
[1m[31m[7m  [0m [91m~[0m[39m[22m
[1m[31m[39m[22m
[1m[31m[39m[22m
[1m[31m[39m[22m
[37m[39m
[37m[91mâœ–[39m[37m Failed to compile.[39m
[36mâ ‹[39m Generating browser application bundles...[2K[1G[36mâ ™[39m Generating browser application bundles (phase: building)...[2K[1G[32mâœ”[39m Browser application bundle generation complete.
[37m[39m
[37m[0m[1mInitial Chunk Files[22m[2m | [22m[1mNames[22m  [2m | [22m[1mRaw Size[22m[0m[39m
[37m[0m[92mmain.js[39m[37m            [2m | [22mmain   [2m | [22m[96m14.47 kB[39m[37m[2m | [22m[0m[39m
[37m[0m[92mruntime.js[39m[37m         [2m | [22mruntime[2m | [22m [96m6.52 kB[39m[37m[2m | [22m[0m[39m
[37m[0m[0m[39m
[37m[0m3 unchanged chunks[0m[39m
[37m[0m[0m[39m
[37m[0mBuild at: [1m[37m2022-02-21T02:40:10.894Z[39m[37m[22m - Hash: [1m[37m47612e729f3cf334[39m[37m[22m - Time: [1m[37m127[39m[37m[22mms[0m[39m
[1m[31m[39m[22m
[1m[31m[0m[91mError: [39m[31m[0m[96mapps/super-app-ui/src/app/root.component.ts[0m:[93m21[0m:[93m18[0m - [91merror[0m[90m TS2339: [0mProperty 'bingo' does not exist on type 'ServiceService'.[39m[22m
[1m[31m[39m[22m
[1m[31m[7m21[0m     this.service.bingo().subscribe(res => {[39m[22m
[1m[31m[7m  [0m [91m                 ~~~~~[0m[39m[22m
[1m[31m[39m[22m
[1m[31m[39m[22m
[1m[31m[0m[91mError: [39m[31m[0m[96mapps/super-app-ui/src/app/root.component.ts[0m:[93m21[0m:[93m36[0m - [91merror[0m[90m TS7006: [0mParameter 'res' implicitly has an 'any' type.[39m[22m
[1m[31m[39m[22m
[1m[31m[7m21[0m     this.service.bingo().subscribe(res => {[39m[22m
[1m[31m[7m  [0m [91m                                   ~~~[0m[39m[22m
[1m[31m[39m[22m
[1m[31m[39m[22m
[1m[31m[0m[91mError: [39m[31m[0m[96mlibs/node-tests/src/lib/services/service.service.ts[0m:[93m12[0m:[93m45[0m - [91merror[0m[90m TS2339: [0mProperty 'token' does not exist on type 'Object'.[39m[22m
[1m[31m[39m[22m
[1m[31m[7m12[0m       localStorage.setItem("AUTH-TOKEN",res.token);[39m[22m
[1m[31m[7m  [0m [91m                                            ~~~~~[0m[39m[22m
[1m[31m[39m[22m
[1m[31m[39m[22m
[1m[31m[39m[22m
[37m[39m
[37m[91mâœ–[39m[37m Failed to compile.[39m
[36mâ ‹[39m Generating browser application bundles...[2K[1G[36mâ ™[39m Generating browser application bundles (phase: building)...[2K[1G[32mâœ”[39m Browser application bundle generation complete.
[37m[39m
[37m[0m5 unchanged chunks[0m[39m
[37m[0m[0m[39m
[37m[0mBuild at: [1m[37m2022-02-21T02:40:11.047Z[39m[37m[22m - Hash: [1m[37m47612e729f3cf334[39m[37m[22m - Time: [1m[37m114[39m[37m[22mms[0m[39m
[1m[31m[39m[22m
[1m[31m[0m[91mError: [39m[31m[0m[96mapps/super-app-ui/src/app/root.component.ts[0m:[93m21[0m:[93m18[0m - [91merror[0m[90m TS2339: [0mProperty 'bingo' does not exist on type 'ServiceService'.[39m[22m
[1m[31m[39m[22m
[1m[31m[7m21[0m     this.service.bingo().subscribe(res => {[39m[22m
[1m[31m[7m  [0m [91m                 ~~~~~[0m[39m[22m
[1m[31m[39m[22m
[1m[31m[39m[22m
[1m[31m[0m[91mError: [39m[31m[0m[96mapps/super-app-ui/src/app/root.component.ts[0m:[93m21[0m:[93m36[0m - [91merror[0m[90m TS7006: [0mParameter 'res' implicitly has an 'any' type.[39m[22m
[1m[31m[39m[22m
[1m[31m[7m21[0m     this.service.bingo().subscribe(res => {[39m[22m
[1m[31m[7m  [0m [91m                                   ~~~[0m[39m[22m
[1m[31m[39m[22m
[1m[31m[39m[22m
[1m[31m[0m[91mError: [39m[31m[0m[96mlibs/node-tests/src/lib/services/service.service.ts[0m:[93m12[0m:[93m45[0m - [91merror[0m[90m TS2339: [0mProperty 'token' does not exist on type 'Object'.[39m[22m
[1m[31m[39m[22m
[1m[31m[7m12[0m       localStorage.setItem("AUTH-TOKEN",res.token);[39m[22m
[1m[31m[7m  [0m [91m                                            ~~~~~[0m[39m[22m
[1m[31m[39m[22m
[1m[31m[39m[22m
[1m[31m[39m[22m
[37m[39m
[37m[91mâœ–[39m[37m Failed to compile.[39m
[36mâ ‹[39m Generating browser application bundles...[2K[1G[36mâ ™[39m Generating browser application bundles (phase: sealing)...[2K[1G[32mâœ”[39m Browser application bundle generation complete.
[37m[39m
[37m[0m[1mInitial Chunk Files[22m[2m | [22m[1mNames[22m  [2m | [22m[1mRaw Size[22m[0m[39m
[37m[0m[92mmain.js[39m[37m            [2m | [22mmain   [2m | [22m[96m14.48 kB[39m[37m[2m | [22m[0m[39m
[37m[0m[92mruntime.js[39m[37m         [2m | [22mruntime[2m | [22m [96m6.52 kB[39m[37m[2m | [22m[0m[39m
[37m[0m[0m[39m
[37m[0m3 unchanged chunks[0m[39m
[37m[0m[0m[39m
[37m[0mBuild at: [1m[37m2022-02-21T02:40:28.470Z[39m[37m[22m - Hash: [1m[37m4ad23cb3b14c330a[39m[37m[22m - Time: [1m[37m92[39m[37m[22mms[0m[39m
[1m[31m[39m[22m
[1m[31m[0m[91mError: [39m[31m[0m[96mapps/super-app-ui/src/app/root.component.ts[0m:[93m21[0m:[93m18[0m - [91merror[0m[90m TS2339: [0mProperty 'bingo' does not exist on type 'ServiceService'.[39m[22m
[1m[31m[39m[22m
[1m[31m[7m21[0m     this.service.bingo().subscribe(res => {[39m[22m
[1m[31m[7m  [0m [91m                 ~~~~~[0m[39m[22m
[1m[31m[39m[22m
[1m[31m[39m[22m
[1m[31m[0m[91mError: [39m[31m[0m[96mapps/super-app-ui/src/app/root.component.ts[0m:[93m21[0m:[93m36[0m - [91merror[0m[90m TS7006: [0mParameter 'res' implicitly has an 'any' type.[39m[22m
[1m[31m[39m[22m
[1m[31m[7m21[0m     this.service.bingo().subscribe(res => {[39m[22m
[1m[31m[7m  [0m [91m                                   ~~~[0m[39m[22m
[1m[31m[39m[22m
[1m[31m[39m[22m
[1m[31m[39m[22m
[37m[39m
[37m[91mâœ–[39m[37m Failed to compile.[39m
[36mâ ‹[39m Generating browser application bundles...[2K[1G[36mâ ™[39m Generating browser application bundles (phase: building)...[2K[1G[36mâ ¹[39m Generating browser application bundles (phase: building)...[2K[1G[32mâœ”[39m Browser application bundle generation complete.
[37m[39m
[37m[0m5 unchanged chunks[0m[39m
[37m[0m[0m[39m
[37m[0mBuild at: [1m[37m2022-02-21T02:40:28.739Z[39m[37m[22m - Hash: [1m[37m4ad23cb3b14c330a[39m[37m[22m - Time: [1m[37m239[39m[37m[22mms[0m[39m
[1m[31m[39m[22m
[1m[31m[0m[91mError: [39m[31m[0m[96mapps/super-app-ui/src/app/root.component.ts[0m:[93m21[0m:[93m18[0m - [91merror[0m[90m TS2339: [0mProperty 'bingo' does not exist on type 'ServiceService'.[39m[22m
[1m[31m[39m[22m
[1m[31m[7m21[0m     this.service.bingo().subscribe(res => {[39m[22m
[1m[31m[7m  [0m [91m                 ~~~~~[0m[39m[22m
[1m[31m[39m[22m
[1m[31m[39m[22m
[1m[31m[0m[91mError: [39m[31m[0m[96mapps/super-app-ui/src/app/root.component.ts[0m:[93m21[0m:[93m36[0m - [91merror[0m[90m TS7006: [0mParameter 'res' implicitly has an 'any' type.[39m[22m
[1m[31m[39m[22m
[1m[31m[7m21[0m     this.service.bingo().subscribe(res => {[39m[22m
[1m[31m[7m  [0m [91m                                   ~~~[0m[39m[22m
[1m[31m[39m[22m
[1m[31m[39m[22m
[1m[31m[39m[22m
[37m[39m
[37m[91mâœ–[39m[37m Failed to compile.[39m
[36mâ ‹[39m Generating browser application bundles...[2K[1G[32mâœ”[39m Browser application bundle generation complete.
[37m[39m
[37m[0m[1mInitial Chunk Files[22m[2m | [22m[1mNames[22m  [2m | [22m[1mRaw Size[22m[0m[39m
[37m[0m[92mmain.js[39m[37m            [2m | [22mmain   [2m | [22m[96m14.48 kB[39m[37m[2m | [22m[0m[39m
[37m[0m[92mruntime.js[39m[37m         [2m | [22mruntime[2m | [22m [96m6.52 kB[39m[37m[2m | [22m[0m[39m
[37m[0m[0m[39m
[37m[0m3 unchanged chunks[0m[39m
[37m[0m[0m[39m
[37m[0mBuild at: [1m[37m2022-02-21T02:40:40.087Z[39m[37m[22m - Hash: [1m[37mbac3f10e85739255[39m[37m[22m - Time: [1m[37m72[39m[37m[22mms[0m[39m
[1m[31m[39m[22m
[1m[31m[0m[91mError: [39m[31m[0m[96mapps/super-app-ui/src/app/root.component.ts[0m:[93m21[0m:[93m18[0m - [91merror[0m[90m TS2339: [0mProperty 'bingo' does not exist on type 'ServiceService'.[39m[22m
[1m[31m[39m[22m
[1m[31m[7m21[0m     this.service.bingo().subscribe(res => {[39m[22m
[1m[31m[7m  [0m [91m                 ~~~~~[0m[39m[22m
[1m[31m[39m[22m
[1m[31m[39m[22m
[1m[31m[0m[91mError: [39m[31m[0m[96mapps/super-app-ui/src/app/root.component.ts[0m:[93m21[0m:[93m36[0m - [91merror[0m[90m TS7006: [0mParameter 'res' implicitly has an 'any' type.[39m[22m
[1m[31m[39m[22m
[1m[31m[7m21[0m     this.service.bingo().subscribe(res => {[39m[22m
[1m[31m[7m  [0m [91m                                   ~~~[0m[39m[22m
[1m[31m[39m[22m
[1m[31m[39m[22m
[1m[31m[39m[22m
[37m[39m
[37m[91mâœ–[39m[37m Failed to compile.[39m
[36mâ ‹[39m Generating browser application bundles...[2K[1G[36mâ ™[39m Generating browser application bundles (phase: sealing)...[2K[1G[32mâœ”[39m Browser application bundle generation complete.
[37m[39m
[37m[0m5 unchanged chunks[0m[39m
[37m[0m[0m[39m
[37m[0mBuild at: [1m[37m2022-02-21T02:40:40.214Z[39m[37m[22m - Hash: [1m[37mbac3f10e85739255[39m[37m[22m - Time: [1m[37m92[39m[37m[22mms[0m[39m
[1m[31m[39m[22m
[1m[31m[0m[91mError: [39m[31m[0m[96mapps/super-app-ui/src/app/root.component.ts[0m:[93m21[0m:[93m18[0m - [91merror[0m[90m TS2339: [0mProperty 'bingo' does not exist on type 'ServiceService'.[39m[22m
[1m[31m[39m[22m
[1m[31m[7m21[0m     this.service.bingo().subscribe(res => {[39m[22m
[1m[31m[7m  [0m [91m                 ~~~~~[0m[39m[22m
[1m[31m[39m[22m
[1m[31m[39m[22m
[1m[31m[0m[91mError: [39m[31m[0m[96mapps/super-app-ui/src/app/root.component.ts[0m:[93m21[0m:[93m36[0m - [91merror[0m[90m TS7006: [0mParameter 'res' implicitly has an 'any' type.[39m[22m
[1m[31m[39m[22m
[1m[31m[7m21[0m     this.service.bingo().subscribe(res => {[39m[22m
[1m[31m[7m  [0m [91m                                   ~~~[0m[39m[22m
[1m[31m[39m[22m
[1m[31m[39m[22m
[1m[31m[39m[22m
[37m[39m
[37m[91mâœ–[39m[37m Failed to compile.[39m
[36mâ ‹[39m Generating browser application bundles...[2K[1G[36mâ ™[39m Generating browser application bundles (phase: building)...[2K[1G[36mâ ¹[39m Generating browser application bundles (phase: building)...[2K[1G[36mâ ¸[39m Generating browser application bundles (phase: sealing)...[2K[1G[32mâœ”[39m Browser application bundle generation complete.
[37m[39m
[37m[0m[1mInitial Chunk Files[22m[2m | [22m[1mNames[22m  [2m | [22m[1mRaw Size[22m[0m[39m
[37m[0m[92mmain.js[39m[37m            [2m | [22mmain   [2m | [22m[96m14.41 kB[39m[37m[2m | [22m[0m[39m
[37m[0m[92mruntime.js[39m[37m         [2m | [22mruntime[2m | [22m [96m6.52 kB[39m[37m[2m | [22m[0m[39m
[37m[0m[0m[39m
[37m[0m3 unchanged chunks[0m[39m
[37m[0m[0m[39m
[37m[0mBuild at: [1m[37m2022-02-21T02:41:08.987Z[39m[37m[22m - Hash: [1m[37mecffb8600a7ac35b[39m[37m[22m - Time: [1m[37m306[39m[37m[22mms[0m[39m
[37m[39m
[37m[92mâœ”[39m[37m Compiled successfully.[39m
[36mâ ‹[39m Generating browser application bundles...[2K[1G[36mâ ™[39m Generating browser application bundles (phase: building)...[2K[1G[32mâœ”[39m Browser application bundle generation complete.
[37m[39m
[37m[0m5 unchanged chunks[0m[39m
[37m[0m[0m[39m
[37m[0mBuild at: [1m[37m2022-02-21T02:41:09.206Z[39m[37m[22m - Hash: [1m[37mecffb8600a7ac35b[39m[37m[22m - Time: [1m[37m173[39m[37m[22mms[0m[39m
[37m[39m
[37m[92mâœ”[39m[37m Compiled successfully.[39m
[36mâ ‹[39m Generating browser application bundles...[2K[1G[36mâ ™[39m Generating browser application bundles (phase: building)...[2K[1G[32mâœ”[39m Browser application bundle generation complete.
[37m[39m
[37m[0m[1mInitial Chunk Files[22m[2m | [22m[1mNames[22m  [2m | [22m[1mRaw Size[22m[0m[39m
[37m[0m[92mmain.js[39m[37m            [2m | [22mmain   [2m | [22m[96m14.44 kB[39m[37m[2m | [22m[0m[39m
[37m[0m[92mruntime.js[39m[37m         [2m | [22mruntime[2m | [22m [96m6.52 kB[39m[37m[2m | [22m[0m[39m
[37m[0m[0m[39m
[37m[0m3 unchanged chunks[0m[39m
[37m[0m[0m[39m
[37m[0mBuild at: [1m[37m2022-02-21T02:43:08.014Z[39m[37m[22m - Hash: [1m[37m5e255e12e3487ac0[39m[37m[22m - Time: [1m[37m147[39m[37m[22mms[0m[39m
[37m[39m
[37m[92mâœ”[39m[37m Compiled successfully.[39m
[36mâ ‹[39m Generating browser application bundles...[2K[1G[36mâ ™[39m Generating browser application bundles (phase: sealing)...[2K[1G[32mâœ”[39m Browser application bundle generation complete.
[37m[39m
[37m[0m5 unchanged chunks[0m[39m
[37m[0m[0m[39m
[37m[0mBuild at: [1m[37m2022-02-21T02:43:08.134Z[39m[37m[22m - Hash: [1m[37m5e255e12e3487ac0[39m[37m[22m - Time: [1m[37m93[39m[37m[22mms[0m[39m
[37m[39m
[37m[92mâœ”[39m[37m Compiled successfully.[39m
[36mâ ‹[39m Generating browser application bundles...[2K[1G[36mâ ™[39m Generating browser application bundles (phase: building)...[2K[1G[32mâœ”[39m Browser application bundle generation complete.
[37m[39m
[37m[0m5 unchanged chunks[0m[39m
[37m[0m[0m[39m
[37m[0mBuild at: [1m[37m2022-02-21T02:43:59.047Z[39m[37m[22m - Hash: [1m[37m5e255e12e3487ac0[39m[37m[22m - Time: [1m[37m174[39m[37m[22mms[0m[39m
[37m[39m
[37m[92mâœ”[39m[37m Compiled successfully.[39m
[36mâ ‹[39m Generating browser application bundles...[2K[1G[36mâ ™[39m Generating browser application bundles (phase: building)...[2K[1G[32mâœ”[39m Browser application bundle generation complete.
[37m[39m
[37m[0m5 unchanged chunks[0m[39m
[37m[0m[0m[39m
[37m[0mBuild at: [1m[37m2022-02-21T02:43:59.198Z[39m[37m[22m - Hash: [1m[37m5e255e12e3487ac0[39m[37m[22m - Time: [1m[37m123[39m[37m[22mms[0m[39m
[37m[39m
[37m[92mâœ”[39m[37m Compiled successfully.[39m
[36mâ ‹[39m Generating browser application bundles...[2K[1G[36mâ ™[39m Generating browser application bundles (phase: building)...[2K[1G[32mâœ”[39m Browser application bundle generation complete.
[37m[39m
[37m[0m[1mInitial Chunk Files[22m[2m | [22m[1mNames[22m  [2m | [22m[1mRaw Size[22m[0m[39m
[37m[0m[92mmain.js[39m[37m            [2m | [22mmain   [2m | [22m[96m14.45 kB[39m[37m[2m | [22m[0m[39m
[37m[0m[92mruntime.js[39m[37m         [2m | [22mruntime[2m | [22m [96m6.52 kB[39m[37m[2m | [22m[0m[39m
[37m[0m[0m[39m
[37m[0m3 unchanged chunks[0m[39m
[37m[0m[0m[39m
[37m[0mBuild at: [1m[37m2022-02-21T02:44:19.225Z[39m[37m[22m - Hash: [1m[37m6376d640f39af82a[39m[37m[22m - Time: [1m[37m136[39m[37m[22mms[0m[39m
[37m[39m
[37m[92mâœ”[39m[37m Compiled successfully.[39m
[36mâ ‹[39m Generating browser application bundles...[2K[1G[36mâ ™[39m Generating browser application bundles (phase: building)...[2K[1G[36mâ ¹[39m Generating browser application bundles (phase: building)...[2K[1G[36mâ ¸[39m Generating browser application bundles (phase: building)...[2K[1G[32mâœ”[39m Browser application bundle generation complete.
[37m[39m
[37m[0m5 unchanged chunks[0m[39m
[37m[0m[0m[39m
[37m[0mBuild at: [1m[37m2022-02-21T02:44:19.606Z[39m[37m[22m - Hash: [1m[37m6376d640f39af82a[39m[37m[22m - Time: [1m[37m333[39m[37m[22mms[0m[39m
[37m[39m
[37m[92mâœ”[39m[37m Compiled successfully.[39m
[36mâ ‹[39m Generating browser application bundles...[2K[1G[36mâ ™[39m Generating browser application bundles (phase: building)...[2K[1G[32mâœ”[39m Browser application bundle generation complete.
[37m[39m
[37m[0m[1mInitial Chunk Files[22m[2m | [22m[1mNames[22m  [2m | [22m[1mRaw Size[22m[0m[39m
[37m[0m[92mmain.js[39m[37m            [2m | [22mmain   [2m | [22m[96m14.42 kB[39m[37m[2m | [22m[0m[39m
[37m[0m[92mruntime.js[39m[37m         [2m | [22mruntime[2m | [22m [96m6.52 kB[39m[37m[2m | [22m[0m[39m
[37m[0m[0m[39m
[37m[0m3 unchanged chunks[0m[39m
[37m[0m[0m[39m
[37m[0mBuild at: [1m[37m2022-02-21T02:56:31.959Z[39m[37m[22m - Hash: [1m[37m9d8c901f67422e6e[39m[37m[22m - Time: [1m[37m155[39m[37m[22mms[0m[39m
[37m[39m
[37m[92mâœ”[39m[37m Compiled successfully.[39m
[36mâ ‹[39m Generating browser application bundles...[2K[1G[36mâ ™[39m Generating browser application bundles (phase: sealing)...[2K[1G[32mâœ”[39m Browser application bundle generation complete.
[37m[39m
[37m[0m5 unchanged chunks[0m[39m
[37m[0m[0m[39m
[37m[0mBuild at: [1m[37m2022-02-21T02:56:32.082Z[39m[37m[22m - Hash: [1m[37m9d8c901f67422e6e[39m[37m[22m - Time: [1m[37m96[39m[37m[22mms[0m[39m
[37m[39m
[37m[92mâœ”[39m[37m Compiled successfully.[39m
[36mâ ‹[39m Generating browser application bundles...[2K[1G[36mâ ™[39m Generating browser application bundles (phase: building)...[2K[1G[32mâœ”[39m Browser application bundle generation complete.
[37m[39m
[37m[0m[1mInitial Chunk Files[22m[2m | [22m[1mNames[22m  [2m | [22m[1mRaw Size[22m[0m[39m
[37m[0m[92mmain.js[39m[37m            [2m | [22mmain   [2m | [22m[96m14.53 kB[39m[37m[2m | [22m[0m[39m
[37m[0m[92mruntime.js[39m[37m         [2m | [22mruntime[2m | [22m [96m6.52 kB[39m[37m[2m | [22m[0m[39m
[37m[0m[0m[39m
[37m[0m3 unchanged chunks[0m[39m
[37m[0m[0m[39m
[37m[0mBuild at: [1m[37m2022-02-21T03:01:48.667Z[39m[37m[22m - Hash: [1m[37m3918c08653fd487b[39m[37m[22m - Time: [1m[37m186[39m[37m[22mms[0m[39m
[37m[39m
[37m[92mâœ”[39m[37m Compiled successfully.[39m
[36mâ ‹[39m Generating browser application bundles...[2K[1G[36mâ ™[39m Generating browser application bundles (phase: building)...[2K[1G[32mâœ”[39m Browser application bundle generation complete.
[37m[39m
[37m[0m5 unchanged chunks[0m[39m
[37m[0m[0m[39m
[37m[0mBuild at: [1m[37m2022-02-21T03:01:48.819Z[39m[37m[22m - Hash: [1m[37m3918c08653fd487b[39m[37m[22m - Time: [1m[37m121[39m[37m[22mms[0m[39m
[37m[39m
[37m[92mâœ”[39m[37m Compiled successfully.[39m
[36mâ ‹[39m Generating browser application bundles...[2K[1G[36mâ ™[39m Generating browser application bundles (phase: building)...[2K[1G[32mâœ”[39m Browser application bundle generation complete.
[37m[39m
[37m[0m[1mInitial Chunk Files[22m[2m | [22m[1mNames[22m  [2m | [22m[1mRaw Size[22m[0m[39m
[37m[0m[92mmain.js[39m[37m            [2m | [22mmain   [2m | [22m[96m14.81 kB[39m[37m[2m | [22m[0m[39m
[37m[0m[92mruntime.js[39m[37m         [2m | [22mruntime[2m | [22m [96m6.52 kB[39m[37m[2m | [22m[0m[39m
[37m[0m[0m[39m
[37m[0m3 unchanged chunks[0m[39m
[37m[0m[0m[39m
[37m[0mBuild at: [1m[37m2022-02-21T03:04:23.615Z[39m[37m[22m - Hash: [1m[37m1f5827bb3a9c4258[39m[37m[22m - Time: [1m[37m130[39m[37m[22mms[0m[39m
[37m[39m
[37m[92mâœ”[39m[37m Compiled successfully.[39m
[36mâ ‹[39m Generating browser application bundles...[2K[1G[36mâ ™[39m Generating browser application bundles (phase: building)...[2K[1G[32mâœ”[39m Browser application bundle generation complete.
[37m[39m
[37m[0m5 unchanged chunks[0m[39m
[37m[0m[0m[39m
[37m[0mBuild at: [1m[37m2022-02-21T03:04:23.755Z[39m[37m[22m - Hash: [1m[37m1f5827bb3a9c4258[39m[37m[22m - Time: [1m[37m110[39m[37m[22mms[0m[39m
[37m[39m
[37m[92mâœ”[39m[37m Compiled successfully.[39m
[36mâ ‹[39m Generating browser application bundles...[2K[1G[36mâ ™[39m Generating browser application bundles (phase: building)...[2K[1G[32mâœ”[39m Browser application bundle generation complete.
[37m[39m
[37m[0m[1mInitial Chunk Files[22m[2m | [22m[1mNames[22m  [2m | [22m[1mRaw Size[22m[0m[39m
[37m[0m[92mmain.js[39m[37m            [2m | [22mmain   [2m | [22m[96m14.85 kB[39m[37m[2m | [22m[0m[39m
[37m[0m[92mruntime.js[39m[37m         [2m | [22mruntime[2m | [22m [96m6.52 kB[39m[37m[2m | [22m[0m[39m
[37m[0m[0m[39m
[37m[0m3 unchanged chunks[0m[39m
[37m[0m[0m[39m
[37m[0mBuild at: [1m[37m2022-02-21T03:04:47.325Z[39m[37m[22m - Hash: [1m[37m5c5bc2d85e85ae74[39m[37m[22m - Time: [1m[37m129[39m[37m[22mms[0m[39m
[37m[39m
[37m[92mâœ”[39m[37m Compiled successfully.[39m
[36mâ ‹[39m Generating browser application bundles...[2K[1G[36mâ ™[39m Generating browser application bundles (phase: building)...[2K[1G[36mâ ¹[39m Generating browser application bundles (phase: sealing)...[2K[1G[32mâœ”[39m Browser application bundle generation complete.
[37m[39m
[37m[0m5 unchanged chunks[0m[39m
[37m[0m[0m[39m
[37m[0mBuild at: [1m[37m2022-02-21T03:04:47.596Z[39m[37m[22m - Hash: [1m[37m5c5bc2d85e85ae74[39m[37m[22m - Time: [1m[37m243[39m[37m[22mms[0m[39m
[37m[39m
[37m[92mâœ”[39m[37m Compiled successfully.[39m
[36mâ ‹[39m Generating browser application bundles...[2K[1G[36mâ ™[39m Generating browser application bundles (phase: building)...[2K[1G[36mâ ¹[39m Generating browser application bundles (phase: sealing)...[2K[1G[32mâœ”[39m Browser application bundle generation complete.
[37m[39m
[37m[0m[1mInitial Chunk Files[22m[2m | [22m[1mNames[22m  [2m | [22m[1mRaw Size[22m[0m[39m
[37m[0m[92mmain.js[39m[37m            [2m | [22mmain   [2m | [22m[96m14.94 kB[39m[37m[2m | [22m[0m[39m
[37m[0m[92mruntime.js[39m[37m         [2m | [22mruntime[2m | [22m [96m6.52 kB[39m[37m[2m | [22m[0m[39m
[37m[0m[0m[39m
[37m[0m3 unchanged chunks[0m[39m
[37m[0m[0m[39m
[37m[0mBuild at: [1m[37m2022-02-21T03:09:27.454Z[39m[37m[22m - Hash: [1m[37m5da84ae1cb5dbb5a[39m[37m[22m - Time: [1m[37m205[39m[37m[22mms[0m[39m
[37m[39m
[37m[92mâœ”[39m[37m Compiled successfully.[39m
[36mâ ‹[39m Generating browser application bundles...[2K[1G[36mâ ™[39m Generating browser application bundles (phase: building)...[2K[1G[32mâœ”[39m Browser application bundle generation complete.
[37m[39m
[37m[0m5 unchanged chunks[0m[39m
[37m[0m[0m[39m
[37m[0mBuild at: [1m[37m2022-02-21T03:09:27.653Z[39m[37m[22m - Hash: [1m[37m5da84ae1cb5dbb5a[39m[37m[22m - Time: [1m[37m164[39m[37m[22mms[0m[39m
[37m[39m
[37m[92mâœ”[39m[37m Compiled successfully.[39m
[36mâ ‹[39m Generating browser application bundles...[2K[1G[36mâ ™[39m Generating browser application bundles (phase: building)...[2K[1G[32mâœ”[39m Browser application bundle generation complete.
[37m[39m
[37m[0m[1mInitial Chunk Files[22m[2m | [22m[1mNames[22m  [2m | [22m[1mRaw Size[22m[0m[39m
[37m[0m[92mmain.js[39m[37m            [2m | [22mmain   [2m | [22m[96m15.33 kB[39m[37m[2m | [22m[0m[39m
[37m[0m[92mruntime.js[39m[37m         [2m | [22mruntime[2m | [22m [96m6.52 kB[39m[37m[2m | [22m[0m[39m
[37m[0m[0m[39m
[37m[0m3 unchanged chunks[0m[39m
[37m[0m[0m[39m
[37m[0mBuild at: [1m[37m2022-02-21T03:10:03.376Z[39m[37m[22m - Hash: [1m[37mdb66abff80bb550c[39m[37m[22m - Time: [1m[37m135[39m[37m[22mms[0m[39m
[37m[39m
[37m[92mâœ”[39m[37m Compiled successfully.[39m
[36mâ ‹[39m Generating browser application bundles...[2K[1G[36mâ ™[39m Generating browser application bundles (phase: building)...[2K[1G[32mâœ”[39m Browser application bundle generation complete.
[37m[39m
[37m[0m5 unchanged chunks[0m[39m
[37m[0m[0m[39m
[37m[0mBuild at: [1m[37m2022-02-21T03:10:03.556Z[39m[37m[22m - Hash: [1m[37mdb66abff80bb550c[39m[37m[22m - Time: [1m[37m149[39m[37m[22mms[0m[39m
[37m[39m
[37m[92mâœ”[39m[37m Compiled successfully.[39m
[36mâ ‹[39m Generating browser application bundles...[2K[1G[36mâ ™[39m Generating browser application bundles (phase: building)...[2K[1G[36mâ ¹[39m Generating browser application bundles (phase: sealing)...[2K[1G[32mâœ”[39m Browser application bundle generation complete.
[37m[39m
[37m[0m[1mInitial Chunk Files[22m[2m | [22m[1mNames[22m  [2m | [22m[1mRaw Size[22m[0m[39m
[37m[0m[92mmain.js[39m[37m            [2m | [22mmain   [2m | [22m[96m14.30 kB[39m[37m[2m | [22m[0m[39m
[37m[0m[92mruntime.js[39m[37m         [2m | [22mruntime[2m | [22m [96m6.52 kB[39m[37m[2m | [22m[0m[39m
[37m[0m[0m[39m
[37m[0m3 unchanged chunks[0m[39m
[37m[0m[0m[39m
[37m[0mBuild at: [1m[37m2022-02-21T03:11:32.562Z[39m[37m[22m - Hash: [1m[37mc4ae473a797b8a4c[39m[37m[22m - Time: [1m[37m189[39m[37m[22mms[0m[39m
[1m[31m[39m[22m
[1m[31m[0m[36m./apps/super-app-ui/src/app/root.component.ts[39m[31m[0m:[0m[93m18:125-142[39m[31m[0m - [0m[91mError: [39m[31m[0mexport 'ServiceService' (imported as 'i1') was not found in '@michael-nx/node-tests' (possible exports: NodeTestsModule)[39m[22m
[1m[31m[39m[22m
[1m[31m[0m[36m./libs/node-tests/src/lib/services/service.service.ts[39m[31m[0m:[0m[93m26:0[39m[31m[0m - [0m[91mError: [39m[31m[0mModule parse failed: 'return' outside of function (26:0)[39m[22m
[1m[31mFile was processed with these loaders:[39m[22m
[1m[31m * ./node_modules/@angular-devkit/build-angular/src/babel/webpack-loader.js[39m[22m
[1m[31m * ./node_modules/@ngtools/webpack/src/ivy/index.js[39m[22m
[1m[31mYou may need an additional loader to handle the result of these loaders.[39m[22m
[1m[31m| ServiceService.Éµfac = function ServiceService_Factory(t) { return new (t || ServiceService)(i0.ÉµÉµinject(i1.HttpClient)); };[39m[22m
[1m[31m| ServiceService.Éµprov = /*@__PURE__*/ i0.ÉµÉµdefineInjectable({ token: ServiceService, factory: ServiceService.Éµfac, providedIn: 'root' });[39m[22m
[1m[31m> return this.http.get(domain + path, httpOptions);[39m[22m
[1m[31m| [39m[22m
[1m[31m[39m[22m
[1m[31m[0m[91mError: [39m[31m[0m[96mlibs/node-tests/src/lib/services/service.service.ts[0m:[93m19[0m:[93m59[0m - [91merror[0m[90m TS2355: [0mA function whose declared type is neither 'void' nor 'any' must return a value.[39m[22m
[1m[31m[39m[22m
[1m[31m[7m19[0m   nasa(domain = 'http://localhost:3000', path = '/nasa'): Observable<any> {[39m[22m
[1m[31m[7m  [0m [91m                                                          ~~~~~~~~~~~~~~~[0m[39m[22m
[1m[31m[39m[22m
[1m[31m[39m[22m
[1m[31m[0m[91mError: [39m[31m[0m[96mlibs/node-tests/src/lib/services/service.service.ts[0m:[93m21[0m:[93m32[0m - [91merror[0m[90m TS2362: [0mThe left-hand side of an arithmetic operation must be of type 'any', 'number', 'bigint' or an enum type.[39m[22m
[1m[31m[39m[22m
[1m[31m[7m21[0m       headers: new HttpHeaders({[39m[22m
[1m[31m[7m  [0m [91m                               ~[0m[39m[22m
[1m[31m[7m22[0m         AUTH-TOKEN: localStorage.getItem("AUTH-TOKEN") ?? "no-token",[39m[22m
[1m[31m[7m  [0m [91m~~~~~~~~~~~~[0m[39m[22m
[1m[31m[39m[22m
[1m[31m[39m[22m
[1m[31m[0m[91mError: [39m[31m[0m[96mlibs/node-tests/src/lib/services/service.service.ts[0m:[93m22[0m:[93m9[0m - [91merror[0m[90m TS18004: [0mNo[39m[22m[1m[31m value exists in scope for the shorthand property 'AUTH'. Either declare one or provide an initializer.[39m[22m
[1m[31m[39m[22m
[1m[31m[7m22[0m         AUTH-TOKEN: localStorage.getItem("AUTH-TOKEN") ?? "no-token",[39m[22m
[1m[31m[7m  [0m [91m        ~~~~[0m[39m[22m
[1m[31m[39m[22m
[1m[31m[39m[22m
[1m[31m[0m[91mError: [39m[31m[0m[96mlibs/node-tests/src/lib/services/service.service.ts[0m:[93m22[0m:[93m13[0m - [91merror[0m[90m TS1005: [0m',' expected.[39m[22m
[1m[31m[39m[22m
[1m[31m[7m22[0m         AUTH-TOKEN: localStorage.getItem("AUTH-TOKEN") ?? "no-token",[39m[22m
[1m[31m[7m  [0m [91m            ~[0m[39m[22m
[1m[31m[39m[22m
[1m[31m  [96mlibs/node-tests/src/lib/services/service.service.ts[0m:[93m21[0m:[93m32[0m[39m[22m
[1m[31m    [7m21[0m       headers: new HttpHeaders({[39m[22m
[1m[31m    [7m  [0m [96m                               ~[0m[39m[22m
[1m[31m    The parser expected to find a '}' to match the '{' token here.[39m[22m
[1m[31m[39m[22m
[1m[31m[39m[22m
[1m[31m[0m[91mError: [39m[31m[0m[96mlibs/node-tests/src/lib/services/service.service.ts[0m:[93m22[0m:[93m14[0m - [91merror[0m[90m TS2304: [0mCannot find name 'TOKEN'.[39m[22m
[1m[31m[39m[22m
[1m[31m[7m22[0m         AUTH-TOKEN: localStorage.getItem("AUTH-TOKEN") ?? "no-token",[39m[22m
[1m[31m[7m  [0m [91m             ~~~~~[0m[39m[22m
[1m[31m[39m[22m
[1m[31m[39m[22m
[1m[31m[0m[91mError: [39m[31m[0m[96mlibs/node-tests/src/lib/services/service.service.ts[0m:[93m22[0m:[93m19[0m - [91merror[0m[90m TS1005: [0m',' expected.[39m[22m
[1m[31m[39m[22m
[1m[31m[7m22[0m         AUTH-TOKEN: localStorage.getItem("AUTH-TOKEN") ?? "no-token",[39m[22m
[1m[31m[7m  [0m [91m                  ~[0m[39m[22m
[1m[31m[39m[22m
[1m[31m[39m[22m
[1m[31m[0m[91mError: [39m[31m[0m[96mlibs/node-tests/src/lib/services/service.service.ts[0m:[93m22[0m:[93m21[0m - [91merror[0m[90m TS2554: [0mExpected 0-1 arguments, but got 2.[39m[22m
[1m[31m[39m[22m
[1m[31m[7m22[0m         AUTH-TOKEN: localStorage.getItem("AUTH-TOKEN") ?? "no-token",[39m[22m
[1m[31m[7m  [0m [91m                    ~~~~~~~~~~~~~~~~~~~~~~~~~~~~~~~~~~~~~~~~~~~~~~~~[0m[39m[22m
[1m[31m[39m[22m
[1m[31m[39m[22m
[1m[31m[0m[91mError: [39m[31m[0m[96mlibs/node-tests/src/lib/services/service.service.ts[0m:[93m23[0m:[93m7[0m - [91merror[0m[90m TS1135: [0mArgument expression expected.[39m[22m
[1m[31m[39m[22m
[1m[31m[7m23[0m       })[39m[22m
[1m[31m[7m  [0m [91m      ~[0m[39m[22m
[1m[31m[39m[22m
[1m[31m[39m[22m
[1m[31m[0m[91mError: [39m[31m[0m[96mlibs/node-tests/src/lib/services/service.service.ts[0m:[93m2[39m[22m[1m[31m3[0m:[93m8[0m - [91merror[0m[90m TS1005: [0m',' expected.[39m[22m
[1m[31m[39m[22m
[1m[31m[7m23[0m       })[39m[22m
[1m[31m[7m  [0m [91m       ~[0m[39m[22m
[1m[31m[39m[22m
[1m[31m[39m[22m
[1m[31m[0m[91mError: [39m[31m[0m[96mlibs/node-tests/src/lib/services/service.service.ts[0m:[93m25[0m:[93m5[0m - [91merror[0m[90m TS1434: [0mUnexpected keyword or identifier.[39m[22m
[1m[31m[39m[22m
[1m[31m[7m25[0m     console.log(httpOptions);[39m[22m
[1m[31m[7m  [0m [91m    ~~~~~~~[0m[39m[22m
[1m[31m[39m[22m
[1m[31m[39m[22m
[1m[31m[0m[91mError: [39m[31m[0m[96mlibs/node-tests/src/lib/services/service.service.ts[0m:[93m25[0m:[93m5[0m - [91merror[0m[90m TS7008: [0mMember 'console' implicitly has an 'any' type.[39m[22m
[1m[31m[39m[22m
[1m[31m[7m25[0m     console.log(httpOptions);[39m[22m
[1m[31m[7m  [0m [91m    ~~~~~~~[0m[39m[22m
[1m[31m[39m[22m
[1m[31m[39m[22m
[1m[31m[0m[91mError: [39m[31m[0m[96mlibs/node-tests/src/lib/services/service.service.ts[0m:[93m25[0m:[93m12[0m - [91merror[0m[90m TS1068: [0mUnexpected token. A constructor, method, accessor, or property was expected.[39m[22m
[1m[31m[39m[22m
[1m[31m[7m25[0m     console.log(httpOptions);[39m[22m
[1m[31m[7m  [0m [91m           ~[0m[39m[22m
[1m[31m[39m[22m
[1m[31m[39m[22m
[1m[31m[0m[91mError: [39m[31m[0m[96mlibs/node-tests/src/lib/services/service.service.ts[0m:[93m25[0m:[93m13[0m - [91merror[0m[90m TS2391: [0mFunction implementation is missing or not immediately following the declaration.[39m[22m
[1m[31m[39m[22m
[1m[31m[7m25[0m     console.log(httpOptions);[39m[22m
[1m[31m[7m  [0m [91m            ~~~[0m[39m[22m
[1m[31m[39m[22m
[1m[31m[39m[22m
[1m[31m[0m[91mError: [39m[31m[0m[96mlibs/node-tests/src/lib/services/service.service.ts[0m:[93m25[0m:[93m13[0m - [91merror[0m[90m TS7010: [0m'log', which lacks return-type annotation, implicitly has an 'any' return type.[39m[22m
[1m[31m[39m[22m
[1m[31m[7m25[0m     console.log(httpOptions);[39m[22m
[1m[31m[7m  [0m [91m            ~~~[0m[39m[22m
[1m[31m[39m[22m
[1m[31m[39m[22m
[1m[31m[0m[91mError: [39m[31m[0m[96mlibs/node-tests/src/lib/services/service.service.ts[0m:[93m25[0m:[93m17[0m - [91merror[0m[90m TS7006: [0mParameter 'httpOptions' implicitly has an 'any' type.[39m[22m
[1m[31m[39m[22m
[1m[31m[7m25[0m     console.log(httpOptions);[39m[22m
[1m[31m[7m  [0m [91m                ~~~~~~~~~~~[0m[39m[22m
[1m[31m[39m[22m
[1m[31m[39m[22m
[1m[31m[0m[91mError: [39m[31m[0m[96mlibs/node-tests/src/lib/services/service.service.ts[0m:[93m26[0m:[93m5[0m - [91merror[0m[90m TS1068: [0mUnexpected token. A cons[39m[22m[1m[31mtructor, method, accessor, or property was expected.[39m[22m
[1m[31m[39m[22m
[1m[31m[7m26[0m     return this.http.get(domain + path, httpOptions);[39m[22m
[1m[31m[7m  [0m [91m    ~~~~~~[0m[39m[22m
[1m[31m[39m[22m
[1m[31m[39m[22m
[1m[31m[0m[91mError: [39m[31m[0m[96mlibs/node-tests/src/lib/services/service.service.ts[0m:[93m27[0m:[93m3[0m - [91merror[0m[90m TS1128: [0mDeclaration or statement expected.[39m[22m
[1m[31m[39m[22m
[1m[31m[7m27[0m   }[39m[22m
[1m[31m[7m  [0m [91m  ~[0m[39m[22m
[1m[31m[39m[22m
[1m[31m[39m[22m
[1m[31m[0m[91mError: [39m[31m[0m[96mlibs/node-tests/src/lib/services/service.service.ts[0m:[93m28[0m:[93m1[0m - [91merror[0m[90m TS1128: [0mDeclaration or statement expected.[39m[22m
[1m[31m[39m[22m
[1m[31m[7m28[0m }[39m[22m
[1m[31m[7m  [0m [91m~[0m[39m[22m
[1m[31m[39m[22m
[1m[31m[39m[22m
[1m[31m[39m[22m
[37m[39m
[37m[91mâœ–[39m[37m Failed to compile.[39m
[36mâ ‹[39m Generating browser application bundles...[2K[1G[36mâ ™[39m Generating browser application bundles (phase: building)...[2K[1G[32mâœ”[39m Browser application bundle generation complete.
[37m[39m
[37m[0m5 unchanged chunks[0m[39m
[37m[0m[0m[39m
[37m[0mBuild at: [1m[37m2022-02-21T03:11:32.727Z[39m[37m[22m - Hash: [1m[37mc4ae473a797b8a4c[39m[37m[22m - Time: [1m[37m121[39m[37m[22mms[0m[39m
[1m[31m[39m[22m
[1m[31m[0m[36m./apps/super-app-ui/src/app/root.component.ts[39m[31m[0m:[0m[93m18:125-142[39m[31m[0m - [0m[91mError: [39m[31m[0mexport 'ServiceService' (imported as 'i1') was not found in '@michael-nx/node-tests' (possible exports: NodeTestsModule)[39m[22m
[1m[31m[39m[22m
[1m[31m[0m[36m./libs/node-tests/src/lib/services/service.service.ts[39m[31m[0m:[0m[93m26:0[39m[31m[0m - [0m[91mError: [39m[31m[0mModule parse failed: 'return' outside of function (26:0)[39m[22m
[1m[31mFile was processed with these loaders:[39m[22m
[1m[31m * ./node_modules/@angular-devkit/build-angular/src/babel/webpack-loader.js[39m[22m
[1m[31m * ./node_modules/@ngtools/webpack/src/ivy/index.js[39m[22m
[1m[31mYou may need an additional loader to handle the result of these loaders.[39m[22m
[1m[31m| ServiceService.Éµfac = function ServiceService_Factory(t) { return new (t || ServiceService)(i0.ÉµÉµinject(i1.HttpClient)); };[39m[22m
[1m[31m| ServiceService.Éµprov = /*@__PURE__*/ i0.ÉµÉµdefineInjectable({ token: ServiceService, factory: ServiceService.Éµfac, providedIn: 'root' });[39m[22m
[1m[31m> return this.http.get(domain + path, httpOptions);[39m[22m
[1m[31m| [39m[22m
[1m[31m[39m[22m
[1m[31m[0m[91mError: [39m[31m[0m[96mlibs/node-tests/src/lib/services/service.service.ts[0m:[93m19[0m:[93m59[0m - [91merror[0m[90m TS2355: [0mA function whose declared type is neither 'void' nor 'any' must return a value.[39m[22m
[1m[31m[39m[22m
[1m[31m[7m19[0m   nasa(domain = 'http://localhost:3000', path = '/nasa'): Observable<any> {[39m[22m
[1m[31m[7m  [0m [91m                                                          ~~~~~~~~~~~~~~~[0m[39m[22m
[1m[31m[39m[22m
[1m[31m[39m[22m
[1m[31m[0m[91mError: [39m[31m[0m[96mlibs/node-tests/src/lib/services/service.service.ts[0m:[93m21[0m:[93m32[0m - [91merror[0m[90m TS2362: [0mThe left-hand side of an arithmetic operation must be of type 'any', 'number', 'bigint' or an enum type.[39m[22m
[1m[31m[39m[22m
[1m[31m[7m21[0m       headers: new HttpHeaders({[39m[22m
[1m[31m[7m  [0m [91m                               ~[0m[39m[22m
[1m[31m[7m22[0m         AUTH-TOKEN: localStorage.getItem("AUTH-TOKEN") ?? "no-token",[39m[22m
[1m[31m[7m  [0m [91m~~~~~~~~~~~~[0m[39m[22m
[1m[31m[39m[22m
[1m[31m[39m[22m
[1m[31m[0m[91mError: [39m[31m[0m[96mlibs/node-tests/src/lib/services/service.service.ts[0m:[93m22[0m:[93m9[0m - [91merror[0m[90m TS18004: [0mNo[39m[22m[1m[31m value exists in scope for the shorthand property 'AUTH'. Either declare one or provide an initializer.[39m[22m
[1m[31m[39m[22m
[1m[31m[7m22[0m         AUTH-TOKEN: localStorage.getItem("AUTH-TOKEN") ?? "no-token",[39m[22m
[1m[31m[7m  [0m [91m        ~~~~[0m[39m[22m
[1m[31m[39m[22m
[1m[31m[39m[22m
[1m[31m[0m[91mError: [39m[31m[0m[96mlibs/node-tests/src/lib/services/service.service.ts[0m:[93m22[0m:[93m13[0m - [91merror[0m[90m TS1005: [0m',' expected.[39m[22m
[1m[31m[39m[22m
[1m[31m[7m22[0m         AUTH-TOKEN: localStorage.getItem("AUTH-TOKEN") ?? "no-token",[39m[22m
[1m[31m[7m  [0m [91m            ~[0m[39m[22m
[1m[31m[39m[22m
[1m[31m  [96mlibs/node-tests/src/lib/services/service.service.ts[0m:[93m21[0m:[93m32[0m[39m[22m
[1m[31m    [7m21[0m       headers: new HttpHeaders({[39m[22m
[1m[31m    [7m  [0m [96m                               ~[0m[39m[22m
[1m[31m    The parser expected to find a '}' to match the '{' token here.[39m[22m
[1m[31m[39m[22m
[1m[31m[39m[22m
[1m[31m[0m[91mError: [39m[31m[0m[96mlibs/node-tests/src/lib/services/service.service.ts[0m:[93m22[0m:[93m14[0m - [91merror[0m[90m TS2304: [0mCannot find name 'TOKEN'.[39m[22m
[1m[31m[39m[22m
[1m[31m[7m22[0m         AUTH-TOKEN: localStorage.getItem("AUTH-TOKEN") ?? "no-token",[39m[22m
[1m[31m[7m  [0m [91m             ~~~~~[0m[39m[22m
[1m[31m[39m[22m
[1m[31m[39m[22m
[1m[31m[0m[91mError: [39m[31m[0m[96mlibs/node-tests/src/lib/services/service.service.ts[0m:[93m22[0m:[93m19[0m - [91merror[0m[90m TS1005: [0m',' expected.[39m[22m
[1m[31m[39m[22m
[1m[31m[7m22[0m         AUTH-TOKEN: localStorage.getItem("AUTH-TOKEN") ?? "no-token",[39m[22m
[1m[31m[7m  [0m [91m                  ~[0m[39m[22m
[1m[31m[39m[22m
[1m[31m[39m[22m
[1m[31m[0m[91mError: [39m[31m[0m[96mlibs/node-tests/src/lib/services/service.service.ts[0m:[93m22[0m:[93m21[0m - [91merror[0m[90m TS2554: [0mExpected 0-1 arguments, but got 2.[39m[22m
[1m[31m[39m[22m
[1m[31m[7m22[0m         AUTH-TOKEN: localStorage.getItem("AUTH-TOKEN") ?? "no-token",[39m[22m
[1m[31m[7m  [0m [91m                    ~~~~~~~~~~~~~~~~~~~~~~~~~~~~~~~~~~~~~~~~~~~~~~~~[0m[39m[22m
[1m[31m[39m[22m
[1m[31m[39m[22m
[1m[31m[0m[91mError: [39m[31m[0m[96mlibs/node-tests/src/lib/services/service.service.ts[0m:[93m23[0m:[93m7[0m - [91merror[0m[90m TS1135: [0mArgument expression expected.[39m[22m
[1m[31m[39m[22m
[1m[31m[7m23[0m       })[39m[22m
[1m[31m[7m  [0m [91m      ~[0m[39m[22m
[1m[31m[39m[22m
[1m[31m[39m[22m
[1m[31m[0m[91mError: [39m[31m[0m[96mlibs/node-tests/src/lib/services/service.service.ts[0m:[93m2[39m[22m[1m[31m3[0m:[93m8[0m - [91merror[0m[90m TS1005: [0m',' expected.[39m[22m
[1m[31m[39m[22m
[1m[31m[7m23[0m       })[39m[22m
[1m[31m[7m  [0m [91m       ~[0m[39m[22m
[1m[31m[39m[22m
[1m[31m[39m[22m
[1m[31m[0m[91mError: [39m[31m[0m[96mlibs/node-tests/src/lib/services/service.service.ts[0m:[93m25[0m:[93m5[0m - [91merror[0m[90m TS1434: [0mUnexpected keyword or identifier.[39m[22m
[1m[31m[39m[22m
[1m[31m[7m25[0m     console.log(httpOptions);[39m[22m
[1m[31m[7m  [0m [91m    ~~~~~~~[0m[39m[22m
[1m[31m[39m[22m
[1m[31m[39m[22m
[1m[31m[0m[91mError: [39m[31m[0m[96mlibs/node-tests/src/lib/services/service.service.ts[0m:[93m25[0m:[93m5[0m - [91merror[0m[90m TS7008: [0mMember 'console' implicitly has an 'any' type.[39m[22m
[1m[31m[39m[22m
[1m[31m[7m25[0m     console.log(httpOptions);[39m[22m
[1m[31m[7m  [0m [91m    ~~~~~~~[0m[39m[22m
[1m[31m[39m[22m
[1m[31m[39m[22m
[1m[31m[0m[91mError: [39m[31m[0m[96mlibs/node-tests/src/lib/services/service.service.ts[0m:[93m25[0m:[93m12[0m - [91merror[0m[90m TS1068: [0mUnexpected token. A constructor, method, accessor, or property was expected.[39m[22m
[1m[31m[39m[22m
[1m[31m[7m25[0m     console.log(httpOptions);[39m[22m
[1m[31m[7m  [0m [91m           ~[0m[39m[22m
[1m[31m[39m[22m
[1m[31m[39m[22m
[1m[31m[0m[91mError: [39m[31m[0m[96mlibs/node-tests/src/lib/services/service.service.ts[0m:[93m25[0m:[93m13[0m - [91merror[0m[90m TS2391: [0mFunction implementation is missing or not immediately following the declaration.[39m[22m
[1m[31m[39m[22m
[1m[31m[7m25[0m     console.log(httpOptions);[39m[22m
[1m[31m[7m  [0m [91m            ~~~[0m[39m[22m
[1m[31m[39m[22m
[1m[31m[39m[22m
[1m[31m[0m[91mError: [39m[31m[0m[96mlibs/node-tests/src/lib/services/service.service.ts[0m:[93m25[0m:[93m13[0m - [91merror[0m[90m TS7010: [0m'log', which lacks return-type annotation, implicitly has an 'any' return type.[39m[22m
[1m[31m[39m[22m
[1m[31m[7m25[0m     console.log(httpOptions);[39m[22m
[1m[31m[7m  [0m [91m            ~~~[0m[39m[22m
[1m[31m[39m[22m
[1m[31m[39m[22m
[1m[31m[0m[91mError: [39m[31m[0m[96mlibs/node-tests/src/lib/services/service.service.ts[0m:[93m25[0m:[93m17[0m - [91merror[0m[90m TS7006: [0mParameter 'httpOptions' implicitly has an 'any' type.[39m[22m
[1m[31m[39m[22m
[1m[31m[7m25[0m     console.log(httpOptions);[39m[22m
[1m[31m[7m  [0m [91m                ~~~~~~~~~~~[0m[39m[22m
[1m[31m[39m[22m
[1m[31m[39m[22m
[1m[31m[0m[91mError: [39m[31m[0m[96mlibs/node-tests/src/lib/services/service.service.ts[0m:[93m26[0m:[93m5[0m - [91merror[0m[90m TS1068: [0mUnexpected token. A cons[39m[22m[1m[31mtructor, method, accessor, or property was expected.[39m[22m
[1m[31m[39m[22m
[1m[31m[7m26[0m     return this.http.get(domain + path, httpOptions);[39m[22m
[1m[31m[7m  [0m [91m    ~~~~~~[0m[39m[22m
[1m[31m[39m[22m
[1m[31m[39m[22m
[1m[31m[0m[91mError: [39m[31m[0m[96mlibs/node-tests/src/lib/services/service.service.ts[0m:[93m27[0m:[93m3[0m - [91merror[0m[90m TS1128: [0mDeclaration or statement expected.[39m[22m
[1m[31m[39m[22m
[1m[31m[7m27[0m   }[39m[22m
[1m[31m[7m  [0m [91m  ~[0m[39m[22m
[1m[31m[39m[22m
[1m[31m[39m[22m
[1m[31m[0m[91mError: [39m[31m[0m[96mlibs/node-tests/src/lib/services/service.service.ts[0m:[93m28[0m:[93m1[0m - [91merror[0m[90m TS1128: [0mDeclaration or statement expected.[39m[22m
[1m[31m[39m[22m
[1m[31m[7m28[0m }[39m[22m
[1m[31m[7m  [0m [91m~[0m[39m[22m
[1m[31m[39m[22m
[1m[31m[39m[22m
[1m[31m[39m[22m
[37m[39m
[37m[91mâœ–[39m[37m Failed to compile.[39m
[36mâ ‹[39m Generating browser application bundles...[2K[1G[36mâ ™[39m Generating browser application bundles (phase: building)...[2K[1G[32mâœ”[39m Browser application bundle generation complete.
[37m[39m
[37m[0m[1mInitial Chunk Files[22m[2m | [22m[1mNames[22m  [2m | [22m[1mRaw Size[22m[0m[39m
[37m[0m[92mmain.js[39m[37m            [2m | [22mmain   [2m | [22m[96m15.33 kB[39m[37m[2m | [22m[0m[39m
[37m[0m[92mruntime.js[39m[37m         [2m | [22mruntime[2m | [22m [96m6.52 kB[39m[37m[2m | [22m[0m[39m
[37m[0m[0m[39m
[37m[0m3 unchanged chunks[0m[39m
[37m[0m[0m[39m
[37m[0mBuild at: [1m[37m2022-02-21T03:11:55.561Z[39m[37m[22m - Hash: [1m[37mfd2c6da15ed3f73a[39m[37m[22m - Time: [1m[37m138[39m[37m[22mms[0m[39m
[37m[39m
[37m[92mâœ”[39m[37m Compiled successfully.[39m
[36mâ ‹[39m Generating browser application bundles...[2K[1G[36mâ ™[39m Generating browser application bundles (phase: building)...[2K[1G[32mâœ”[39m Browser application bundle generation complete.
[37m[39m
[37m[0m5 unchanged chunks[0m[39m
[37m[0m[0m[39m
[37m[0mBuild at: [1m[37m2022-02-21T03:11:55.689Z[39m[37m[22m - Hash: [1m[37mfd2c6da15ed3f73a[39m[37m[22m - Time: [1m[37m99[39m[37m[22mms[0m[39m
[37m[39m
[37m[92mâœ”[39m[37m Compiled successfully.[39m
[36mâ ‹[39m Generating browser application bundles...[2K[1G[36mâ ™[39m Generating browser application bundles (phase: building)...[2K[1G[36mâ ¹[39m Generating browser application bundles (phase: building)...[2K[1G[36mâ ¸[39m Generating browser application bundles (phase: emitting)...[2K[1G[32mâœ”[39m Browser application bundle generation complete.
[37m[39m
[37m[0m[1mInitial Chunk Files[22m[2m | [22m[1mNames[22m  [2m | [22m[1mRaw Size[22m[0m[39m
[37m[0m[92mmain.js[39m[37m            [2m | [22mmain   [2m | [22m[96m15.65 kB[39m[37m[2m | [22m[0m[39m
[37m[0m[92mruntime.js[39m[37m         [2m | [22mruntime[2m | [22m [96m6.52 kB[39m[37m[2m | [22m[0m[39m
[37m[0m[0m[39m
[37m[0m3 unchanged chunks[0m[39m
[37m[0m[0m[39m
[37m[0mBuild at: [1m[37m2022-02-21T03:17:39.665Z[39m[37m[22m - Hash: [1m[37m3418a5e49a236cfc[39m[37m[22m - Time: [1m[37m384[39m[37m[22mms[0m[39m
[37m[39m
[37m[92mâœ”[39m[37m Compiled successfully.[39m
[36mâ ‹[39m Generating browser application bundles...[2K[1G[36mâ ™[39m Generating browser application bundles (phase: building)...[2K[1G[36mâ ¹[39m Generating browser application bundles (phase: sealing)...[2K[1G[32mâœ”[39m Browser application bundle generation complete.
[37m[39m
[37m[0m5 unchanged chunks[0m[39m
[37m[0m[0m[39m
[37m[0mBuild at: [1m[37m2022-02-21T03:17:39.944Z[39m[37m[22m - Hash: [1m[37m3418a5e49a236cfc[39m[37m[22m - Time: [1m[37m241[39m[37m[22mms[0m[39m
[37m[39m
[37m[92mâœ”[39m[37m Compiled successfully.[39m
[36mâ ‹[39m Generating browser application bundles...[2K[1G[36mâ ™[39m Generating browser application bundles (phase: building)...[2K[1G[36mâ ¹[39m Generating browser application bundles (phase: building)...[2K[1G[32mâœ”[39m Browser application bundle generation complete.
[37m[39m
[37m[0m[1mInitial Chunk Files[22m[2m | [22m[1mNames[22m  [2m | [22m[1mRaw Size[22m[0m[39m
[37m[0m[92mmain.js[39m[37m            [2m | [22mmain   [2m | [22m[96m15.65 kB[39m[37m[2m | [22m[0m[39m
[37m[0m[92mruntime.js[39m[37m         [2m | [22mruntime[2m | [22m [96m6.52 kB[39m[37m[2m | [22m[0m[39m
[37m[0m[0m[39m
[37m[0m3 unchanged chunks[0m[39m
[37m[0m[0m[39m
[37m[0mBuild at: [1m[37m2022-02-21T03:18:14.718Z[39m[37m[22m - Hash: [1m[37mb1b9cb02a4860555[39m[37m[22m - Time: [1m[37m270[39m[37m[22mms[0m[39m
[37m[39m
[37m[92mâœ”[39m[37m Compiled successfully.[39m
[36mâ ‹[39m Generating browser application bundles...[2K[1G[36mâ ™[39m Generating browser application bundles (phase: building)...[2K[1G[36mâ ¹[39m Generating browser application bundles (phase: building)...[2K[1G[32mâœ”[39m Browser application bundle generation complete.
[37m[39m
[37m[0m5 unchanged chunks[0m[39m
[37m[0m[0m[39m
[37m[0mBuild at: [1m[37m2022-02-21T03:18:15.015Z[39m[37m[22m - Hash: [1m[37mb1b9cb02a4860555[39m[37m[22m - Time: [1m[37m259[39m[37m[22mms[0m[39m
[37m[39m
[37m[92mâœ”[39m[37m Compiled successfully.[39m
[36mâ ‹[39m Generating browser application bundles...[2K[1G[36mâ ™[39m Generating browser application bundles (phase: building)...[2K[1G[36mâ ¹[39m Generating browser application bundles (phase: building)...[2K[1G[36mâ ¸[39m Generating browser application bundles (phase: sealing)...[2K[1G[36mâ ¼[39m Generating browser application bundles (phase: emitting)...[2K[1G[32mâœ”[39m Browser application bundle generation complete.
[37m[39m
[37m[0m[1mInitial Chunk Files[22m[2m | [22m[1mNames[22m  [2m | [22m[1mRaw Size[22m[0m[39m
[37m[0m[92mmain.js[39m[37m            [2m | [22mmain   [2m | [22m[96m15.66 kB[39m[37m[2m | [22m[0m[39m
[37m[0m[92mruntime.js[39m[37m         [2m | [22mruntime[2m | [22m [96m6.52 kB[39m[37m[2m | [22m[0m[39m
[37m[0m[0m[39m
[37m[0m3 unchanged chunks[0m[39m
[37m[0m[0m[39m
[37m[0mBuild at: [1m[37m2022-02-21T03:21:31.304Z[39m[37m[22m - Hash: [1m[37m87409e6ded1cda76[39m[37m[22m - Time: [1m[37m490[39m[37m[22mms[0m[39m
[37m[39m
[37m[92mâœ”[39m[37m Compiled successfully.[39m
[36mâ ‹[39m Generating browser application bundles...[2K[1G[36mâ ™[39m Generating browser application bundles (phase: building)...[2K[1G[36mâ ¹[39m Generating browser application bundles (phase: building)...[2K[1G[32mâœ”[39m Browser application bundle generation complete.
[37m[39m
[37m[0m5 unchanged chunks[0m[39m
[37m[0m[0m[39m
[37m[0mBuild at: [1m[37m2022-02-21T03:21:31.723Z[39m[37m[22m - Hash: [1m[37m87409e6ded1cda76[39m[37m[22m - Time: [1m[37m316[39m[37m[22mms[0m[39m
[37m[39m
[37m[92mâœ”[39m[37m Compiled successfully.[39m
